<?xml version="1.0" encoding="UTF-8"?>
<testsuite xmlns:xsi="http://www.w3.org/2001/XMLSchema-instance" xsi:noNamespaceSchemaLocation="https://maven.apache.org/surefire/maven-surefire-plugin/xsd/surefire-test-report-3.0.xsd" version="3.0" name="com.example.shopservice.controller.OrderAndOrderItemControllerIT" time="3.637" tests="1" errors="1" skipped="0" failures="0">
  <properties>
[...]
</properties>
  <testcase name="createOrderWithItemsAndGetItems" classname="com.example.shopservice.controller.OrderAndOrderItemControllerIT" time="0.867">
    <error message="Internal Server Error" type="io.micronaut.http.client.exceptions.HttpClientResponseException"><![CDATA[io.micronaut.http.client.exceptions.HttpClientResponseException: Internal Server Error
	at io.micronaut.http.client.netty.DefaultHttpClient$FullHttpResponseHandler.makeErrorFromRequestBody(DefaultHttpClient.java:2251)
	at io.micronaut.http.client.netty.DefaultHttpClient$FullHttpResponseHandler.forwardResponseToPromise(DefaultHttpClient.java:2202)
	at io.micronaut.http.client.netty.DefaultHttpClient$FullHttpResponseHandler.channelReadInstrumented(DefaultHttpClient.java:2171)
	at io.micronaut.http.client.netty.DefaultHttpClient$FullHttpResponseHandler.channelReadInstrumented(DefaultHttpClient.java:2139)
	at io.micronaut.http.client.netty.SimpleChannelInboundHandlerInstrumented.channelRead0(SimpleChannelInboundHandlerInstrumented.java:46)
	at io.netty.channel.SimpleChannelInboundHandler.channelRead(SimpleChannelInboundHandler.java:99)
	at io.netty.channel.AbstractChannelHandlerContext.invokeChannelRead(AbstractChannelHandlerContext.java:444)
	at io.netty.channel.AbstractChannelHandlerContext.invokeChannelRead(AbstractChannelHandlerContext.java:420)
	at io.netty.channel.AbstractChannelHandlerContext.fireChannelRead(AbstractChannelHandlerContext.java:412)
	at io.netty.handler.codec.MessageToMessageDecoder.channelRead(MessageToMessageDecoder.java:103)
	at io.netty.channel.AbstractChannelHandlerContext.invokeChannelRead(AbstractChannelHandlerContext.java:444)
	at io.netty.channel.AbstractChannelHandlerContext.invokeChannelRead(AbstractChannelHandlerContext.java:420)
	at io.netty.channel.AbstractChannelHandlerContext.fireChannelRead(AbstractChannelHandlerContext.java:412)
	at io.netty.handler.codec.MessageToMessageDecoder.channelRead(MessageToMessageDecoder.java:103)
	at io.netty.channel.AbstractChannelHandlerContext.invokeChannelRead(AbstractChannelHandlerContext.java:444)
	at io.netty.channel.AbstractChannelHandlerContext.invokeChannelRead(AbstractChannelHandlerContext.java:420)
	at io.netty.channel.AbstractChannelHandlerContext.fireChannelRead(AbstractChannelHandlerContext.java:412)
	at io.netty.channel.CombinedChannelDuplexHandler$DelegatingChannelHandlerContext.fireChannelRead(CombinedChannelDuplexHandler.java:436)
	at io.netty.handler.codec.ByteToMessageDecoder.fireChannelRead(ByteToMessageDecoder.java:346)
	at io.netty.handler.codec.ByteToMessageDecoder.channelRead(ByteToMessageDecoder.java:318)
	at io.netty.channel.CombinedChannelDuplexHandler.channelRead(CombinedChannelDuplexHandler.java:251)
	at io.netty.channel.AbstractChannelHandlerContext.invokeChannelRead(AbstractChannelHandlerContext.java:442)
	at io.netty.channel.AbstractChannelHandlerContext.invokeChannelRead(AbstractChannelHandlerContext.java:420)
	at io.netty.channel.AbstractChannelHandlerContext.fireChannelRead(AbstractChannelHandlerContext.java:412)
	at io.netty.channel.ChannelInboundHandlerAdapter.channelRead(ChannelInboundHandlerAdapter.java:93)
	at io.micronaut.http.client.netty.ResettableReadTimeoutHandler$NextInterceptor.channelRead(ResettableReadTimeoutHandler.java:92)
	at io.netty.channel.AbstractChannelHandlerContext.invokeChannelRead(AbstractChannelHandlerContext.java:444)
	at io.netty.channel.AbstractChannelHandlerContext.invokeChannelRead(AbstractChannelHandlerContext.java:420)
	at io.netty.channel.AbstractChannelHandlerContext.fireChannelRead(AbstractChannelHandlerContext.java:412)
	at io.netty.handler.timeout.IdleStateHandler.channelRead(IdleStateHandler.java:286)
	at io.micronaut.http.client.netty.ResettableReadTimeoutHandler.channelRead(ResettableReadTimeoutHandler.java:64)
	at io.netty.channel.AbstractChannelHandlerContext.invokeChannelRead(AbstractChannelHandlerContext.java:442)
	at io.netty.channel.AbstractChannelHandlerContext.invokeChannelRead(AbstractChannelHandlerContext.java:420)
	at io.netty.channel.AbstractChannelHandlerContext.fireChannelRead(AbstractChannelHandlerContext.java:412)
	at io.netty.channel.DefaultChannelPipeline$HeadContext.channelRead(DefaultChannelPipeline.java:1410)
	at io.netty.channel.AbstractChannelHandlerContext.invokeChannelRead(AbstractChannelHandlerContext.java:440)
	at io.netty.channel.AbstractChannelHandlerContext.invokeChannelRead(AbstractChannelHandlerContext.java:420)
	at io.netty.channel.DefaultChannelPipeline.fireChannelRead(DefaultChannelPipeline.java:919)
	at io.netty.channel.nio.AbstractNioByteChannel$NioByteUnsafe.read(AbstractNioByteChannel.java:166)
	at io.netty.channel.nio.NioEventLoop.processSelectedKey(NioEventLoop.java:788)
	at io.netty.channel.nio.NioEventLoop.processSelectedKeysOptimized(NioEventLoop.java:724)
	at io.netty.channel.nio.NioEventLoop.processSelectedKeys(NioEventLoop.java:650)
	at io.netty.channel.nio.NioEventLoop.run(NioEventLoop.java:562)
	at io.netty.util.concurrent.SingleThreadEventExecutor$4.run(SingleThreadEventExecutor.java:997)
	at io.netty.util.internal.ThreadExecutorMap$2.run(ThreadExecutorMap.java:74)
	at io.netty.util.concurrent.FastThreadLocalRunnable.run(FastThreadLocalRunnable.java:30)
	at java.base/java.lang.Thread.run(Thread.java:840)
	Suppressed: java.lang.Exception: #block terminated with an error
		at reactor.core.publisher.BlockingSingleSubscriber.blockingGet(BlockingSingleSubscriber.java:103)
		at reactor.core.publisher.Flux.blockFirst(Flux.java:2704)
		at io.micronaut.http.client.netty.DefaultHttpClient$1.exchange(DefaultHttpClient.java:570)
		at io.micronaut.http.client.BlockingHttpClient.exchange(BlockingHttpClient.java:77)
		at io.micronaut.http.client.BlockingHttpClient.exchange(BlockingHttpClient.java:106)
		at com.example.shopservice.controller.OrderAndOrderItemControllerIT.createOrderWithItemsAndGetItems(OrderAndOrderItemControllerIT.java:99)
		at java.base/java.lang.reflect.Method.invoke(Method.java:569)
		at io.micronaut.test.extensions.junit5.MicronautJunit5Extension$2.proceed(MicronautJunit5Extension.java:142)
		at io.micronaut.test.extensions.AbstractMicronautExtension.interceptEach(AbstractMicronautExtension.java:157)
		at io.micronaut.test.extensions.AbstractMicronautExtension$3.proceed(AbstractMicronautExtension.java:169)
		at io.micronaut.test.context.TestMethodInterceptor.interceptTest(TestMethodInterceptor.java:46)
		at io.micronaut.transaction.test.DefaultTestTransactionExecutionListener.lambda$interceptTest$0(DefaultTestTransactionExecutionListener.java:93)
		at io.micronaut.transaction.support.AbstractPropagatedStatusTransactionOperations.lambda$execute$2(AbstractPropagatedStatusTransactionOperations.java:68)
		at io.micronaut.transaction.TransactionCallback.apply(TransactionCallback.java:37)
		at io.micronaut.transaction.support.AbstractTransactionOperations.executeTransactional(AbstractTransactionOperations.java:333)
		at io.micronaut.transaction.support.AbstractTransactionOperations.executeWithNewTransaction(AbstractTransactionOperations.java:318)
		at io.micronaut.transaction.support.AbstractTransactionOperations.executeNew(AbstractTransactionOperations.java:235)
		at io.micronaut.transaction.support.AbstractTransactionOperations.doExecute(AbstractTransactionOperations.java:137)
		at io.micronaut.transaction.support.AbstractTransactionOperations.lambda$doExecute$0(AbstractTransactionOperations.java:122)
		at io.micronaut.data.connection.support.AbstractConnectionOperations.executeWithNewConnection(AbstractConnectionOperations.java:143)
		at io.micronaut.data.connection.support.AbstractConnectionOperations.execute(AbstractConnectionOperations.java:90)
		at io.micronaut.transaction.support.AbstractTransactionOperations.doExecute(AbstractTransactionOperations.java:120)
		at io.micronaut.transaction.support.AbstractPropagatedStatusTransactionOperations.execute(AbstractPropagatedStatusTransactionOperations.java:65)
		at io.micronaut.transaction.test.DefaultTestTransactionExecutionListener.interceptTest(DefaultTestTransactionExecutionListener.java:91)
		at io.micronaut.test.extensions.AbstractMicronautExtension.interceptEach(AbstractMicronautExtension.java:161)
		at io.micronaut.test.extensions.AbstractMicronautExtension.interceptTest(AbstractMicronautExtension.java:114)
		at io.micronaut.test.extensions.junit5.MicronautJunit5Extension.interceptTestMethod(MicronautJunit5Extension.java:129)
		at java.base/java.util.ArrayList.forEach(ArrayList.java:1511)
		at java.base/java.util.ArrayList.forEach(ArrayList.java:1511)
]]></error>
    <system-out><![CDATA[07:28:40.703 [main] DEBUG io.micronaut.context.DefaultApplicationContext$RuntimeConfiguredEnvironment -- Environment deduction is using the default of: true
07:28:40.709 [main] INFO io.micronaut.context.DefaultApplicationContext$RuntimeConfiguredEnvironment -- Established active environments: [test]
07:28:40.709 [main] DEBUG io.micronaut.context.DefaultApplicationContext$RuntimeConfiguredEnvironment -- Starting environment io.micronaut.context.DefaultApplicationContext$RuntimeConfiguredEnvironment@1f9e9475 for active names [test]
07:28:40.712 [main] DEBUG io.micronaut.context.DefaultApplicationContext$RuntimeConfiguredEnvironment -- Reading property sources from loader: io.micronaut.context.env.PropertiesPropertySourceLoader@2d0399f4
07:28:40.715 [main] DEBUG io.micronaut.context.env.PropertiesPropertySourceLoader -- Found PropertySource for file name: application.properties
07:28:40.718 [main] DEBUG io.micronaut.context.env.PropertiesPropertySourceLoader -- No PropertySource found for file name: application-test.properties
07:28:40.718 [main] DEBUG io.micronaut.context.DefaultApplicationContext$RuntimeConfiguredEnvironment -- Reading property sources from loader: io.micronaut.context.env.yaml.YamlPropertySourceLoader@45385f75
07:28:40.719 [main] DEBUG io.micronaut.context.DefaultApplicationContext$RuntimeConfiguredEnvironment -- Reading property sources from loader: io.micronaut.jackson.core.env.CloudFoundryVcapApplicationPropertySourceLoader@49c90a9c
07:28:40.719 [main] DEBUG io.micronaut.jackson.core.env.CloudFoundryVcapApplicationPropertySourceLoader -- No PropertySource found for file name: application.VCAP_APPLICATION
07:28:40.719 [main] DEBUG io.micronaut.jackson.core.env.CloudFoundryVcapApplicationPropertySourceLoader -- No PropertySource found for file name: application-test.VCAP_APPLICATION
07:28:40.719 [main] DEBUG io.micronaut.context.DefaultApplicationContext$RuntimeConfiguredEnvironment -- Reading property sources from loader: io.micronaut.jackson.core.env.JsonPropertySourceLoader@2d29b4ee
07:28:40.719 [main] DEBUG io.micronaut.jackson.core.env.JsonPropertySourceLoader -- No PropertySource found for file name: application.json
07:28:40.720 [main] DEBUG io.micronaut.jackson.core.env.JsonPropertySourceLoader -- No PropertySource found for file name: application-test.json
07:28:40.720 [main] DEBUG io.micronaut.context.DefaultApplicationContext$RuntimeConfiguredEnvironment -- Reading property sources from loader: io.micronaut.jackson.core.env.EnvJsonPropertySourceLoader@69ee81fc
07:28:40.720 [main] DEBUG io.micronaut.jackson.core.env.EnvJsonPropertySourceLoader -- No PropertySource found for file name: application.json
07:28:40.720 [main] DEBUG io.micronaut.jackson.core.env.EnvJsonPropertySourceLoader -- No PropertySource found for file name: application-test.json
07:28:40.720 [main] DEBUG io.micronaut.context.DefaultApplicationContext$RuntimeConfiguredEnvironment -- Reading property sources from loader: io.micronaut.jackson.core.env.CloudFoundryVcapServicesPropertySourceLoader@6e2aa843
07:28:40.720 [main] DEBUG io.micronaut.jackson.core.env.CloudFoundryVcapServicesPropertySourceLoader -- No PropertySource found for file name: application.VCAP_SERVICES
07:28:40.721 [main] DEBUG io.micronaut.jackson.core.env.CloudFoundryVcapServicesPropertySourceLoader -- No PropertySource found for file name: application-test.VCAP_SERVICES
07:28:40.722 [main] DEBUG io.micronaut.context.DefaultApplicationContext$RuntimeConfiguredEnvironment -- Processing property source: application
07:28:40.723 [main] DEBUG io.micronaut.context.DefaultApplicationContext$RuntimeConfiguredEnvironment -- Processing property source: env
07:28:40.731 [main] DEBUG io.micronaut.context.DefaultApplicationContext$RuntimeConfiguredEnvironment -- Processing property source: system
07:28:40.733 [main] DEBUG io.micronaut.context.DefaultApplicationContext$RuntimeConfiguredEnvironment -- Processing property source: test-properties
07:28:40.742 [main] DEBUG io.micronaut.context.DefaultBeanContext -- Finding candidate beans for type: DefaultEnvironment
07:28:40.742 [main] DEBUG io.micronaut.context.DefaultBeanContext -- No bean candidates found for type: DefaultEnvironment
07:28:40.744 [main] DEBUG io.micronaut.context.DefaultBeanContext -- Starting BeanContext
07:28:40.754 [main] DEBUG io.micronaut.context.DefaultBeanContext -- Finding candidate beans for type: HttpClientRegistry
07:28:40.761 [main] DEBUG io.micronaut.context.DefaultBeanContext --   class io.micronaut.http.client.netty.DefaultNettyHttpClientRegistry null Definition: io.micronaut.http.client.netty.DefaultNettyHttpClientRegistry
07:28:40.764 [main] DEBUG io.micronaut.context.DefaultBeanContext -- Finding candidate beans for type: BeanCreatedEventListener
07:28:40.765 [main] DEBUG io.micronaut.context.condition.Condition -- Bean [io.micronaut.web.router.version.$VersionAwareRouterListener$Definition] will not be loaded due to failing conditions:
07:28:40.766 [main] DEBUG io.micronaut.context.condition.Condition -- * Required property [micronaut.router.versioning.enabled] with value [true] not present
07:28:40.768 [main] DEBUG io.micronaut.context.condition.Condition -- Bean [io.micronaut.configuration.hibernate.jpa.metrics.$HibernateMetricsBinder$Definition] will not be loaded due to failing conditions:
07:28:40.768 [main] DEBUG io.micronaut.context.condition.Condition -- * Class [org.hibernate.stat.HibernateMetrics] is not present
07:28:40.768 [main] DEBUG io.micronaut.context.DefaultBeanContext --   class io.micronaut.context.propagation.instrument.execution.ExecutorServiceInstrumenter null Definition: io.micronaut.context.propagation.instrument.execution.ExecutorServiceInstrumenter
07:28:40.768 [main] DEBUG io.micronaut.context.DefaultBeanContext --   class io.micronaut.data.hibernate.naming.PhysicalNamingStrategyConfiguration null Definition: io.micronaut.data.hibernate.naming.PhysicalNamingStrategyConfiguration
07:28:40.768 [main] DEBUG io.micronaut.context.DefaultBeanContext --   class io.micronaut.data.connection.jdbc.advice.ContextualAwareDataSource null Definition: io.micronaut.data.connection.jdbc.advice.ContextualAwareDataSource
07:28:40.769 [main] DEBUG io.micronaut.context.DefaultBeanContext -- Finding candidate beans for type: BeanInitializedEventListener
07:28:40.769 [main] DEBUG io.micronaut.context.DefaultBeanContext -- No bean candidates found for type: BeanInitializedEventListener
07:28:40.769 [main] DEBUG io.micronaut.context.DefaultBeanContext -- Resolving beans for type: io.micronaut.core.convert.TypeConverter
07:28:40.769 [main] DEBUG io.micronaut.context.DefaultBeanContext -- Finding candidate beans for type: TypeConverter
07:28:40.770 [main] DEBUG io.micronaut.context.DefaultBeanContext --   class io.micronaut.http.server.cors.CorsOriginConverter null Definition: io.micronaut.http.server.cors.CorsOriginConverter
07:28:40.770 [main] DEBUG io.micronaut.context.DefaultBeanContext --   class io.micronaut.http.cookie.SameSiteConverter null Definition: io.micronaut.http.cookie.SameSiteConverter
07:28:40.778 [main] DEBUG io.micronaut.context.lifecycle -- Created bean [io.micronaut.http.server.cors.CorsOriginConverter@6a57ae10] from definition [Definition: io.micronaut.http.server.cors.CorsOriginConverter] with qualifier [null]
07:28:40.779 [main] DEBUG io.micronaut.context.DefaultBeanContext -- Found a registration BeanRegistration: io.micronaut.http.server.cors.CorsOriginConverter@6a57ae10 for candidate: Definition: io.micronaut.http.server.cors.CorsOriginConverter with qualifier: null
07:28:40.779 [main] DEBUG io.micronaut.context.lifecycle -- Created bean [io.micronaut.http.cookie.SameSiteConverter@1863d2fe] from definition [Definition: io.micronaut.http.cookie.SameSiteConverter] with qualifier [null]
07:28:40.780 [main] DEBUG io.micronaut.context.DefaultBeanContext -- Found a registration BeanRegistration: io.micronaut.http.cookie.SameSiteConverter@1863d2fe for candidate: Definition: io.micronaut.http.cookie.SameSiteConverter with qualifier: null
07:28:40.780 [main] DEBUG io.micronaut.context.DefaultBeanContext -- Resolving beans for type: io.micronaut.core.convert.TypeConverterRegistrar
07:28:40.780 [main] DEBUG io.micronaut.context.DefaultBeanContext -- Finding candidate beans for type: TypeConverterRegistrar
07:28:40.781 [main] DEBUG io.micronaut.context.condition.Condition -- Bean [io.micronaut.http.netty.channel.converters.$KQueueChannelOptionFactory$Definition] will not be loaded due to failing conditions:
07:28:40.781 [main] DEBUG io.micronaut.context.condition.Condition -- * Class [io.netty.channel.kqueue.KQueue] is not present
07:28:40.782 [main] DEBUG io.micronaut.context.condition.Condition -- Bean [io.micronaut.reactor.convert.$ReactorToRxJava2ConverterRegistrar$Definition] will not be loaded due to failing conditions:
07:28:40.782 [main] DEBUG io.micronaut.context.condition.Condition -- * Class [io.reactivex.Maybe] is not present
07:28:40.782 [main] DEBUG io.micronaut.context.condition.Condition -- Bean [io.micronaut.reactor.convert.$ReactorToRxJava3ConverterRegistrar$Definition] will not be loaded due to failing conditions:
07:28:40.782 [main] DEBUG io.micronaut.context.condition.Condition -- * Class [io.reactivex.rxjava3.core.Maybe] is not present
07:28:40.783 [main] DEBUG io.micronaut.context.DefaultBeanContext --   class io.micronaut.http.converters.HttpConverterRegistrar null Definition: io.micronaut.http.converters.HttpConverterRegistrar
07:28:40.783 [main] DEBUG io.micronaut.context.DefaultBeanContext --   class io.micronaut.jackson.databind.convert.JacksonConverterRegistrar null Definition: io.micronaut.jackson.databind.convert.JacksonConverterRegistrar
07:28:40.783 [main] DEBUG io.micronaut.context.DefaultBeanContext --   class io.micronaut.json.convert.JsonConverterRegistrar null Definition: io.micronaut.json.convert.JsonConverterRegistrar
07:28:40.783 [main] DEBUG io.micronaut.context.DefaultBeanContext --   class io.micronaut.http.server.netty.converters.NettyConverters null Definition: io.micronaut.http.server.netty.converters.NettyConverters
07:28:40.783 [main] DEBUG io.micronaut.context.DefaultBeanContext --   class io.micronaut.buffer.netty.NettyByteBufferFactory null Definition: io.micronaut.buffer.netty.NettyByteBufferFactory
07:28:40.783 [main] DEBUG io.micronaut.core.reflect.ClassUtils -- Attempting to dynamically load class io.micronaut.context.annotation.Prototype
07:28:40.784 [main] DEBUG io.micronaut.core.reflect.ClassUtils -- Successfully loaded class io.micronaut.context.annotation.Prototype
07:28:40.784 [main] DEBUG io.micronaut.context.DefaultBeanContext -- Finding candidate beans for type: BeanProvider resourceResolver
07:28:40.785 [main] DEBUG io.micronaut.context.DefaultBeanContext --   interface io.micronaut.context.BeanProvider null io.micronaut.inject.provider.BeanProviderDefinition@3525cef9
07:28:40.785 [main] DEBUG io.micronaut.context.DefaultBeanContext -- Found concrete candidate [io.micronaut.inject.provider.BeanProviderDefinition@3525cef9] for type: resourceResolver 
07:28:40.785 [main] DEBUG io.micronaut.context.lifecycle -- Created bean [io.micronaut.inject.provider.BeanProviderDefinition$1@379614be] from definition [io.micronaut.inject.provider.BeanProviderDefinition@3525cef9] with qualifier [null]
07:28:40.786 [main] DEBUG io.micronaut.context.lifecycle -- Created bean [io.micronaut.http.converters.HttpConverterRegistrar@404bbcbd] from definition [Definition: io.micronaut.http.converters.HttpConverterRegistrar] with qualifier [null]
07:28:40.786 [main] DEBUG io.micronaut.context.DefaultBeanContext -- Found a registration BeanRegistration: io.micronaut.http.converters.HttpConverterRegistrar@404bbcbd for candidate: Definition: io.micronaut.http.converters.HttpConverterRegistrar with qualifier: null
07:28:40.786 [main] DEBUG io.micronaut.core.reflect.ClassUtils -- Attempting to dynamically load class io.micronaut.context.annotation.Prototype
07:28:40.786 [main] DEBUG io.micronaut.core.reflect.ClassUtils -- Successfully loaded class io.micronaut.context.annotation.Prototype
07:28:40.786 [main] DEBUG io.micronaut.context.DefaultBeanContext -- Finding candidate beans for type: BeanProvider objectMapper
07:28:40.787 [main] DEBUG io.micronaut.context.DefaultBeanContext --   interface io.micronaut.context.BeanProvider null io.micronaut.inject.provider.BeanProviderDefinition@3525cef9
07:28:40.787 [main] DEBUG io.micronaut.context.DefaultBeanContext -- Found concrete candidate [io.micronaut.inject.provider.BeanProviderDefinition@3525cef9] for type: objectMapper 
07:28:40.787 [main] DEBUG io.micronaut.context.lifecycle -- Created bean [io.micronaut.inject.provider.BeanProviderDefinition$1@6e01f9b0] from definition [io.micronaut.inject.provider.BeanProviderDefinition@3525cef9] with qualifier [null]
07:28:40.787 [main] DEBUG io.micronaut.context.lifecycle -- Created bean [io.micronaut.jackson.databind.convert.JacksonConverterRegistrar@2b9ed6da] from definition [Definition: io.micronaut.jackson.databind.convert.JacksonConverterRegistrar] with qualifier [null]
07:28:40.787 [main] DEBUG io.micronaut.context.DefaultBeanContext -- Found a registration BeanRegistration: io.micronaut.jackson.databind.convert.JacksonConverterRegistrar@2b9ed6da for candidate: Definition: io.micronaut.jackson.databind.convert.JacksonConverterRegistrar with qualifier: null
07:28:40.787 [main] DEBUG io.micronaut.core.reflect.ClassUtils -- Attempting to dynamically load class io.micronaut.context.annotation.Prototype
07:28:40.787 [main] DEBUG io.micronaut.core.reflect.ClassUtils -- Successfully loaded class io.micronaut.context.annotation.Prototype
07:28:40.788 [main] DEBUG io.micronaut.context.DefaultBeanContext -- Finding candidate beans for type: BeanProvider objectCodec
07:28:40.788 [main] DEBUG io.micronaut.context.DefaultBeanContext --   interface io.micronaut.context.BeanProvider null io.micronaut.inject.provider.BeanProviderDefinition@3525cef9
07:28:40.788 [main] DEBUG io.micronaut.context.DefaultBeanContext -- Found concrete candidate [io.micronaut.inject.provider.BeanProviderDefinition@3525cef9] for type: objectCodec 
07:28:40.788 [main] DEBUG io.micronaut.context.lifecycle -- Created bean [io.micronaut.inject.provider.BeanProviderDefinition$1@389c4eb1] from definition [io.micronaut.inject.provider.BeanProviderDefinition@3525cef9] with qualifier [null]
07:28:40.788 [main] DEBUG io.micronaut.context.DefaultBeanContext -- Finding candidate beans for type: BeanProvider beanPropertyBinder
07:28:40.788 [main] DEBUG io.micronaut.context.DefaultBeanContext --   interface io.micronaut.context.BeanProvider null io.micronaut.inject.provider.BeanProviderDefinition@3525cef9
07:28:40.789 [main] DEBUG io.micronaut.context.DefaultBeanContext -- Found concrete candidate [io.micronaut.inject.provider.BeanProviderDefinition@3525cef9] for type: beanPropertyBinder 
07:28:40.789 [main] DEBUG io.micronaut.context.lifecycle -- Created bean [io.micronaut.inject.provider.BeanProviderDefinition$1@34f6515b] from definition [io.micronaut.inject.provider.BeanProviderDefinition@3525cef9] with qualifier [null]
07:28:40.789 [main] DEBUG io.micronaut.context.lifecycle -- Created bean [io.micronaut.json.convert.JsonConverterRegistrar@4b34fff9] from definition [Definition: io.micronaut.json.convert.JsonConverterRegistrar] with qualifier [null]
07:28:40.789 [main] DEBUG io.micronaut.context.DefaultBeanContext -- Found a registration BeanRegistration: io.micronaut.json.convert.JsonConverterRegistrar@4b34fff9 for candidate: Definition: io.micronaut.json.convert.JsonConverterRegistrar with qualifier: null
07:28:40.789 [main] DEBUG io.micronaut.core.reflect.ClassUtils -- Attempting to dynamically load class io.micronaut.context.annotation.Prototype
07:28:40.789 [main] DEBUG io.micronaut.core.reflect.ClassUtils -- Successfully loaded class io.micronaut.context.annotation.Prototype
07:28:40.790 [main] DEBUG io.micronaut.context.DefaultBeanContext -- Finding candidate beans for type: BeanProvider decoderRegistryProvider
07:28:40.790 [main] DEBUG io.micronaut.context.DefaultBeanContext --   interface io.micronaut.context.BeanProvider null io.micronaut.inject.provider.BeanProviderDefinition@3525cef9
07:28:40.790 [main] DEBUG io.micronaut.context.DefaultBeanContext -- Found concrete candidate [io.micronaut.inject.provider.BeanProviderDefinition@3525cef9] for type: decoderRegistryProvider 
07:28:40.790 [main] DEBUG io.micronaut.context.lifecycle -- Created bean [io.micronaut.inject.provider.BeanProviderDefinition$1@57c03d88] from definition [io.micronaut.inject.provider.BeanProviderDefinition@3525cef9] with qualifier [null]
07:28:40.790 [main] DEBUG io.micronaut.context.DefaultBeanContext -- Finding candidate beans for type: BeanProvider channelOptionFactory
07:28:40.790 [main] DEBUG io.micronaut.context.DefaultBeanContext --   interface io.micronaut.context.BeanProvider null io.micronaut.inject.provider.BeanProviderDefinition@3525cef9
07:28:40.790 [main] DEBUG io.micronaut.context.DefaultBeanContext -- Found concrete candidate [io.micronaut.inject.provider.BeanProviderDefinition@3525cef9] for type: channelOptionFactory 
07:28:40.791 [main] DEBUG io.micronaut.context.lifecycle -- Created bean [io.micronaut.inject.provider.BeanProviderDefinition$1@6d7fc27] from definition [io.micronaut.inject.provider.BeanProviderDefinition@3525cef9] with qualifier [null]
07:28:40.791 [main] DEBUG io.micronaut.context.lifecycle -- Created bean [io.micronaut.http.server.netty.converters.NettyConverters@45ac5f9b] from definition [Definition: io.micronaut.http.server.netty.converters.NettyConverters] with qualifier [null]
07:28:40.791 [main] DEBUG io.micronaut.context.DefaultBeanContext -- Found a registration BeanRegistration: io.micronaut.http.server.netty.converters.NettyConverters@45ac5f9b for candidate: Definition: io.micronaut.http.server.netty.converters.NettyConverters with qualifier: null
07:28:40.791 [main] DEBUG io.micronaut.context.lifecycle -- Created bean [io.micronaut.buffer.netty.NettyByteBufferFactory@6c372fe6] from definition [Definition: io.micronaut.buffer.netty.NettyByteBufferFactory] with qualifier [null]
07:28:40.791 [main] DEBUG io.micronaut.context.DefaultBeanContext -- Found a registration BeanRegistration: io.micronaut.buffer.netty.NettyByteBufferFactory@6c372fe6 for candidate: Definition: io.micronaut.buffer.netty.NettyByteBufferFactory with qualifier: null
07:28:40.792 [main] DEBUG io.micronaut.context.DefaultBeanContext -- Found 5 bean registrations for type [typeConverterRegistrar]
07:28:40.792 [main] DEBUG io.micronaut.context.DefaultBeanContext --   Definition: io.micronaut.buffer.netty.NettyByteBufferFactory null
07:28:40.792 [main] DEBUG io.micronaut.context.DefaultBeanContext --   Definition: io.micronaut.http.converters.HttpConverterRegistrar null
07:28:40.792 [main] DEBUG io.micronaut.context.DefaultBeanContext --   Definition: io.micronaut.jackson.databind.convert.JacksonConverterRegistrar null
07:28:40.792 [main] DEBUG io.micronaut.context.DefaultBeanContext --   Definition: io.micronaut.json.convert.JsonConverterRegistrar null
07:28:40.792 [main] DEBUG io.micronaut.context.DefaultBeanContext --   Definition: io.micronaut.http.server.netty.converters.NettyConverters null
07:28:40.800 [main] DEBUG io.micronaut.context.condition.Condition -- Bean [io.micronaut.buffer.netty.$DefaultByteBufAllocatorConfiguration$Definition] will not be loaded due to failing conditions:
07:28:40.800 [main] DEBUG io.micronaut.context.condition.Condition -- * Required property [netty.default.allocator] with value [null] not present
07:28:40.800 [main] DEBUG io.micronaut.context.condition.Condition -- Bean [io.micronaut.logging.$PropertiesLoggingLevelsConfigurer$Definition] will not be loaded due to failing conditions:
07:28:40.800 [main] DEBUG io.micronaut.context.condition.Condition -- * Required property [logger] with value [null] not present
07:28:40.801 [main] DEBUG io.micronaut.context.DefaultBeanContext -- Finding candidate beans for type: SessionFactoryPerDataSourceFactory
07:28:40.802 [main] DEBUG io.micronaut.core.reflect.ClassUtils -- Attempting to dynamically load class org.hibernate.reactive.provider.ReactiveServiceRegistryBuilder
07:28:40.802 [main] DEBUG io.micronaut.core.reflect.ClassUtils -- Class org.hibernate.reactive.provider.ReactiveServiceRegistryBuilder is not present
07:28:40.803 [main] DEBUG io.micronaut.core.reflect.ClassUtils -- Attempting to dynamically load class org.hibernate.reactive.provider.ReactiveServiceRegistryBuilder
07:28:40.803 [main] DEBUG io.micronaut.core.reflect.ClassUtils -- Class org.hibernate.reactive.provider.ReactiveServiceRegistryBuilder is not present
07:28:40.803 [main] DEBUG io.micronaut.context.DefaultBeanContext --   class io.micronaut.configuration.hibernate.jpa.conf.SessionFactoryPerDataSourceFactory null Definition: io.micronaut.configuration.hibernate.jpa.conf.SessionFactoryPerDataSourceFactory
07:28:40.803 [main] DEBUG io.micronaut.context.condition.Condition -- Bean [Definition: io.micronaut.configuration.hibernate.jpa.conf.SessionFactoryPerJpaConfigurationFactory] will not be loaded due to failing conditions:
07:28:40.804 [main] DEBUG io.micronaut.context.condition.Condition -- * Existing bean [io.micronaut.configuration.hibernate.jpa.conf.SessionFactoryPerDataSourceFactory] of type [class io.micronaut.configuration.hibernate.jpa.conf.SessionFactoryPerDataSourceFactory] registered in context
07:28:40.804 [main] DEBUG io.micronaut.core.reflect.ClassUtils -- Attempting to dynamically load class org.hibernate.reactive.provider.ReactiveServiceRegistryBuilder
07:28:40.804 [main] DEBUG io.micronaut.core.reflect.ClassUtils -- Class org.hibernate.reactive.provider.ReactiveServiceRegistryBuilder is not present
07:28:40.804 [main] DEBUG io.micronaut.core.reflect.ClassUtils -- Attempting to dynamically load class org.hibernate.reactive.provider.ReactiveServiceRegistryBuilder
07:28:40.805 [main] DEBUG io.micronaut.core.reflect.ClassUtils -- Class org.hibernate.reactive.provider.ReactiveServiceRegistryBuilder is not present
07:28:40.811 [main] DEBUG io.micronaut.context.condition.Condition -- Bean [io.micronaut.reactor.instrument.$ReactorAutomaticContextPropagation$Definition] will not be loaded due to failing conditions:
07:28:40.811 [main] DEBUG io.micronaut.context.condition.Condition -- * Class [io.micrometer.context.ContextRegistry] is not present
07:28:40.813 [main] DEBUG io.micronaut.context.DefaultBeanContext -- Finding candidate beans for type: SessionFactoryBuilder
07:28:40.813 [main] DEBUG io.micronaut.core.reflect.ClassUtils -- Attempting to dynamically load class org.hibernate.reactive.provider.ReactiveServiceRegistryBuilder
07:28:40.814 [main] DEBUG io.micronaut.core.reflect.ClassUtils -- Class org.hibernate.reactive.provider.ReactiveServiceRegistryBuilder is not present
07:28:40.819 [main] DEBUG io.micronaut.core.reflect.ClassUtils -- Attempting to dynamically load class org.hibernate.reactive.provider.ReactiveServiceRegistryBuilder
07:28:40.820 [main] DEBUG io.micronaut.core.reflect.ClassUtils -- Class org.hibernate.reactive.provider.ReactiveServiceRegistryBuilder is not present
07:28:40.820 [main] DEBUG io.micronaut.context.DefaultBeanContext -- Finding candidate beans for type: Metadata
07:28:40.821 [main] DEBUG io.micronaut.context.DefaultBeanContext -- Finding candidate beans for type: SessionFactoryPerDataSourceFactory
07:28:40.821 [main] DEBUG io.micronaut.context.DefaultBeanContext --   class io.micronaut.configuration.hibernate.jpa.conf.SessionFactoryPerDataSourceFactory null Definition: io.micronaut.configuration.hibernate.jpa.conf.SessionFactoryPerDataSourceFactory
07:28:40.821 [main] DEBUG io.micronaut.context.condition.Condition -- Bean [Definition: io.micronaut.configuration.hibernate.jpa.conf.SessionFactoryPerJpaConfigurationFactory] will not be loaded due to failing conditions:
07:28:40.821 [main] DEBUG io.micronaut.context.condition.Condition -- * Existing bean [io.micronaut.configuration.hibernate.jpa.conf.SessionFactoryPerDataSourceFactory] of type [class io.micronaut.configuration.hibernate.jpa.conf.SessionFactoryPerDataSourceFactory] registered in context
07:28:40.821 [main] DEBUG io.micronaut.core.reflect.ClassUtils -- Attempting to dynamically load class org.hibernate.reactive.provider.ReactiveServiceRegistryBuilder
07:28:40.822 [main] DEBUG io.micronaut.core.reflect.ClassUtils -- Class org.hibernate.reactive.provider.ReactiveServiceRegistryBuilder is not present
07:28:40.822 [main] DEBUG io.micronaut.core.reflect.ClassUtils -- Attempting to dynamically load class org.hibernate.reactive.provider.ReactiveServiceRegistryBuilder
07:28:40.822 [main] DEBUG io.micronaut.core.reflect.ClassUtils -- Class org.hibernate.reactive.provider.ReactiveServiceRegistryBuilder is not present
07:28:40.822 [main] DEBUG io.micronaut.context.DefaultBeanContext -- Finding candidate beans for type: MetadataSources
07:28:40.823 [main] DEBUG io.micronaut.core.reflect.ClassUtils -- Attempting to dynamically load class org.hibernate.reactive.provider.ReactiveServiceRegistryBuilder
07:28:40.823 [main] DEBUG io.micronaut.core.reflect.ClassUtils -- Class org.hibernate.reactive.provider.ReactiveServiceRegistryBuilder is not present
07:28:40.823 [main] DEBUG io.micronaut.core.reflect.ClassUtils -- Attempting to dynamically load class org.hibernate.reactive.provider.ReactiveServiceRegistryBuilder
07:28:40.823 [main] DEBUG io.micronaut.core.reflect.ClassUtils -- Class org.hibernate.reactive.provider.ReactiveServiceRegistryBuilder is not present
07:28:40.824 [main] DEBUG io.micronaut.context.DefaultBeanContext -- Finding candidate beans for type: ServiceRegistry
07:28:40.824 [main] DEBUG io.micronaut.context.DefaultBeanContext -- Finding candidate beans for type: SessionFactoryPerDataSourceFactory
07:28:40.825 [main] DEBUG io.micronaut.context.DefaultBeanContext --   class io.micronaut.configuration.hibernate.jpa.conf.SessionFactoryPerDataSourceFactory null Definition: io.micronaut.configuration.hibernate.jpa.conf.SessionFactoryPerDataSourceFactory
07:28:40.825 [main] DEBUG io.micronaut.context.condition.Condition -- Bean [Definition: io.micronaut.configuration.hibernate.jpa.conf.SessionFactoryPerJpaConfigurationFactory] will not be loaded due to failing conditions:
07:28:40.825 [main] DEBUG io.micronaut.context.condition.Condition -- * Existing bean [io.micronaut.configuration.hibernate.jpa.conf.SessionFactoryPerDataSourceFactory] of type [class io.micronaut.configuration.hibernate.jpa.conf.SessionFactoryPerDataSourceFactory] registered in context
07:28:40.825 [main] DEBUG io.micronaut.core.reflect.ClassUtils -- Attempting to dynamically load class org.hibernate.reactive.provider.ReactiveServiceRegistryBuilder
07:28:40.825 [main] DEBUG io.micronaut.core.reflect.ClassUtils -- Class org.hibernate.reactive.provider.ReactiveServiceRegistryBuilder is not present
07:28:40.826 [main] DEBUG io.micronaut.core.reflect.ClassUtils -- Attempting to dynamically load class org.hibernate.reactive.provider.ReactiveServiceRegistryBuilder
07:28:40.826 [main] DEBUG io.micronaut.core.reflect.ClassUtils -- Class org.hibernate.reactive.provider.ReactiveServiceRegistryBuilder is not present
07:28:40.826 [main] DEBUG io.micronaut.context.DefaultBeanContext -- Finding candidate beans for type: DataSource
07:28:40.826 [main] DEBUG io.micronaut.context.DefaultBeanContext -- Finding candidate beans for type: DatasourceConfiguration
07:28:40.838 [main] DEBUG io.micronaut.context.DefaultBeanContext --   class io.micronaut.configuration.jdbc.hikari.DatasourceConfiguration @Named('default') Definition: io.micronaut.configuration.jdbc.hikari.DatasourceConfiguration
07:28:40.839 [main] DEBUG io.micronaut.context.DefaultBeanContext --   interface javax.sql.DataSource @Named('default') Definition: io.micronaut.configuration.jdbc.hikari.DatasourceFactory
07:28:40.839 [main] DEBUG io.micronaut.core.reflect.ClassUtils -- Attempting to dynamically load class org.hibernate.reactive.provider.ReactiveServiceRegistryBuilder
07:28:40.839 [main] DEBUG io.micronaut.core.reflect.ClassUtils -- Class org.hibernate.reactive.provider.ReactiveServiceRegistryBuilder is not present
07:28:40.839 [main] DEBUG io.micronaut.context.DefaultBeanContext --   interface org.hibernate.service.ServiceRegistry @Named('default') Definition: io.micronaut.configuration.hibernate.jpa.conf.SessionFactoryPerDataSourceFactory
07:28:40.840 [main] DEBUG io.micronaut.core.reflect.ClassUtils -- Attempting to dynamically load class org.hibernate.reactive.provider.ReactiveServiceRegistryBuilder
07:28:40.840 [main] DEBUG io.micronaut.core.reflect.ClassUtils -- Class org.hibernate.reactive.provider.ReactiveServiceRegistryBuilder is not present
07:28:40.840 [main] DEBUG io.micronaut.context.DefaultBeanContext -- Finding candidate beans for type: SessionFactoryPerDataSourceFactory
07:28:40.841 [main] DEBUG io.micronaut.context.DefaultBeanContext --   class io.micronaut.configuration.hibernate.jpa.conf.SessionFactoryPerDataSourceFactory null Definition: io.micronaut.configuration.hibernate.jpa.conf.SessionFactoryPerDataSourceFactory
07:28:40.841 [main] DEBUG io.micronaut.context.condition.Condition -- Bean [Definition: io.micronaut.configuration.hibernate.jpa.conf.SessionFactoryPerJpaConfigurationFactory] will not be loaded due to failing conditions:
07:28:40.841 [main] DEBUG io.micronaut.context.condition.Condition -- * Existing bean [io.micronaut.configuration.hibernate.jpa.conf.SessionFactoryPerDataSourceFactory] of type [class io.micronaut.configuration.hibernate.jpa.conf.SessionFactoryPerDataSourceFactory] registered in context
07:28:40.841 [main] DEBUG io.micronaut.context.DefaultBeanContext --   class org.hibernate.boot.MetadataSources @Named('default') Definition: io.micronaut.configuration.hibernate.jpa.conf.SessionFactoryPerDataSourceFactory
07:28:40.841 [main] DEBUG io.micronaut.core.reflect.ClassUtils -- Attempting to dynamically load class org.hibernate.reactive.provider.ReactiveServiceRegistryBuilder
07:28:40.841 [main] DEBUG io.micronaut.core.reflect.ClassUtils -- Class org.hibernate.reactive.provider.ReactiveServiceRegistryBuilder is not present
07:28:40.841 [main] DEBUG io.micronaut.context.DefaultBeanContext --   interface org.hibernate.boot.Metadata @Named('default') Definition: io.micronaut.configuration.hibernate.jpa.conf.SessionFactoryPerDataSourceFactory
07:28:40.842 [main] DEBUG io.micronaut.core.reflect.ClassUtils -- Attempting to dynamically load class org.hibernate.reactive.provider.ReactiveServiceRegistryBuilder
07:28:40.842 [main] DEBUG io.micronaut.core.reflect.ClassUtils -- Class org.hibernate.reactive.provider.ReactiveServiceRegistryBuilder is not present
07:28:40.842 [main] DEBUG io.micronaut.context.DefaultBeanContext -- Finding candidate beans for type: SessionFactoryPerDataSourceFactory
07:28:40.843 [main] DEBUG io.micronaut.context.DefaultBeanContext --   class io.micronaut.configuration.hibernate.jpa.conf.SessionFactoryPerDataSourceFactory null Definition: io.micronaut.configuration.hibernate.jpa.conf.SessionFactoryPerDataSourceFactory
07:28:40.843 [main] DEBUG io.micronaut.context.condition.Condition -- Bean [Definition: io.micronaut.configuration.hibernate.jpa.conf.SessionFactoryPerJpaConfigurationFactory] will not be loaded due to failing conditions:
07:28:40.843 [main] DEBUG io.micronaut.context.condition.Condition -- * Existing bean [io.micronaut.configuration.hibernate.jpa.conf.SessionFactoryPerDataSourceFactory] of type [class io.micronaut.configuration.hibernate.jpa.conf.SessionFactoryPerDataSourceFactory] registered in context
07:28:40.847 [main] DEBUG io.micronaut.context.DefaultBeanContext --   interface org.hibernate.boot.SessionFactoryBuilder @Named('default') Definition: io.micronaut.configuration.hibernate.jpa.conf.SessionFactoryPerDataSourceFactory
07:28:40.848 [main] DEBUG io.micronaut.core.reflect.ClassUtils -- Attempting to dynamically load class org.hibernate.reactive.provider.ReactiveServiceRegistryBuilder
07:28:40.848 [main] DEBUG io.micronaut.core.reflect.ClassUtils -- Class org.hibernate.reactive.provider.ReactiveServiceRegistryBuilder is not present
07:28:40.849 [main] DEBUG io.micronaut.context.DefaultBeanContext -- Finding candidate beans for type: SessionFactoryPerDataSourceFactory
07:28:40.849 [main] DEBUG io.micronaut.context.DefaultBeanContext --   class io.micronaut.configuration.hibernate.jpa.conf.SessionFactoryPerDataSourceFactory null Definition: io.micronaut.configuration.hibernate.jpa.conf.SessionFactoryPerDataSourceFactory
07:28:40.850 [main] DEBUG io.micronaut.context.DefaultBeanContext -- Found concrete candidate [Definition: io.micronaut.configuration.hibernate.jpa.conf.SessionFactoryPerDataSourceFactory] for type: sessionFactoryPerDataSourceFactory 
07:28:40.852 [main] DEBUG io.micronaut.context.DefaultBeanContext -- Finding candidate beans for type: Environment environment
07:28:40.855 [main] DEBUG io.micronaut.context.DefaultBeanContext --   class io.micronaut.context.env.DefaultEnvironment @Primary io.micronaut.context.DefaultRuntimeBeanDefinition@7b8b43c7
07:28:40.855 [main] DEBUG io.micronaut.context.DefaultBeanContext -- Found concrete candidate [io.micronaut.context.DefaultRuntimeBeanDefinition@7b8b43c7] for type: environment 
07:28:40.855 [main] DEBUG io.micronaut.context.lifecycle -- Created bean [io.micronaut.context.DefaultApplicationContext$RuntimeConfiguredEnvironment@1f9e9475] from definition [io.micronaut.context.DefaultRuntimeBeanDefinition@7b8b43c7] with qualifier [@Primary]
07:28:40.855 [main] DEBUG io.micronaut.context.DefaultBeanContext -- Resolving beans for type: io.micronaut.configuration.hibernate.jpa.conf.sessionfactory.configure.SessionFactoryBuilderConfigurer
07:28:40.855 [main] DEBUG io.micronaut.context.DefaultBeanContext -- Finding candidate beans for type: SessionFactoryBuilderConfigurer E
07:28:40.857 [main] DEBUG io.micronaut.context.DefaultBeanContext -- Finding candidate beans for type: ValidatorFactory
07:28:40.858 [main] DEBUG io.micronaut.context.DefaultBeanContext -- Finding candidate beans for type: ValidatorFactory
07:28:40.858 [main] DEBUG io.micronaut.context.DefaultBeanContext -- No bean candidates found for type: ValidatorFactory
07:28:40.858 [main] DEBUG io.micronaut.context.DefaultBeanContext --   class io.micronaut.validation.validator.DefaultValidatorFactory null Definition: io.micronaut.validation.validator.DefaultValidatorFactory
07:28:40.859 [main] DEBUG io.micronaut.context.DefaultBeanContext --   class io.micronaut.configuration.hibernate.jpa.conf.sessionfactory.configure.internal.ValidatorFactoryConfigurer null Definition: io.micronaut.configuration.hibernate.jpa.conf.sessionfactory.configure.internal.ValidatorFactoryConfigurer
07:28:40.859 [main] DEBUG io.micronaut.core.reflect.ClassUtils -- Attempting to dynamically load class io.micronaut.context.annotation.Prototype
07:28:40.859 [main] DEBUG io.micronaut.core.reflect.ClassUtils -- Successfully loaded class io.micronaut.context.annotation.Prototype
07:28:40.859 [main] DEBUG io.micronaut.context.DefaultBeanContext -- Finding candidate beans for type: ValidatorFactory validatorFactory
07:28:40.859 [main] DEBUG io.micronaut.context.DefaultBeanContext --   class io.micronaut.validation.validator.DefaultValidatorFactory null Definition: io.micronaut.validation.validator.DefaultValidatorFactory
07:28:40.859 [main] DEBUG io.micronaut.context.DefaultBeanContext -- Found concrete candidate [Definition: io.micronaut.validation.validator.DefaultValidatorFactory] for type: validatorFactory 
07:28:40.860 [main] DEBUG io.micronaut.context.DefaultBeanContext -- Finding candidate beans for type: Validator validator
07:28:40.860 [main] DEBUG io.micronaut.context.DefaultBeanContext --   class io.micronaut.validation.validator.DefaultValidator null Definition: io.micronaut.validation.validator.DefaultValidator
07:28:40.860 [main] DEBUG io.micronaut.context.DefaultBeanContext -- Found concrete candidate [Definition: io.micronaut.validation.validator.DefaultValidator] for type: validator 
07:28:40.863 [main] DEBUG io.micronaut.context.DefaultBeanContext -- Finding candidate beans for type: ValidatorConfiguration configuration
07:28:40.864 [main] DEBUG io.micronaut.context.DefaultBeanContext --   class io.micronaut.validation.validator.DefaultValidatorConfiguration null Definition: io.micronaut.validation.validator.DefaultValidatorConfiguration
07:28:40.864 [main] DEBUG io.micronaut.context.DefaultBeanContext -- Found concrete candidate [Definition: io.micronaut.validation.validator.DefaultValidatorConfiguration] for type: configuration 
07:28:40.865 [main] DEBUG io.micronaut.context.DefaultBeanContext -- Finding candidate beans for type: ConstraintValidatorRegistry constraintValidatorRegistry
07:28:40.865 [main] DEBUG io.micronaut.context.DefaultBeanContext --   class io.micronaut.validation.validator.constraints.DefaultConstraintValidators null Definition: io.micronaut.validation.validator.constraints.DefaultConstraintValidators
07:28:40.865 [main] DEBUG io.micronaut.context.DefaultBeanContext -- Found concrete candidate [Definition: io.micronaut.validation.validator.constraints.DefaultConstraintValidators] for type: constraintValidatorRegistry 
07:28:40.939 [main] DEBUG io.micronaut.core.beans.DefaultBeanIntrospector -- Found BeanIntrospection for type: class io.micronaut.validation.validator.constraints.InternalConstraintValidators,
07:28:40.966 [main] DEBUG io.micronaut.context.lifecycle -- Created bean [io.micronaut.validation.validator.constraints.DefaultConstraintValidators@19e4fcac] from definition [Definition: io.micronaut.validation.validator.constraints.DefaultConstraintValidators] with qualifier [null]
07:28:40.966 [main] DEBUG io.micronaut.context.DefaultBeanContext -- Finding candidate beans for type: ValueExtractorRegistry valueExtractorRegistry
07:28:40.967 [main] DEBUG io.micronaut.context.DefaultBeanContext --   class io.micronaut.validation.validator.extractors.DefaultValueExtractors null Definition: io.micronaut.validation.validator.extractors.DefaultValueExtractors
07:28:40.967 [main] DEBUG io.micronaut.context.DefaultBeanContext -- Found concrete candidate [Definition: io.micronaut.validation.validator.extractors.DefaultValueExtractors] for type: valueExtractorRegistry 
07:28:40.969 [main] DEBUG io.micronaut.core.beans.DefaultBeanIntrospector -- Found BeanIntrospection for type: class io.micronaut.validation.validator.extractors.InternalValueExtractors,
07:28:40.971 [main] DEBUG io.micronaut.context.DefaultBeanContext -- Finding candidate beans for type: ValueExtractor
07:28:40.972 [main] DEBUG io.micronaut.context.DefaultBeanContext -- No bean candidates found for type: ValueExtractor
07:28:40.972 [main] DEBUG io.micronaut.context.lifecycle -- Created bean [io.micronaut.validation.validator.extractors.DefaultValueExtractors@19b93fa8] from definition [Definition: io.micronaut.validation.validator.extractors.DefaultValueExtractors] with qualifier [null]
07:28:40.972 [main] DEBUG io.micronaut.context.DefaultBeanContext -- Finding candidate beans for type: ClockProvider clockProvider
07:28:40.972 [main] DEBUG io.micronaut.context.DefaultBeanContext --   class io.micronaut.validation.validator.DefaultClockProvider null Definition: io.micronaut.validation.validator.DefaultClockProvider
07:28:40.972 [main] DEBUG io.micronaut.context.DefaultBeanContext -- Found concrete candidate [Definition: io.micronaut.validation.validator.DefaultClockProvider] for type: clockProvider 
07:28:40.973 [main] DEBUG io.micronaut.context.lifecycle -- Created bean [io.micronaut.validation.validator.DefaultClockProvider@10cf09e8] from definition [Definition: io.micronaut.validation.validator.DefaultClockProvider] with qualifier [null]
07:28:40.973 [main] DEBUG io.micronaut.context.DefaultBeanContext -- Finding candidate beans for type: TraversableResolver traversableResolver
07:28:40.973 [main] DEBUG io.micronaut.context.DefaultBeanContext --   class io.micronaut.configuration.hibernate.jpa.validation.JPATraversableResolver null Definition: io.micronaut.configuration.hibernate.jpa.validation.JPATraversableResolver
07:28:40.974 [main] DEBUG io.micronaut.context.DefaultBeanContext --   class io.micronaut.validation.validator.resolver.CompositeTraversableResolver null Definition: io.micronaut.validation.validator.resolver.CompositeTraversableResolver
07:28:40.974 [main] DEBUG io.micronaut.context.DefaultBeanContext -- Searching for @Primary for type [traversableResolver] from candidates: [Definition: io.micronaut.configuration.hibernate.jpa.validation.JPATraversableResolver, Definition: io.micronaut.validation.validator.resolver.CompositeTraversableResolver] 
07:28:40.974 [main] DEBUG io.micronaut.context.DefaultBeanContext -- Found concrete candidate [Definition: io.micronaut.validation.validator.resolver.CompositeTraversableResolver] for type: traversableResolver 
07:28:40.974 [main] DEBUG io.micronaut.context.DefaultBeanContext -- Resolving beans for type: jakarta.validation.TraversableResolver
07:28:40.974 [main] DEBUG io.micronaut.context.DefaultBeanContext -- Finding candidate beans for type: TraversableResolver E
07:28:40.975 [main] DEBUG io.micronaut.context.DefaultBeanContext --   class io.micronaut.configuration.hibernate.jpa.validation.JPATraversableResolver null Definition: io.micronaut.configuration.hibernate.jpa.validation.JPATraversableResolver
07:28:40.975 [main] DEBUG io.micronaut.context.DefaultBeanContext --   class io.micronaut.validation.validator.resolver.CompositeTraversableResolver null Definition: io.micronaut.validation.validator.resolver.CompositeTraversableResolver
07:28:40.975 [main] DEBUG io.micronaut.context.lifecycle -- Created bean [io.micronaut.configuration.hibernate.jpa.validation.JPATraversableResolver@6ed3f258] from definition [Definition: io.micronaut.configuration.hibernate.jpa.validation.JPATraversableResolver] with qualifier [null]
07:28:40.975 [main] DEBUG io.micronaut.context.DefaultBeanContext -- Found a registration BeanRegistration: io.micronaut.configuration.hibernate.jpa.validation.JPATraversableResolver@6ed3f258 for candidate: Definition: io.micronaut.configuration.hibernate.jpa.validation.JPATraversableResolver with qualifier: null
07:28:40.975 [main] DEBUG io.micronaut.context.lifecycle -- Created bean [io.micronaut.validation.validator.resolver.CompositeTraversableResolver@8ad6665] from definition [Definition: io.micronaut.validation.validator.resolver.CompositeTraversableResolver] with qualifier [null]
07:28:40.975 [main] DEBUG io.micronaut.context.DefaultBeanContext -- Finding candidate beans for type: MessageInterpolator messageInterpolator
07:28:40.976 [main] DEBUG io.micronaut.context.DefaultBeanContext --   class io.micronaut.validation.validator.messages.DefaultMessageInterpolator null Definition: io.micronaut.validation.validator.messages.DefaultMessageInterpolator
07:28:40.976 [main] DEBUG io.micronaut.context.DefaultBeanContext -- Found concrete candidate [Definition: io.micronaut.validation.validator.messages.DefaultMessageInterpolator] for type: messageInterpolator 
07:28:40.976 [main] DEBUG io.micronaut.context.DefaultBeanContext -- Finding candidate beans for type: MessageSource messageSource
07:28:40.977 [main] DEBUG io.micronaut.context.DefaultBeanContext --   class io.micronaut.validation.validator.messages.DefaultMessages null Definition: io.micronaut.validation.validator.messages.DefaultMessages
07:28:40.977 [main] DEBUG io.micronaut.context.DefaultBeanContext --   class io.micronaut.runtime.context.CompositeMessageSource null Definition: io.micronaut.runtime.context.CompositeMessageSource
07:28:40.977 [main] DEBUG io.micronaut.context.DefaultBeanContext -- Searching for @Primary for type [messageSource] from candidates: [Definition: io.micronaut.validation.validator.messages.DefaultMessages, Definition: io.micronaut.runtime.context.CompositeMessageSource] 
07:28:40.977 [main] DEBUG io.micronaut.context.DefaultBeanContext -- Found concrete candidate [Definition: io.micronaut.runtime.context.CompositeMessageSource] for type: messageSource 
07:28:40.977 [main] DEBUG io.micronaut.context.DefaultBeanContext -- Resolving beans for type: io.micronaut.context.MessageSource
07:28:40.978 [main] DEBUG io.micronaut.context.DefaultBeanContext -- Finding candidate beans for type: MessageSource E
07:28:40.978 [main] DEBUG io.micronaut.context.DefaultBeanContext --   class io.micronaut.validation.validator.messages.DefaultMessages null Definition: io.micronaut.validation.validator.messages.DefaultMessages
07:28:40.978 [main] DEBUG io.micronaut.context.DefaultBeanContext --   class io.micronaut.runtime.context.CompositeMessageSource null Definition: io.micronaut.runtime.context.CompositeMessageSource
07:28:40.978 [main] DEBUG io.micronaut.core.reflect.ClassUtils -- Attempting to dynamically load class io.micronaut.context.annotation.Prototype
07:28:40.978 [main] DEBUG io.micronaut.core.reflect.ClassUtils -- Successfully loaded class io.micronaut.context.annotation.Prototype
07:28:40.979 [main] DEBUG io.micronaut.context.lifecycle -- Created bean [io.micronaut.validation.validator.messages.DefaultMessages@386f0da3] from definition [Definition: io.micronaut.validation.validator.messages.DefaultMessages] with qualifier [null]
07:28:40.979 [main] DEBUG io.micronaut.context.DefaultBeanContext -- Found a registration BeanRegistration: io.micronaut.validation.validator.messages.DefaultMessages@386f0da3 for candidate: Definition: io.micronaut.validation.validator.messages.DefaultMessages with qualifier: null
07:28:40.979 [main] DEBUG io.micronaut.context.DefaultBeanContext -- Found 1 bean registrations for type [E]
07:28:40.979 [main] DEBUG io.micronaut.context.DefaultBeanContext --   Definition: io.micronaut.validation.validator.messages.DefaultMessages null
07:28:40.979 [main] DEBUG io.micronaut.context.lifecycle -- Created bean [io.micronaut.runtime.context.CompositeMessageSource@39655d3e] from definition [Definition: io.micronaut.runtime.context.CompositeMessageSource] with qualifier [null]
07:28:40.979 [main] DEBUG io.micronaut.context.lifecycle -- Created bean [io.micronaut.validation.validator.messages.DefaultMessageInterpolator@34f22f9d] from definition [Definition: io.micronaut.validation.validator.messages.DefaultMessageInterpolator] with qualifier [null]
07:28:40.980 [main] DEBUG io.micronaut.context.lifecycle -- Created bean [io.micronaut.validation.validator.DefaultValidatorConfiguration@4b6e2263] from definition [Definition: io.micronaut.validation.validator.DefaultValidatorConfiguration] with qualifier [null]
07:28:40.980 [main] DEBUG io.micronaut.context.lifecycle -- Created bean [io.micronaut.validation.validator.DefaultValidator@344f4dea] from definition [Definition: io.micronaut.validation.validator.DefaultValidator] with qualifier [null]
07:28:40.980 [main] DEBUG io.micronaut.context.lifecycle -- Created bean [io.micronaut.validation.validator.DefaultValidatorFactory@1b7c473a] from definition [Definition: io.micronaut.validation.validator.DefaultValidatorFactory] with qualifier [null]
07:28:40.980 [main] DEBUG io.micronaut.context.lifecycle -- Created bean [io.micronaut.configuration.hibernate.jpa.conf.sessionfactory.configure.internal.ValidatorFactoryConfigurer@5e4bd84a] from definition [Definition: io.micronaut.configuration.hibernate.jpa.conf.sessionfactory.configure.internal.ValidatorFactoryConfigurer] with qualifier [null]
07:28:40.980 [main] DEBUG io.micronaut.context.DefaultBeanContext -- Found a registration BeanRegistration: io.micronaut.configuration.hibernate.jpa.conf.sessionfactory.configure.internal.ValidatorFactoryConfigurer@5e4bd84a for candidate: Definition: io.micronaut.configuration.hibernate.jpa.conf.sessionfactory.configure.internal.ValidatorFactoryConfigurer with qualifier: null
07:28:40.980 [main] DEBUG io.micronaut.context.DefaultBeanContext -- Found 1 bean registrations for type [E]
07:28:40.980 [main] DEBUG io.micronaut.context.DefaultBeanContext --   Definition: io.micronaut.configuration.hibernate.jpa.conf.sessionfactory.configure.internal.ValidatorFactoryConfigurer null
07:28:40.980 [main] DEBUG io.micronaut.context.DefaultBeanContext -- Finding candidate beans for type: StandardServiceRegistryBuilderCreator serviceRegistryBuilderSupplier
07:28:40.981 [main] DEBUG io.micronaut.context.DefaultBeanContext -- Finding candidate beans for type: StandardServiceRegistryBuilderCreator
07:28:40.981 [main] DEBUG io.micronaut.context.DefaultBeanContext -- No bean candidates found for type: StandardServiceRegistryBuilderCreator
07:28:40.981 [main] DEBUG io.micronaut.context.DefaultBeanContext --   class io.micronaut.configuration.hibernate.jpa.conf.serviceregistry.builder.supplier.internal.DefaultStandardServiceRegistryBuilderCreatorCreator null Definition: io.micronaut.configuration.hibernate.jpa.conf.serviceregistry.builder.supplier.internal.DefaultStandardServiceRegistryBuilderCreatorCreator
07:28:40.981 [main] DEBUG io.micronaut.context.DefaultBeanContext -- Found concrete candidate [Definition: io.micronaut.configuration.hibernate.jpa.conf.serviceregistry.builder.supplier.internal.DefaultStandardServiceRegistryBuilderCreatorCreator] for type: serviceRegistryBuilderSupplier 
07:28:40.981 [main] DEBUG io.micronaut.core.reflect.ClassUtils -- Attempting to dynamically load class io.micronaut.context.annotation.Prototype
07:28:40.981 [main] DEBUG io.micronaut.core.reflect.ClassUtils -- Successfully loaded class io.micronaut.context.annotation.Prototype
07:28:40.981 [main] DEBUG io.micronaut.context.DefaultBeanContext -- Finding candidate beans for type: Integrator integrator
07:28:40.982 [main] DEBUG io.micronaut.context.DefaultBeanContext --   class io.micronaut.data.hibernate.event.EventIntegrator null Definition: io.micronaut.data.hibernate.event.EventIntegrator
07:28:40.982 [main] DEBUG io.micronaut.context.DefaultBeanContext -- Found concrete candidate [Definition: io.micronaut.data.hibernate.event.EventIntegrator] for type: integrator 
07:28:40.983 [main] DEBUG io.micronaut.context.DefaultBeanContext -- Finding candidate beans for type: RuntimeEntityRegistry entityRegistry
07:28:40.984 [main] DEBUG io.micronaut.context.DefaultBeanContext --   class io.micronaut.data.runtime.support.DefaultRuntimeEntityRegistry null Definition: io.micronaut.data.runtime.support.DefaultRuntimeEntityRegistry
07:28:40.984 [main] DEBUG io.micronaut.context.DefaultBeanContext -- Found concrete candidate [Definition: io.micronaut.data.runtime.support.DefaultRuntimeEntityRegistry] for type: entityRegistry 
07:28:40.986 [main] DEBUG io.micronaut.context.DefaultBeanContext -- Finding candidate beans for type: EntityEventRegistry eventRegistry
07:28:40.987 [main] DEBUG io.micronaut.context.DefaultBeanContext --   class io.micronaut.data.runtime.event.EntityEventRegistry null Definition: io.micronaut.data.runtime.event.EntityEventRegistry
07:28:40.987 [main] DEBUG io.micronaut.context.DefaultBeanContext -- Found concrete candidate [Definition: io.micronaut.data.runtime.event.EntityEventRegistry] for type: eventRegistry 
07:28:40.988 [main] DEBUG io.micronaut.context.DefaultBeanContext -- Finding candidate beans for type: EntityEventListener
07:28:40.989 [main] DEBUG io.micronaut.context.DefaultBeanContext --   class io.micronaut.data.runtime.event.listeners.VersionGeneratingEntityEventListener null Definition: io.micronaut.data.runtime.event.listeners.VersionGeneratingEntityEventListener
07:28:40.989 [main] DEBUG io.micronaut.context.DefaultBeanContext --   class io.micronaut.data.runtime.event.listeners.AnnotatedMethodInvokingEntityEventListener null Definition: io.micronaut.data.runtime.event.listeners.AnnotatedMethodInvokingEntityEventListener
07:28:40.989 [main] DEBUG io.micronaut.context.DefaultBeanContext --   class io.micronaut.data.runtime.event.listeners.AutoTimestampEntityEventListener null Definition: io.micronaut.data.runtime.event.listeners.AutoTimestampEntityEventListener
07:28:40.990 [main] DEBUG io.micronaut.context.DefaultBeanContext --   class io.micronaut.data.runtime.event.EntityEventRegistry null Definition: io.micronaut.data.runtime.event.EntityEventRegistry
07:28:40.990 [main] DEBUG io.micronaut.context.DefaultBeanContext --   class io.micronaut.data.runtime.event.listeners.UUIDGeneratingEntityEventListener null Definition: io.micronaut.data.runtime.event.listeners.UUIDGeneratingEntityEventListener
07:28:40.991 [main] DEBUG io.micronaut.context.DefaultBeanContext -- Finding candidate beans for qualifier: @EntityEventMapping
07:28:40.991 [main] DEBUG io.micronaut.context.condition.Condition -- Bean [io.micronaut.http.server.netty.jackson.$JsonViewServerFilter$Definition] will not be loaded due to failing conditions:
07:28:40.991 [main] DEBUG io.micronaut.context.condition.Condition -- * Required property [jackson.json-view.enabled] with value [null] not present
07:28:40.992 [main] DEBUG io.micronaut.context.condition.Condition -- Bean [io.micronaut.http.server.netty.jackson.$JsonViewMediaTypeCodecFactory$Definition] will not be loaded due to failing conditions:
07:28:40.992 [main] DEBUG io.micronaut.context.condition.Condition -- * Required property [jackson.json-view.enabled] with value [null] not present
07:28:40.992 [main] DEBUG io.micronaut.context.condition.Condition -- Bean [io.micronaut.http.server.util.locale.$HttpFixedLocaleResolver$Definition] will not be loaded due to failing conditions:
07:28:40.992 [main] DEBUG io.micronaut.context.condition.Condition -- * Required property [micronaut.server.locale-resolution.fixed] with value [null] not present
07:28:40.992 [main] DEBUG io.micronaut.context.condition.Condition -- Bean [io.micronaut.http.server.$CoroutineHelper$Definition] will not be loaded due to failing conditions:
07:28:40.992 [main] DEBUG io.micronaut.context.condition.Condition -- * Class [kotlin.coroutines.CoroutineContext] is not present
07:28:40.995 [main] DEBUG io.micronaut.context.condition.Condition -- Bean [io.micronaut.http.server.$OptionsFilter$Definition] will not be loaded due to failing conditions:
07:28:40.995 [main] DEBUG io.micronaut.context.condition.Condition -- * Property [micronaut.server.dispatch-options-requests] with value [false] does not equal required value: true
07:28:40.995 [main] DEBUG io.micronaut.context.condition.Condition -- Bean [io.micronaut.http.server.util.locale.$CookieLocaleResolver$Definition] will not be loaded due to failing conditions:
07:28:40.995 [main] DEBUG io.micronaut.context.condition.Condition -- * Required property [micronaut.server.locale-resolution.cookie-name] with value [null] not present
07:28:40.995 [main] DEBUG io.micronaut.context.condition.Condition -- Bean [io.micronaut.http.ssl.$ServerSslConfiguration$DefaultKeyStoreConfiguration$Definition] will not be loaded due to failing conditions:
07:28:40.995 [main] DEBUG io.micronaut.context.condition.Condition -- * Required property [micronaut.server.ssl.key-store] with value [null] not present
07:28:40.996 [main] DEBUG io.micronaut.context.condition.Condition -- Bean [io.micronaut.http.body.$ConversionTextPlainHandler$Definition] will not be loaded due to failing conditions:
07:28:40.996 [main] DEBUG io.micronaut.context.condition.Condition -- * Required property [micronaut.http.legacy-text-conversion] with value [true] not present
07:28:40.996 [main] DEBUG io.micronaut.context.condition.Condition -- Bean [io.micronaut.http.ssl.$ServerSslConfiguration$DefaultKeyConfiguration$Definition] will not be loaded due to failing conditions:
07:28:40.996 [main] DEBUG io.micronaut.context.condition.Condition -- * Required property [micronaut.server.ssl.key] with value [null] not present
07:28:40.996 [main] DEBUG io.micronaut.context.condition.Condition -- Bean [io.micronaut.http.ssl.$ClientSslConfiguration$DefaultTrustStoreConfiguration$Definition] will not be loaded due to failing conditions:
07:28:40.996 [main] DEBUG io.micronaut.context.condition.Condition -- * Required property [micronaut.http.client.ssl.trust-store] with value [null] not present
07:28:40.996 [main] DEBUG io.micronaut.context.condition.Condition -- Bean [io.micronaut.http.ssl.$ServerSslConfiguration$DefaultTrustStoreConfiguration$Definition] will not be loaded due to failing conditions:
07:28:40.996 [main] DEBUG io.micronaut.context.condition.Condition -- * Required property [micronaut.server.ssl.trust-store] with value [null] not present
07:28:40.996 [main] DEBUG io.micronaut.context.condition.Condition -- Bean [io.micronaut.http.ssl.$ClientSslConfiguration$DefaultKeyConfiguration$Definition] will not be loaded due to failing conditions:
07:28:40.996 [main] DEBUG io.micronaut.context.condition.Condition -- * Required property [micronaut.http.client.ssl.key] with value [null] not present
07:28:40.997 [main] DEBUG io.micronaut.context.condition.Condition -- Bean [io.micronaut.http.ssl.$ClientSslConfiguration$DefaultKeyStoreConfiguration$Definition] will not be loaded due to failing conditions:
07:28:40.997 [main] DEBUG io.micronaut.context.condition.Condition -- * Required property [micronaut.http.client.ssl.key-store] with value [null] not present
07:28:40.997 [main] DEBUG io.micronaut.context.condition.Condition -- Bean [io.micronaut.web.router.version.$ConfigurationDefaultVersionProvider$Definition] will not be loaded due to failing conditions:
07:28:40.997 [main] DEBUG io.micronaut.context.condition.Condition -- * Required property [micronaut.router.versioning.default-version] with value [null] not present
07:28:40.997 [main] DEBUG io.micronaut.context.condition.Condition -- Bean [io.micronaut.web.router.version.resolution.$HeaderVersionResolverConfiguration$Definition] will not be loaded due to failing conditions:
07:28:40.997 [main] DEBUG io.micronaut.context.condition.Condition -- * Required property [micronaut.router.versioning.header.enabled] with value [true] not present
07:28:40.997 [main] DEBUG io.micronaut.context.condition.Condition -- Bean [io.micronaut.web.router.version.$RoutesVersioningConfiguration$Definition] will not be loaded due to failing conditions:
07:28:40.997 [main] DEBUG io.micronaut.context.condition.Condition -- * Required property [micronaut.router.versioning.enabled] with value [true] not present
07:28:40.997 [main] DEBUG io.micronaut.context.condition.Condition -- Bean [io.micronaut.web.router.naming.$ConfigurableUriNamingStrategy$Definition] will not be loaded due to failing conditions:
07:28:40.997 [main] DEBUG io.micronaut.context.condition.Condition -- * Required property [micronaut.server.context-path] with value [null] not present
07:28:40.998 [main] DEBUG io.micronaut.context.condition.Condition -- Bean [io.micronaut.web.router.version.resolution.$ParameterVersionResolverConfiguration$Definition] will not be loaded due to failing conditions:
07:28:40.998 [main] DEBUG io.micronaut.context.condition.Condition -- * Required property [micronaut.router.versioning.parameter.enabled] with value [true] not present
07:28:40.998 [main] DEBUG io.micronaut.context.condition.Condition -- Bean [io.micronaut.http.netty.channel.converters.$EpollChannelOptionFactory$Definition] will not be loaded due to failing conditions:
07:28:40.998 [main] DEBUG io.micronaut.context.condition.Condition -- * Class [io.netty.channel.epoll.Epoll] is not present
07:28:40.998 [main] DEBUG io.micronaut.context.condition.Condition -- Bean [io.micronaut.http.netty.channel.$KQueueEventLoopGroupFactory$Definition] will not be loaded due to failing conditions:
07:28:40.998 [main] DEBUG io.micronaut.context.condition.Condition -- * Class [io.netty.channel.kqueue.KQueue] is not present
07:28:40.998 [main] DEBUG io.micronaut.context.condition.Condition -- Bean [io.micronaut.http.netty.channel.$IoUringEventLoopGroupFactory$Definition] will not be loaded due to failing conditions:
07:28:40.998 [main] DEBUG io.micronaut.context.condition.Condition -- * Class [io.netty.incubator.channel.uring.IOUring] is not present
07:28:40.999 [main] DEBUG io.micronaut.context.condition.Condition -- Bean [io.micronaut.http.netty.channel.$EpollEventLoopGroupFactory$Definition] will not be loaded due to failing conditions:
07:28:40.999 [main] DEBUG io.micronaut.context.condition.Condition -- * Class [io.netty.channel.epoll.Epoll] is not present
07:28:40.999 [main] DEBUG io.micronaut.core.reflect.ClassUtils -- Attempting to dynamically load class io.methvin.watchservice.MacOSXListeningWatchService
07:28:40.999 [main] DEBUG io.micronaut.core.reflect.ClassUtils -- Class io.methvin.watchservice.MacOSXListeningWatchService is not present
07:28:41.000 [main] DEBUG io.micronaut.context.condition.Condition -- Bean [io.micronaut.runtime.server.watch.event.$FileWatchRestartListener$Definition] will not be loaded due to failing conditions:
07:28:41.000 [main] DEBUG io.micronaut.context.condition.Condition -- * Property [micronaut.io.watch.restart] with value [false] does not equal required value: true
07:28:41.000 [main] DEBUG io.micronaut.core.reflect.ClassUtils -- Attempting to dynamically load class io.methvin.watchservice.MacOSXListeningWatchService
07:28:41.000 [main] DEBUG io.micronaut.core.reflect.ClassUtils -- Class io.methvin.watchservice.MacOSXListeningWatchService is not present
07:28:41.000 [main] DEBUG io.micronaut.context.condition.Condition -- Bean [io.micronaut.scheduling.io.watch.$WatchServiceFactory$WatchService0$Definition] will not be loaded due to failing conditions:
07:28:41.000 [main] DEBUG io.micronaut.context.condition.Condition -- * Required property [micronaut.io.watch.paths] with value [null] not present
07:28:41.001 [main] DEBUG io.micronaut.context.condition.Condition -- Bean [io.micronaut.scheduling.io.watch.$DefaultWatchThread$Definition] will not be loaded due to failing conditions:
07:28:41.001 [main] DEBUG io.micronaut.context.condition.Condition -- * Required property [micronaut.io.watch.paths] with value [null] not present
07:28:41.001 [main] DEBUG io.micronaut.context.condition.Condition -- Bean [io.micronaut.scheduling.io.watch.$FileWatchConfiguration$Definition] will not be loaded due to failing conditions:
07:28:41.001 [main] DEBUG io.micronaut.context.condition.Condition -- * Required property [micronaut.io.watch.paths] with value [null] not present
07:28:41.001 [main] DEBUG io.micronaut.context.condition.Condition -- Bean [io.micronaut.logging.impl.$Log4jLoggingSystem$Definition] will not be loaded due to failing conditions:
07:28:41.001 [main] DEBUG io.micronaut.context.condition.Condition -- * Class [org.apache.logging.log4j.core.config.Configurator] is not present
07:28:41.002 [main] DEBUG io.micronaut.context.condition.Condition -- Bean [io.micronaut.health.$HeartbeatTask$Definition] will not be loaded due to failing conditions:
07:28:41.002 [main] DEBUG io.micronaut.context.condition.Condition -- * Required property [micronaut.application.name] with value [null] not present
07:28:41.002 [main] DEBUG io.micronaut.context.condition.Condition -- Bean [io.micronaut.discovery.cloud.digitalocean.$DigitalOceanMetadataResolver$Definition] will not be loaded due to failing conditions:
07:28:41.003 [main] DEBUG io.micronaut.context.condition.Condition -- * None of the required environments [digitalocean] are active: [test]
07:28:41.003 [main] DEBUG io.micronaut.context.condition.Condition -- Bean [io.micronaut.discovery.cloud.digitalocean.$DigitalOceanMetadataConfiguration$Definition] will not be loaded due to failing conditions:
07:28:41.003 [main] DEBUG io.micronaut.context.condition.Condition -- * None of the required environments [digitalocean] are active: [test]
07:28:41.003 [main] DEBUG io.micronaut.context.condition.Condition -- Bean [io.micronaut.data.runtime.support.convert.convert.jpa.$JxAttributeConverterProvider$Definition] will not be loaded due to failing conditions:
07:28:41.003 [main] DEBUG io.micronaut.context.condition.Condition -- * Class [javax.persistence.AttributeConverter] is not present
07:28:41.003 [main] DEBUG io.micronaut.context.condition.Condition -- Bean [io.micronaut.data.runtime.multitenancy.internal.$DefaultTenantResolver$Definition] will not be loaded due to failing conditions:
07:28:41.003 [main] DEBUG io.micronaut.context.condition.Condition -- * Class [io.micronaut.multitenancy.tenantresolver.TenantResolver] is not present
07:28:41.004 [main] DEBUG io.micronaut.context.condition.Condition -- Bean [io.micronaut.transaction.kotlin.$DefaultCoroutineTransactionOperations$Definition] will not be loaded due to failing conditions:
07:28:41.004 [main] DEBUG io.micronaut.context.condition.Condition -- * Class [kotlinx.coroutines.reactor.ReactorContext] is not present
07:28:41.004 [main] DEBUG io.micronaut.context.condition.Condition -- Bean [io.micronaut.data.connection.kotlin.$DefaultCoroutineConnectionOperations$Definition] will not be loaded due to failing conditions:
07:28:41.004 [main] DEBUG io.micronaut.context.condition.Condition -- * Class [kotlinx.coroutines.reactor.ReactorContext] is not present
07:28:41.005 [main] DEBUG io.micronaut.context.condition.Condition -- Bean [io.micronaut.configuration.hibernate.jpa.conf.settings.internal.$JCacheManagerSettingSupplier$Definition] will not be loaded due to failing conditions:
07:28:41.005 [main] DEBUG io.micronaut.context.condition.Condition -- * Class [org.hibernate.cache.jcache.ConfigSettings] is not present
07:28:41.005 [main] DEBUG io.micronaut.context.condition.Condition -- Bean [io.micronaut.test.support.server.$TestEmbeddedServer$Definition] will not be loaded due to failing conditions:
07:28:41.005 [main] DEBUG io.micronaut.context.condition.Condition -- * Required property [micronaut.test.server.url] with value [null] not present
07:28:41.005 [main] DEBUG io.micronaut.context.condition.Condition -- Bean [io.micronaut.test.support.sql.$ConnectionFactoryHandler$Definition] will not be loaded due to failing conditions:
07:28:41.005 [main] DEBUG io.micronaut.context.condition.Condition -- * Class [io.r2dbc.spi.ConnectionFactory] is not present
07:28:41.006 [main] DEBUG io.micronaut.context.condition.Condition -- Bean [io.micronaut.test.support.server.$TestExecutableEmbeddedServer$Definition] will not be loaded due to failing conditions:
07:28:41.006 [main] DEBUG io.micronaut.context.condition.Condition -- * Required property [micronaut.test.server.executable] with value [null] not present
07:28:41.006 [main] DEBUG io.micronaut.context.lifecycle -- Created bean [io.micronaut.data.runtime.event.EntityEventRegistry@32f232a5] from definition [Definition: io.micronaut.data.runtime.event.EntityEventRegistry] with qualifier [null]
07:28:41.006 [main] DEBUG io.micronaut.context.DefaultBeanContext -- Resolving beans for type: io.micronaut.data.model.runtime.PropertyAutoPopulator<java.lang.annotation.Annotation>
07:28:41.006 [main] DEBUG io.micronaut.context.DefaultBeanContext -- Finding candidate beans for type: PropertyAutoPopulator T
07:28:41.006 [main] DEBUG io.micronaut.context.DefaultBeanContext --   class io.micronaut.data.runtime.event.listeners.VersionGeneratingEntityEventListener null Definition: io.micronaut.data.runtime.event.listeners.VersionGeneratingEntityEventListener
07:28:41.006 [main] DEBUG io.micronaut.context.DefaultBeanContext --   class io.micronaut.data.runtime.event.listeners.AutoTimestampEntityEventListener null Definition: io.micronaut.data.runtime.event.listeners.AutoTimestampEntityEventListener
07:28:41.007 [main] DEBUG io.micronaut.context.DefaultBeanContext -- Finding candidate beans for type: DateTimeProvider dateTimeProvider
07:28:41.007 [main] DEBUG io.micronaut.context.DefaultBeanContext --   class io.micronaut.data.runtime.date.CurrentDateTimeProvider null Definition: io.micronaut.data.runtime.date.CurrentDateTimeProvider
07:28:41.007 [main] DEBUG io.micronaut.context.DefaultBeanContext -- Found concrete candidate [Definition: io.micronaut.data.runtime.date.CurrentDateTimeProvider] for type: dateTimeProvider 
07:28:41.007 [main] DEBUG io.micronaut.context.lifecycle -- Created bean [io.micronaut.data.runtime.date.CurrentDateTimeProvider@517566b] from definition [Definition: io.micronaut.data.runtime.date.CurrentDateTimeProvider] with qualifier [null]
07:28:41.007 [main] DEBUG io.micronaut.context.DefaultBeanContext -- Finding candidate beans for type: DataConversionService conversionService
07:28:41.008 [main] DEBUG io.micronaut.context.DefaultBeanContext --   class io.micronaut.data.runtime.convert.DataConversionServiceImpl null Definition: io.micronaut.data.runtime.convert.DataConversionServiceFactory
07:28:41.008 [main] DEBUG io.micronaut.context.DefaultBeanContext -- Found concrete candidate [Definition: io.micronaut.data.runtime.convert.DataConversionServiceFactory] for type: conversionService 
07:28:41.008 [main] DEBUG io.micronaut.context.DefaultBeanContext -- Finding candidate beans for type: DataConversionServiceFactory
07:28:41.008 [main] DEBUG io.micronaut.context.DefaultBeanContext --   class io.micronaut.data.runtime.convert.DataConversionServiceFactory null Definition: io.micronaut.data.runtime.convert.DataConversionServiceFactory
07:28:41.008 [main] DEBUG io.micronaut.context.DefaultBeanContext -- Found concrete candidate [Definition: io.micronaut.data.runtime.convert.DataConversionServiceFactory] for type: dataConversionServiceFactory 
07:28:41.009 [main] DEBUG io.micronaut.context.lifecycle -- Created bean [io.micronaut.data.runtime.convert.DataConversionServiceFactory@12ed9db6] from definition [Definition: io.micronaut.data.runtime.convert.DataConversionServiceFactory] with qualifier [null]
07:28:41.028 [main] DEBUG io.micronaut.context.DefaultBeanContext -- Resolving beans for type: io.micronaut.data.runtime.convert.DataTypeConverter
07:28:41.028 [main] DEBUG io.micronaut.context.DefaultBeanContext -- Finding candidate beans for type: DataTypeConverter
07:28:41.028 [main] DEBUG io.micronaut.context.DefaultBeanContext -- No bean candidates found for type: DataTypeConverter
07:28:41.028 [main] DEBUG io.micronaut.context.DefaultBeanContext -- Resolving beans for type: io.micronaut.core.convert.TypeConverterRegistrar
07:28:41.028 [main] DEBUG io.micronaut.core.reflect.ClassUtils -- Attempting to dynamically load class io.micronaut.context.annotation.Prototype
07:28:41.028 [main] DEBUG io.micronaut.core.reflect.ClassUtils -- Successfully loaded class io.micronaut.context.annotation.Prototype
07:28:41.029 [main] DEBUG io.micronaut.context.lifecycle -- Created bean [io.micronaut.inject.provider.BeanProviderDefinition$1@576f63f6] from definition [io.micronaut.inject.provider.BeanProviderDefinition@3525cef9] with qualifier [null]
07:28:41.029 [main] DEBUG io.micronaut.context.lifecycle -- Created bean [io.micronaut.http.converters.HttpConverterRegistrar@2dca0d64] from definition [Definition: io.micronaut.http.converters.HttpConverterRegistrar] with qualifier [null]
[...]
	at org.hibernate.collection.spi.AbstractPersistentCollection.throwLazyInitializationException(AbstractPersistentCollection.java:634)
	at org.hibernate.collection.spi.AbstractPersistentCollection.withTemporarySessionIfNeeded(AbstractPersistentCollection.java:217)
	at org.hibernate.collection.spi.AbstractPersistentCollection.readSize(AbstractPersistentCollection.java:148)
	at org.hibernate.collection.spi.PersistentBag.isEmpty(PersistentBag.java:360)
	at com.fasterxml.jackson.databind.ser.std.CollectionSerializer.isEmpty(CollectionSerializer.java:80)
	at com.fasterxml.jackson.databind.ser.std.CollectionSerializer.isEmpty(CollectionSerializer.java:25)
	at io.micronaut.jackson.modules.BeanIntrospectionModule$BeanIntrospectionPropertyWriter.serializeAsField(BeanIntrospectionModule.java:1015)
	at com.fasterxml.jackson.databind.ser.std.BeanSerializerBase.serializeFields(BeanSerializerBase.java:772)
	... 68 common frames omitted
07:28:43.747 [default-nioEventLoopGroup-1-3] DEBUG io.micronaut.core.beans.DefaultBeanIntrospector -- Found BeanIntrospection for type: class io.micronaut.http.hateoas.JsonError,
07:28:43.748 [default-nioEventLoopGroup-1-3] DEBUG io.micronaut.jackson.modules.BeanIntrospectionModule -- Updating 5 properties with BeanIntrospection data for type: class io.micronaut.http.hateoas.JsonError
07:28:43.751 [default-nioEventLoopGroup-1-3] DEBUG io.micronaut.core.beans.DefaultBeanIntrospector -- Found BeanIntrospection for type: class io.micronaut.http.hateoas.DefaultLink,
07:28:43.752 [default-nioEventLoopGroup-1-3] DEBUG io.micronaut.jackson.modules.BeanIntrospectionModule -- Updating 8 properties with BeanIntrospection data for type: class io.micronaut.http.hateoas.DefaultLink
07:28:43.755 [default-nioEventLoopGroup-1-3] DEBUG io.micronaut.context.event.ApplicationEventPublisher -- Publishing event: io.micronaut.http.context.event.HttpRequestTerminatedEvent[source=GET /orders/2]
07:28:43.755 [default-nioEventLoopGroup-1-3] DEBUG io.micronaut.http.server.netty.RoutingInBoundHandler -- Response 500 - GET /orders/2
07:28:43.757 [default-nioEventLoopGroup-1-2] DEBUG io.micronaut.context.DefaultBeanContext -- Finding candidate beans for type: MessageBodyReader
07:28:43.757 [default-nioEventLoopGroup-1-2] DEBUG io.micronaut.context.DefaultBeanContext -- Bean [class io.micronaut.http.netty.body.NettyJsonHandler] replaces existing bean of type [class io.micronaut.json.body.JsonMessageHandler]
07:28:43.757 [default-nioEventLoopGroup-1-2] DEBUG io.micronaut.context.DefaultBeanContext --   class io.micronaut.http.netty.body.NettyJsonStreamHandler null Definition: io.micronaut.http.netty.body.NettyJsonStreamHandler
07:28:43.757 [default-nioEventLoopGroup-1-2] DEBUG io.micronaut.context.DefaultBeanContext --   class io.micronaut.http.netty.body.NettyJsonHandler null Definition: io.micronaut.http.netty.body.NettyJsonHandler
07:28:43.758 [default-nioEventLoopGroup-1-2] DEBUG io.micronaut.core.beans.DefaultBeanIntrospector -- Found BeanIntrospection for type: class io.micronaut.http.hateoas.JsonError,
07:28:43.764 [default-nioEventLoopGroup-1-2] DEBUG io.micronaut.core.beans.DefaultBeanIntrospector -- Found BeanIntrospection for type: class io.micronaut.http.hateoas.GenericResource,
07:28:43.777 [main] DEBUG io.micronaut.transaction.hibernate.HibernateTransactionManager -- Rolling back Hibernate transaction on Session [SessionImpl(1761528378<open>)]
07:28:43.777 [main] DEBUG org.hibernate.engine.transaction.internal.TransactionImpl -- rolling back
07:28:43.777 [main] DEBUG org.hibernate.resource.jdbc.internal.LogicalConnectionManagedImpl -- Initiating JDBC connection release from afterTransaction
07:28:43.777 [main] DEBUG org.hibernate.resource.jdbc.internal.LogicalConnectionManagedImpl -- Initiating JDBC connection release from afterTransaction
]]></system-out>
    <system-err><![CDATA[io.micronaut.http.client.exceptions.HttpClientResponseException: Internal Server Error
	at io.micronaut.http.client.netty.DefaultHttpClient$FullHttpResponseHandler.makeErrorFromRequestBody(DefaultHttpClient.java:2251)
	at io.micronaut.http.client.netty.DefaultHttpClient$FullHttpResponseHandler.forwardResponseToPromise(DefaultHttpClient.java:2202)
	at io.micronaut.http.client.netty.DefaultHttpClient$FullHttpResponseHandler.channelReadInstrumented(DefaultHttpClient.java:2171)
	at io.micronaut.http.client.netty.DefaultHttpClient$FullHttpResponseHandler.channelReadInstrumented(DefaultHttpClient.java:2139)
	at io.micronaut.http.client.netty.SimpleChannelInboundHandlerInstrumented.channelRead0(SimpleChannelInboundHandlerInstrumented.java:46)
	at io.netty.channel.SimpleChannelInboundHandler.channelRead(SimpleChannelInboundHandler.java:99)
	at io.netty.channel.AbstractChannelHandlerContext.invokeChannelRead(AbstractChannelHandlerContext.java:444)
	at io.netty.channel.AbstractChannelHandlerContext.invokeChannelRead(AbstractChannelHandlerContext.java:420)
	at io.netty.channel.AbstractChannelHandlerContext.fireChannelRead(AbstractChannelHandlerContext.java:412)
	at io.netty.handler.codec.MessageToMessageDecoder.channelRead(MessageToMessageDecoder.java:103)
	at io.netty.channel.AbstractChannelHandlerContext.invokeChannelRead(AbstractChannelHandlerContext.java:444)
	at io.netty.channel.AbstractChannelHandlerContext.invokeChannelRead(AbstractChannelHandlerContext.java:420)
	at io.netty.channel.AbstractChannelHandlerContext.fireChannelRead(AbstractChannelHandlerContext.java:412)
	at io.netty.handler.codec.MessageToMessageDecoder.channelRead(MessageToMessageDecoder.java:103)
	at io.netty.channel.AbstractChannelHandlerContext.invokeChannelRead(AbstractChannelHandlerContext.java:444)
	at io.netty.channel.AbstractChannelHandlerContext.invokeChannelRead(AbstractChannelHandlerContext.java:420)
	at io.netty.channel.AbstractChannelHandlerContext.fireChannelRead(AbstractChannelHandlerContext.java:412)
	at io.netty.channel.CombinedChannelDuplexHandler$DelegatingChannelHandlerContext.fireChannelRead(CombinedChannelDuplexHandler.java:436)
	at io.netty.handler.codec.ByteToMessageDecoder.fireChannelRead(ByteToMessageDecoder.java:346)
	at io.netty.handler.codec.ByteToMessageDecoder.channelRead(ByteToMessageDecoder.java:318)
	at io.netty.channel.CombinedChannelDuplexHandler.channelRead(CombinedChannelDuplexHandler.java:251)
	at io.netty.channel.AbstractChannelHandlerContext.invokeChannelRead(AbstractChannelHandlerContext.java:442)
	at io.netty.channel.AbstractChannelHandlerContext.invokeChannelRead(AbstractChannelHandlerContext.java:420)
	at io.netty.channel.AbstractChannelHandlerContext.fireChannelRead(AbstractChannelHandlerContext.java:412)
	at io.netty.channel.ChannelInboundHandlerAdapter.channelRead(ChannelInboundHandlerAdapter.java:93)
	at io.micronaut.http.client.netty.ResettableReadTimeoutHandler$NextInterceptor.channelRead(ResettableReadTimeoutHandler.java:92)
	at io.netty.channel.AbstractChannelHandlerContext.invokeChannelRead(AbstractChannelHandlerContext.java:444)
	at io.netty.channel.AbstractChannelHandlerContext.invokeChannelRead(AbstractChannelHandlerContext.java:420)
	at io.netty.channel.AbstractChannelHandlerContext.fireChannelRead(AbstractChannelHandlerContext.java:412)
	at io.netty.handler.timeout.IdleStateHandler.channelRead(IdleStateHandler.java:286)
	at io.micronaut.http.client.netty.ResettableReadTimeoutHandler.channelRead(ResettableReadTimeoutHandler.java:64)
	at io.netty.channel.AbstractChannelHandlerContext.invokeChannelRead(AbstractChannelHandlerContext.java:442)
	at io.netty.channel.AbstractChannelHandlerContext.invokeChannelRead(AbstractChannelHandlerContext.java:420)
	at io.netty.channel.AbstractChannelHandlerContext.fireChannelRead(AbstractChannelHandlerContext.java:412)
	at io.netty.channel.DefaultChannelPipeline$HeadContext.channelRead(DefaultChannelPipeline.java:1410)
	at io.netty.channel.AbstractChannelHandlerContext.invokeChannelRead(AbstractChannelHandlerContext.java:440)
	at io.netty.channel.AbstractChannelHandlerContext.invokeChannelRead(AbstractChannelHandlerContext.java:420)
	at io.netty.channel.DefaultChannelPipeline.fireChannelRead(DefaultChannelPipeline.java:919)
	at io.netty.channel.nio.AbstractNioByteChannel$NioByteUnsafe.read(AbstractNioByteChannel.java:166)
	at io.netty.channel.nio.NioEventLoop.processSelectedKey(NioEventLoop.java:788)
	at io.netty.channel.nio.NioEventLoop.processSelectedKeysOptimized(NioEventLoop.java:724)
	at io.netty.channel.nio.NioEventLoop.processSelectedKeys(NioEventLoop.java:650)
	at io.netty.channel.nio.NioEventLoop.run(NioEventLoop.java:562)
	at io.netty.util.concurrent.SingleThreadEventExecutor$4.run(SingleThreadEventExecutor.java:997)
	at io.netty.util.internal.ThreadExecutorMap$2.run(ThreadExecutorMap.java:74)
	at io.netty.util.concurrent.FastThreadLocalRunnable.run(FastThreadLocalRunnable.java:30)
	at java.base/java.lang.Thread.run(Thread.java:840)
	Suppressed: java.lang.Exception: #block terminated with an error
		at reactor.core.publisher.BlockingSingleSubscriber.blockingGet(BlockingSingleSubscriber.java:103)
		at reactor.core.publisher.Flux.blockFirst(Flux.java:2704)
		at io.micronaut.http.client.netty.DefaultHttpClient$1.exchange(DefaultHttpClient.java:570)
		at io.micronaut.http.client.BlockingHttpClient.exchange(BlockingHttpClient.java:77)
		at io.micronaut.http.client.BlockingHttpClient.exchange(BlockingHttpClient.java:106)
		at com.example.shopservice.controller.OrderAndOrderItemControllerIT.createOrderWithItemsAndGetItems(OrderAndOrderItemControllerIT.java:99)
		at java.base/jdk.internal.reflect.NativeMethodAccessorImpl.invoke0(Native Method)
		at java.base/jdk.internal.reflect.NativeMethodAccessorImpl.invoke(NativeMethodAccessorImpl.java:77)
		at java.base/jdk.internal.reflect.DelegatingMethodAccessorImpl.invoke(DelegatingMethodAccessorImpl.java:43)
		at java.base/java.lang.reflect.Method.invoke(Method.java:569)
		at org.junit.platform.commons.util.ReflectionUtils.invokeMethod(ReflectionUtils.java:728)
		at org.junit.jupiter.engine.execution.MethodInvocation.proceed(MethodInvocation.java:60)
		at org.junit.jupiter.engine.execution.InvocationInterceptorChain$ValidatingInvocation.proceed(InvocationInterceptorChain.java:131)
		at io.micronaut.test.extensions.junit5.MicronautJunit5Extension$2.proceed(MicronautJunit5Extension.java:142)
		at io.micronaut.test.extensions.AbstractMicronautExtension.interceptEach(AbstractMicronautExtension.java:157)
		at io.micronaut.test.extensions.AbstractMicronautExtension$3.proceed(AbstractMicronautExtension.java:169)
		at io.micronaut.test.context.TestMethodInterceptor.interceptTest(TestMethodInterceptor.java:46)
		at io.micronaut.transaction.test.DefaultTestTransactionExecutionListener.lambda$interceptTest$0(DefaultTestTransactionExecutionListener.java:93)
		at io.micronaut.transaction.support.AbstractPropagatedStatusTransactionOperations.lambda$execute$2(AbstractPropagatedStatusTransactionOperations.java:68)
		at io.micronaut.transaction.TransactionCallback.apply(TransactionCallback.java:37)
		at io.micronaut.transaction.support.AbstractTransactionOperations.executeTransactional(AbstractTransactionOperations.java:333)
		at io.micronaut.transaction.support.AbstractTransactionOperations.executeWithNewTransaction(AbstractTransactionOperations.java:318)
		at io.micronaut.transaction.support.AbstractTransactionOperations.executeNew(AbstractTransactionOperations.java:235)
		at io.micronaut.transaction.support.AbstractTransactionOperations.doExecute(AbstractTransactionOperations.java:137)
		at io.micronaut.transaction.support.AbstractTransactionOperations.lambda$doExecute$0(AbstractTransactionOperations.java:122)
		at io.micronaut.data.connection.support.AbstractConnectionOperations.executeWithNewConnection(AbstractConnectionOperations.java:143)
		at io.micronaut.data.connection.support.AbstractConnectionOperations.execute(AbstractConnectionOperations.java:90)
		at io.micronaut.transaction.support.AbstractTransactionOperations.doExecute(AbstractTransactionOperations.java:120)
		at io.micronaut.transaction.support.AbstractPropagatedStatusTransactionOperations.execute(AbstractPropagatedStatusTransactionOperations.java:65)
		at io.micronaut.transaction.test.DefaultTestTransactionExecutionListener.interceptTest(DefaultTestTransactionExecutionListener.java:91)
		at io.micronaut.test.extensions.AbstractMicronautExtension.interceptEach(AbstractMicronautExtension.java:161)
		at io.micronaut.test.extensions.AbstractMicronautExtension.interceptTest(AbstractMicronautExtension.java:114)
		at io.micronaut.test.extensions.junit5.MicronautJunit5Extension.interceptTestMethod(MicronautJunit5Extension.java:129)
		at org.junit.jupiter.engine.execution.InterceptingExecutableInvoker$ReflectiveInterceptorCall.lambda$ofVoidMethod$0(InterceptingExecutableInvoker.java:103)
		at org.junit.jupiter.engine.execution.InterceptingExecutableInvoker.lambda$invoke$0(InterceptingExecutableInvoker.java:93)
		at org.junit.jupiter.engine.execution.InvocationInterceptorChain$InterceptedInvocation.proceed(InvocationInterceptorChain.java:106)
		at org.junit.jupiter.engine.extension.TimeoutExtension.intercept(TimeoutExtension.java:156)
		at org.junit.jupiter.engine.extension.TimeoutExtension.interceptTestableMethod(TimeoutExtension.java:147)
		at org.junit.jupiter.engine.extension.TimeoutExtension.interceptTestMethod(TimeoutExtension.java:86)
		at org.junit.jupiter.engine.execution.InterceptingExecutableInvoker$ReflectiveInterceptorCall.lambda$ofVoidMethod$0(InterceptingExecutableInvoker.java:103)
		at org.junit.jupiter.engine.execution.InterceptingExecutableInvoker.lambda$invoke$0(InterceptingExecutableInvoker.java:93)
		at org.junit.jupiter.engine.execution.InvocationInterceptorChain$InterceptedInvocation.proceed(InvocationInterceptorChain.java:106)
		at org.junit.jupiter.engine.execution.InvocationInterceptorChain.proceed(InvocationInterceptorChain.java:64)
		at org.junit.jupiter.engine.execution.InvocationInterceptorChain.chainAndInvoke(InvocationInterceptorChain.java:45)
		at org.junit.jupiter.engine.execution.InvocationInterceptorChain.invoke(InvocationInterceptorChain.java:37)
		at org.junit.jupiter.engine.execution.InterceptingExecutableInvoker.invoke(InterceptingExecutableInvoker.java:92)
		at org.junit.jupiter.engine.execution.InterceptingExecutableInvoker.invoke(InterceptingExecutableInvoker.java:86)
		at org.junit.jupiter.engine.descriptor.TestMethodTestDescriptor.lambda$invokeTestMethod$7(TestMethodTestDescriptor.java:218)
		at org.junit.platform.engine.support.hierarchical.ThrowableCollector.execute(ThrowableCollector.java:73)
		at org.junit.jupiter.engine.descriptor.TestMethodTestDescriptor.invokeTestMethod(TestMethodTestDescriptor.java:214)
		at org.junit.jupiter.engine.descriptor.TestMethodTestDescriptor.execute(TestMethodTestDescriptor.java:139)
		at org.junit.jupiter.engine.descriptor.TestMethodTestDescriptor.execute(TestMethodTestDescriptor.java:69)
		at org.junit.platform.engine.support.hierarchical.NodeTestTask.lambda$executeRecursively$6(NodeTestTask.java:151)
		at org.junit.platform.engine.support.hierarchical.ThrowableCollector.execute(ThrowableCollector.java:73)
		at org.junit.platform.engine.support.hierarchical.NodeTestTask.lambda$executeRecursively$8(NodeTestTask.java:141)
		at org.junit.platform.engine.support.hierarchical.Node.around(Node.java:137)
		at org.junit.platform.engine.support.hierarchical.NodeTestTask.lambda$executeRecursively$9(NodeTestTask.java:139)
		at org.junit.platform.engine.support.hierarchical.ThrowableCollector.execute(ThrowableCollector.java:73)
		at org.junit.platform.engine.support.hierarchical.NodeTestTask.executeRecursively(NodeTestTask.java:138)
		at org.junit.platform.engine.support.hierarchical.NodeTestTask.execute(NodeTestTask.java:95)
		at java.base/java.util.ArrayList.forEach(ArrayList.java:1511)
		at org.junit.platform.engine.support.hierarchical.SameThreadHierarchicalTestExecutorService.invokeAll(SameThreadHierarchicalTestExecutorService.java:41)
		at org.junit.platform.engine.support.hierarchical.NodeTestTask.lambda$executeRecursively$6(NodeTestTask.java:155)
		at org.junit.platform.engine.support.hierarchical.ThrowableCollector.execute(ThrowableCollector.java:73)
		at org.junit.platform.engine.support.hierarchical.NodeTestTask.lambda$executeRecursively$8(NodeTestTask.java:141)
		at org.junit.platform.engine.support.hierarchical.Node.around(Node.java:137)
		at org.junit.platform.engine.support.hierarchical.NodeTestTask.lambda$executeRecursively$9(NodeTestTask.java:139)
		at org.junit.platform.engine.support.hierarchical.ThrowableCollector.execute(ThrowableCollector.java:73)
		at org.junit.platform.engine.support.hierarchical.NodeTestTask.executeRecursively(NodeTestTask.java:138)
		at org.junit.platform.engine.support.hierarchical.NodeTestTask.execute(NodeTestTask.java:95)
		at java.base/java.util.ArrayList.forEach(ArrayList.java:1511)
		at org.junit.platform.engine.support.hierarchical.SameThreadHierarchicalTestExecutorService.invokeAll(SameThreadHierarchicalTestExecutorService.java:41)
		at org.junit.platform.engine.support.hierarchical.NodeTestTask.lambda$executeRecursively$6(NodeTestTask.java:155)
		at org.junit.platform.engine.support.hierarchical.ThrowableCollector.execute(ThrowableCollector.java:73)
		at org.junit.platform.engine.support.hierarchical.NodeTestTask.lambda$executeRecursively$8(NodeTestTask.java:141)
		at org.junit.platform.engine.support.hierarchical.Node.around(Node.java:137)
		at org.junit.platform.engine.support.hierarchical.NodeTestTask.lambda$executeRecursively$9(NodeTestTask.java:139)
		at org.junit.platform.engine.support.hierarchical.ThrowableCollector.execute(ThrowableCollector.java:73)
		at org.junit.platform.engine.support.hierarchical.NodeTestTask.executeRecursively(NodeTestTask.java:138)
		at org.junit.platform.engine.support.hierarchical.NodeTestTask.execute(NodeTestTask.java:95)
		at org.junit.platform.engine.support.hierarchical.SameThreadHierarchicalTestExecutorService.submit(SameThreadHierarchicalTestExecutorService.java:35)
		at org.junit.platform.engine.support.hierarchical.HierarchicalTestExecutor.execute(HierarchicalTestExecutor.java:57)
		at org.junit.platform.engine.support.hierarchical.HierarchicalTestEngine.execute(HierarchicalTestEngine.java:54)
		at org.junit.platform.launcher.core.EngineExecutionOrchestrator.execute(EngineExecutionOrchestrator.java:198)
		at org.junit.platform.launcher.core.EngineExecutionOrchestrator.execute(EngineExecutionOrchestrator.java:169)
		at org.junit.platform.launcher.core.EngineExecutionOrchestrator.execute(EngineExecutionOrchestrator.java:93)
		at org.junit.platform.launcher.core.EngineExecutionOrchestrator.lambda$execute$0(EngineExecutionOrchestrator.java:58)
		at org.junit.platform.launcher.core.EngineExecutionOrchestrator.withInterceptedStreams(EngineExecutionOrchestrator.java:141)
		at org.junit.platform.launcher.core.EngineExecutionOrchestrator.execute(EngineExecutionOrchestrator.java:57)
		at org.junit.platform.launcher.core.DefaultLauncher.execute(DefaultLauncher.java:103)
		at org.junit.platform.launcher.core.DefaultLauncher.execute(DefaultLauncher.java:85)
		at org.junit.platform.launcher.core.DelegatingLauncher.execute(DelegatingLauncher.java:47)
		at org.apache.maven.surefire.junitplatform.LazyLauncher.execute(LazyLauncher.java:56)
		at org.apache.maven.surefire.junitplatform.JUnitPlatformProvider.execute(JUnitPlatformProvider.java:184)
		at org.apache.maven.surefire.junitplatform.JUnitPlatformProvider.invokeAllTests(JUnitPlatformProvider.java:148)
		at org.apache.maven.surefire.junitplatform.JUnitPlatformProvider.invoke(JUnitPlatformProvider.java:122)
		at org.apache.maven.surefire.booter.ForkedBooter.runSuitesInProcess(ForkedBooter.java:385)
		at org.apache.maven.surefire.booter.ForkedBooter.execute(ForkedBooter.java:162)
		at org.apache.maven.surefire.booter.ForkedBooter.run(ForkedBooter.java:507)
		at org.apache.maven.surefire.booter.ForkedBooter.main(ForkedBooter.java:495)
]]></system-err>
  </testcase>
</testsuite>