<?xml version="1.0" encoding="UTF-8"?>
<testsuite xmlns:xsi="http://www.w3.org/2001/XMLSchema-instance" xsi:noNamespaceSchemaLocation="https://maven.apache.org/surefire/maven-surefire-plugin/xsd/surefire-test-report-3.0.xsd" version="3.0" name="com.example.shopservice.controller.ProductControllerIT" time="0.563" tests="1" errors="0" skipped="0" failures="0">
  <properties>
[...]
</properties>
  <testcase name="testCreateAndGetProduct" classname="com.example.shopservice.controller.ProductControllerIT" time="0.091">
    <system-out><![CDATA[07:29:20.885 [main] DEBUG io.micronaut.context.DefaultApplicationContext$RuntimeConfiguredEnvironment -- Environment deduction is using the default of: true
07:29:20.886 [main] INFO io.micronaut.context.DefaultApplicationContext$RuntimeConfiguredEnvironment -- Established active environments: [test]
07:29:20.886 [main] DEBUG io.micronaut.context.DefaultApplicationContext$RuntimeConfiguredEnvironment -- Starting environment io.micronaut.context.DefaultApplicationContext$RuntimeConfiguredEnvironment@662e5590 for active names [test]
07:29:20.889 [main] DEBUG io.micronaut.context.DefaultApplicationContext$RuntimeConfiguredEnvironment -- Reading property sources from loader: io.micronaut.context.env.PropertiesPropertySourceLoader@1885905b
07:29:20.889 [main] DEBUG io.micronaut.context.env.PropertiesPropertySourceLoader -- Found PropertySource for file name: application.properties
07:29:20.889 [main] DEBUG io.micronaut.context.env.PropertiesPropertySourceLoader -- No PropertySource found for file name: application-test.properties
07:29:20.889 [main] DEBUG io.micronaut.context.DefaultApplicationContext$RuntimeConfiguredEnvironment -- Reading property sources from loader: io.micronaut.context.env.yaml.YamlPropertySourceLoader@23e573e
07:29:20.889 [main] DEBUG io.micronaut.context.DefaultApplicationContext$RuntimeConfiguredEnvironment -- Reading property sources from loader: io.micronaut.jackson.core.env.CloudFoundryVcapApplicationPropertySourceLoader@46507dda
07:29:20.889 [main] DEBUG io.micronaut.jackson.core.env.CloudFoundryVcapApplicationPropertySourceLoader -- No PropertySource found for file name: application.VCAP_APPLICATION
07:29:20.889 [main] DEBUG io.micronaut.jackson.core.env.CloudFoundryVcapApplicationPropertySourceLoader -- No PropertySource found for file name: application-test.VCAP_APPLICATION
07:29:20.889 [main] DEBUG io.micronaut.context.DefaultApplicationContext$RuntimeConfiguredEnvironment -- Reading property sources from loader: io.micronaut.jackson.core.env.JsonPropertySourceLoader@52463255
07:29:20.889 [main] DEBUG io.micronaut.jackson.core.env.JsonPropertySourceLoader -- No PropertySource found for file name: application.json
07:29:20.889 [main] DEBUG io.micronaut.jackson.core.env.JsonPropertySourceLoader -- No PropertySource found for file name: application-test.json
07:29:20.889 [main] DEBUG io.micronaut.context.DefaultApplicationContext$RuntimeConfiguredEnvironment -- Reading property sources from loader: io.micronaut.jackson.core.env.EnvJsonPropertySourceLoader@66f5770e
07:29:20.889 [main] DEBUG io.micronaut.jackson.core.env.EnvJsonPropertySourceLoader -- No PropertySource found for file name: application.json
07:29:20.889 [main] DEBUG io.micronaut.jackson.core.env.EnvJsonPropertySourceLoader -- No PropertySource found for file name: application-test.json
07:29:20.890 [main] DEBUG io.micronaut.context.DefaultApplicationContext$RuntimeConfiguredEnvironment -- Reading property sources from loader: io.micronaut.jackson.core.env.CloudFoundryVcapServicesPropertySourceLoader@16024b49
07:29:20.890 [main] DEBUG io.micronaut.jackson.core.env.CloudFoundryVcapServicesPropertySourceLoader -- No PropertySource found for file name: application.VCAP_SERVICES
07:29:20.890 [main] DEBUG io.micronaut.jackson.core.env.CloudFoundryVcapServicesPropertySourceLoader -- No PropertySource found for file name: application-test.VCAP_SERVICES
07:29:20.890 [main] DEBUG io.micronaut.context.DefaultApplicationContext$RuntimeConfiguredEnvironment -- Processing property source: application
07:29:20.890 [main] DEBUG io.micronaut.context.DefaultApplicationContext$RuntimeConfiguredEnvironment -- Processing property source: env
07:29:20.895 [main] DEBUG io.micronaut.context.DefaultApplicationContext$RuntimeConfiguredEnvironment -- Processing property source: system
07:29:20.895 [main] DEBUG io.micronaut.context.DefaultApplicationContext$RuntimeConfiguredEnvironment -- Processing property source: test-properties
07:29:20.895 [main] DEBUG io.micronaut.context.DefaultBeanContext -- Finding candidate beans for type: DefaultEnvironment
07:29:20.895 [main] DEBUG io.micronaut.context.DefaultBeanContext -- No bean candidates found for type: DefaultEnvironment
07:29:20.895 [main] DEBUG io.micronaut.context.DefaultBeanContext -- Starting BeanContext
07:29:20.900 [main] DEBUG io.micronaut.context.DefaultBeanContext -- Finding candidate beans for type: HttpClientRegistry
07:29:20.900 [main] DEBUG io.micronaut.context.DefaultBeanContext --   class io.micronaut.http.client.netty.DefaultNettyHttpClientRegistry null Definition: io.micronaut.http.client.netty.DefaultNettyHttpClientRegistry
07:29:20.902 [main] DEBUG io.micronaut.context.DefaultBeanContext -- Finding candidate beans for type: BeanCreatedEventListener
07:29:20.902 [main] DEBUG io.micronaut.context.condition.Condition -- Bean [io.micronaut.web.router.version.$VersionAwareRouterListener$Definition] will not be loaded due to failing conditions:
07:29:20.902 [main] DEBUG io.micronaut.context.condition.Condition -- * Required property [micronaut.router.versioning.enabled] with value [true] not present
07:29:20.902 [main] DEBUG io.micronaut.context.condition.Condition -- Bean [io.micronaut.configuration.hibernate.jpa.metrics.$HibernateMetricsBinder$Definition] will not be loaded due to failing conditions:
07:29:20.902 [main] DEBUG io.micronaut.context.condition.Condition -- * Class [org.hibernate.stat.HibernateMetrics] is not present
07:29:20.902 [main] DEBUG io.micronaut.context.DefaultBeanContext --   class io.micronaut.context.propagation.instrument.execution.ExecutorServiceInstrumenter null Definition: io.micronaut.context.propagation.instrument.execution.ExecutorServiceInstrumenter
07:29:20.903 [main] DEBUG io.micronaut.context.DefaultBeanContext --   class io.micronaut.data.connection.jdbc.advice.ContextualAwareDataSource null Definition: io.micronaut.data.connection.jdbc.advice.ContextualAwareDataSource
07:29:20.903 [main] DEBUG io.micronaut.context.DefaultBeanContext --   class io.micronaut.data.hibernate.naming.PhysicalNamingStrategyConfiguration null Definition: io.micronaut.data.hibernate.naming.PhysicalNamingStrategyConfiguration
07:29:20.903 [main] DEBUG io.micronaut.context.DefaultBeanContext -- Finding candidate beans for type: BeanInitializedEventListener
07:29:20.903 [main] DEBUG io.micronaut.context.DefaultBeanContext -- No bean candidates found for type: BeanInitializedEventListener
07:29:20.903 [main] DEBUG io.micronaut.context.DefaultBeanContext -- Resolving beans for type: io.micronaut.core.convert.TypeConverter
07:29:20.903 [main] DEBUG io.micronaut.context.DefaultBeanContext -- Finding candidate beans for type: TypeConverter
07:29:20.904 [main] DEBUG io.micronaut.context.DefaultBeanContext --   class io.micronaut.http.cookie.SameSiteConverter null Definition: io.micronaut.http.cookie.SameSiteConverter
07:29:20.904 [main] DEBUG io.micronaut.context.DefaultBeanContext --   class io.micronaut.http.server.cors.CorsOriginConverter null Definition: io.micronaut.http.server.cors.CorsOriginConverter
07:29:20.904 [main] DEBUG io.micronaut.context.lifecycle -- Created bean [io.micronaut.http.cookie.SameSiteConverter@53f94afe] from definition [Definition: io.micronaut.http.cookie.SameSiteConverter] with qualifier [null]
07:29:20.904 [main] DEBUG io.micronaut.context.DefaultBeanContext -- Found a registration BeanRegistration: io.micronaut.http.cookie.SameSiteConverter@53f94afe for candidate: Definition: io.micronaut.http.cookie.SameSiteConverter with qualifier: null
07:29:20.904 [main] DEBUG io.micronaut.context.lifecycle -- Created bean [io.micronaut.http.server.cors.CorsOriginConverter@304e1e4e] from definition [Definition: io.micronaut.http.server.cors.CorsOriginConverter] with qualifier [null]
07:29:20.904 [main] DEBUG io.micronaut.context.DefaultBeanContext -- Found a registration BeanRegistration: io.micronaut.http.server.cors.CorsOriginConverter@304e1e4e for candidate: Definition: io.micronaut.http.server.cors.CorsOriginConverter with qualifier: null
07:29:20.904 [main] DEBUG io.micronaut.context.DefaultBeanContext -- Resolving beans for type: io.micronaut.core.convert.TypeConverterRegistrar
07:29:20.904 [main] DEBUG io.micronaut.context.DefaultBeanContext -- Finding candidate beans for type: TypeConverterRegistrar
07:29:20.905 [main] DEBUG io.micronaut.context.condition.Condition -- Bean [io.micronaut.http.netty.channel.converters.$KQueueChannelOptionFactory$Definition] will not be loaded due to failing conditions:
07:29:20.905 [main] DEBUG io.micronaut.context.condition.Condition -- * Class [io.netty.channel.kqueue.KQueue] is not present
07:29:20.905 [main] DEBUG io.micronaut.context.condition.Condition -- Bean [io.micronaut.reactor.convert.$ReactorToRxJava2ConverterRegistrar$Definition] will not be loaded due to failing conditions:
07:29:20.905 [main] DEBUG io.micronaut.context.condition.Condition -- * Class [io.reactivex.Maybe] is not present
07:29:20.905 [main] DEBUG io.micronaut.context.condition.Condition -- Bean [io.micronaut.reactor.convert.$ReactorToRxJava3ConverterRegistrar$Definition] will not be loaded due to failing conditions:
07:29:20.905 [main] DEBUG io.micronaut.context.condition.Condition -- * Class [io.reactivex.rxjava3.core.Maybe] is not present
07:29:20.905 [main] DEBUG io.micronaut.context.DefaultBeanContext --   class io.micronaut.http.server.netty.converters.NettyConverters null Definition: io.micronaut.http.server.netty.converters.NettyConverters
07:29:20.905 [main] DEBUG io.micronaut.context.DefaultBeanContext --   class io.micronaut.buffer.netty.NettyByteBufferFactory null Definition: io.micronaut.buffer.netty.NettyByteBufferFactory
07:29:20.905 [main] DEBUG io.micronaut.context.DefaultBeanContext --   class io.micronaut.jackson.databind.convert.JacksonConverterRegistrar null Definition: io.micronaut.jackson.databind.convert.JacksonConverterRegistrar
07:29:20.905 [main] DEBUG io.micronaut.context.DefaultBeanContext --   class io.micronaut.json.convert.JsonConverterRegistrar null Definition: io.micronaut.json.convert.JsonConverterRegistrar
07:29:20.905 [main] DEBUG io.micronaut.context.DefaultBeanContext --   class io.micronaut.http.converters.HttpConverterRegistrar null Definition: io.micronaut.http.converters.HttpConverterRegistrar
07:29:20.905 [main] DEBUG io.micronaut.core.reflect.ClassUtils -- Attempting to dynamically load class io.micronaut.context.annotation.Prototype
07:29:20.905 [main] DEBUG io.micronaut.core.reflect.ClassUtils -- Successfully loaded class io.micronaut.context.annotation.Prototype
07:29:20.905 [main] DEBUG io.micronaut.context.DefaultBeanContext -- Finding candidate beans for type: BeanProvider decoderRegistryProvider
07:29:20.905 [main] DEBUG io.micronaut.context.DefaultBeanContext --   interface io.micronaut.context.BeanProvider null io.micronaut.inject.provider.BeanProviderDefinition@3cd344c0
07:29:20.905 [main] DEBUG io.micronaut.context.DefaultBeanContext -- Found concrete candidate [io.micronaut.inject.provider.BeanProviderDefinition@3cd344c0] for type: decoderRegistryProvider 
07:29:20.905 [main] DEBUG io.micronaut.context.lifecycle -- Created bean [io.micronaut.inject.provider.BeanProviderDefinition$1@7d4e424e] from definition [io.micronaut.inject.provider.BeanProviderDefinition@3cd344c0] with qualifier [null]
07:29:20.905 [main] DEBUG io.micronaut.context.DefaultBeanContext -- Finding candidate beans for type: BeanProvider channelOptionFactory
07:29:20.905 [main] DEBUG io.micronaut.context.DefaultBeanContext --   interface io.micronaut.context.BeanProvider null io.micronaut.inject.provider.BeanProviderDefinition@3cd344c0
07:29:20.905 [main] DEBUG io.micronaut.context.DefaultBeanContext -- Found concrete candidate [io.micronaut.inject.provider.BeanProviderDefinition@3cd344c0] for type: channelOptionFactory 
07:29:20.905 [main] DEBUG io.micronaut.context.lifecycle -- Created bean [io.micronaut.inject.provider.BeanProviderDefinition$1@799206ad] from definition [io.micronaut.inject.provider.BeanProviderDefinition@3cd344c0] with qualifier [null]
07:29:20.905 [main] DEBUG io.micronaut.context.lifecycle -- Created bean [io.micronaut.http.server.netty.converters.NettyConverters@60251ddb] from definition [Definition: io.micronaut.http.server.netty.converters.NettyConverters] with qualifier [null]
07:29:20.905 [main] DEBUG io.micronaut.context.DefaultBeanContext -- Found a registration BeanRegistration: io.micronaut.http.server.netty.converters.NettyConverters@60251ddb for candidate: Definition: io.micronaut.http.server.netty.converters.NettyConverters with qualifier: null
07:29:20.905 [main] DEBUG io.micronaut.context.lifecycle -- Created bean [io.micronaut.buffer.netty.NettyByteBufferFactory@2059c3ff] from definition [Definition: io.micronaut.buffer.netty.NettyByteBufferFactory] with qualifier [null]
07:29:20.905 [main] DEBUG io.micronaut.context.DefaultBeanContext -- Found a registration BeanRegistration: io.micronaut.buffer.netty.NettyByteBufferFactory@2059c3ff for candidate: Definition: io.micronaut.buffer.netty.NettyByteBufferFactory with qualifier: null
07:29:20.905 [main] DEBUG io.micronaut.core.reflect.ClassUtils -- Attempting to dynamically load class io.micronaut.context.annotation.Prototype
07:29:20.905 [main] DEBUG io.micronaut.core.reflect.ClassUtils -- Successfully loaded class io.micronaut.context.annotation.Prototype
07:29:20.906 [main] DEBUG io.micronaut.context.DefaultBeanContext -- Finding candidate beans for type: BeanProvider objectMapper
07:29:20.906 [main] DEBUG io.micronaut.context.DefaultBeanContext --   interface io.micronaut.context.BeanProvider null io.micronaut.inject.provider.BeanProviderDefinition@3cd344c0
07:29:20.906 [main] DEBUG io.micronaut.context.DefaultBeanContext -- Found concrete candidate [io.micronaut.inject.provider.BeanProviderDefinition@3cd344c0] for type: objectMapper 
07:29:20.906 [main] DEBUG io.micronaut.context.lifecycle -- Created bean [io.micronaut.inject.provider.BeanProviderDefinition$1@2f8ab988] from definition [io.micronaut.inject.provider.BeanProviderDefinition@3cd344c0] with qualifier [null]
07:29:20.906 [main] DEBUG io.micronaut.context.lifecycle -- Created bean [io.micronaut.jackson.databind.convert.JacksonConverterRegistrar@46c475ba] from definition [Definition: io.micronaut.jackson.databind.convert.JacksonConverterRegistrar] with qualifier [null]
07:29:20.906 [main] DEBUG io.micronaut.context.DefaultBeanContext -- Found a registration BeanRegistration: io.micronaut.jackson.databind.convert.JacksonConverterRegistrar@46c475ba for candidate: Definition: io.micronaut.jackson.databind.convert.JacksonConverterRegistrar with qualifier: null
07:29:20.906 [main] DEBUG io.micronaut.core.reflect.ClassUtils -- Attempting to dynamically load class io.micronaut.context.annotation.Prototype
07:29:20.906 [main] DEBUG io.micronaut.core.reflect.ClassUtils -- Successfully loaded class io.micronaut.context.annotation.Prototype
07:29:20.906 [main] DEBUG io.micronaut.context.DefaultBeanContext -- Finding candidate beans for type: BeanProvider objectCodec
07:29:20.906 [main] DEBUG io.micronaut.context.DefaultBeanContext --   interface io.micronaut.context.BeanProvider null io.micronaut.inject.provider.BeanProviderDefinition@3cd344c0
07:29:20.906 [main] DEBUG io.micronaut.context.DefaultBeanContext -- Found concrete candidate [io.micronaut.inject.provider.BeanProviderDefinition@3cd344c0] for type: objectCodec 
07:29:20.906 [main] DEBUG io.micronaut.context.lifecycle -- Created bean [io.micronaut.inject.provider.BeanProviderDefinition$1@e47637c] from definition [io.micronaut.inject.provider.BeanProviderDefinition@3cd344c0] with qualifier [null]
07:29:20.906 [main] DEBUG io.micronaut.context.DefaultBeanContext -- Finding candidate beans for type: BeanProvider beanPropertyBinder
07:29:20.906 [main] DEBUG io.micronaut.context.DefaultBeanContext --   interface io.micronaut.context.BeanProvider null io.micronaut.inject.provider.BeanProviderDefinition@3cd344c0
07:29:20.906 [main] DEBUG io.micronaut.context.DefaultBeanContext -- Found concrete candidate [io.micronaut.inject.provider.BeanProviderDefinition@3cd344c0] for type: beanPropertyBinder 
07:29:20.906 [main] DEBUG io.micronaut.context.lifecycle -- Created bean [io.micronaut.inject.provider.BeanProviderDefinition$1@606f0f70] from definition [io.micronaut.inject.provider.BeanProviderDefinition@3cd344c0] with qualifier [null]
07:29:20.906 [main] DEBUG io.micronaut.context.lifecycle -- Created bean [io.micronaut.json.convert.JsonConverterRegistrar@1a53ac0c] from definition [Definition: io.micronaut.json.convert.JsonConverterRegistrar] with qualifier [null]
07:29:20.906 [main] DEBUG io.micronaut.context.DefaultBeanContext -- Found a registration BeanRegistration: io.micronaut.json.convert.JsonConverterRegistrar@1a53ac0c for candidate: Definition: io.micronaut.json.convert.JsonConverterRegistrar with qualifier: null
07:29:20.906 [main] DEBUG io.micronaut.core.reflect.ClassUtils -- Attempting to dynamically load class io.micronaut.context.annotation.Prototype
07:29:20.906 [main] DEBUG io.micronaut.core.reflect.ClassUtils -- Successfully loaded class io.micronaut.context.annotation.Prototype
07:29:20.906 [main] DEBUG io.micronaut.context.DefaultBeanContext -- Finding candidate beans for type: BeanProvider resourceResolver
07:29:20.906 [main] DEBUG io.micronaut.context.DefaultBeanContext --   interface io.micronaut.context.BeanProvider null io.micronaut.inject.provider.BeanProviderDefinition@3cd344c0
07:29:20.906 [main] DEBUG io.micronaut.context.DefaultBeanContext -- Found concrete candidate [io.micronaut.inject.provider.BeanProviderDefinition@3cd344c0] for type: resourceResolver 
07:29:20.906 [main] DEBUG io.micronaut.context.lifecycle -- Created bean [io.micronaut.inject.provider.BeanProviderDefinition$1@7fdf7359] from definition [io.micronaut.inject.provider.BeanProviderDefinition@3cd344c0] with qualifier [null]
07:29:20.906 [main] DEBUG io.micronaut.context.lifecycle -- Created bean [io.micronaut.http.converters.HttpConverterRegistrar@4a36a35d] from definition [Definition: io.micronaut.http.converters.HttpConverterRegistrar] with qualifier [null]
07:29:20.906 [main] DEBUG io.micronaut.context.DefaultBeanContext -- Found a registration BeanRegistration: io.micronaut.http.converters.HttpConverterRegistrar@4a36a35d for candidate: Definition: io.micronaut.http.converters.HttpConverterRegistrar with qualifier: null
07:29:20.906 [main] DEBUG io.micronaut.context.DefaultBeanContext -- Found 5 bean registrations for type [typeConverterRegistrar]
07:29:20.906 [main] DEBUG io.micronaut.context.DefaultBeanContext --   Definition: io.micronaut.jackson.databind.convert.JacksonConverterRegistrar null
07:29:20.906 [main] DEBUG io.micronaut.context.DefaultBeanContext --   Definition: io.micronaut.json.convert.JsonConverterRegistrar null
07:29:20.906 [main] DEBUG io.micronaut.context.DefaultBeanContext --   Definition: io.micronaut.http.converters.HttpConverterRegistrar null
07:29:20.906 [main] DEBUG io.micronaut.context.DefaultBeanContext --   Definition: io.micronaut.buffer.netty.NettyByteBufferFactory null
07:29:20.906 [main] DEBUG io.micronaut.context.DefaultBeanContext --   Definition: io.micronaut.http.server.netty.converters.NettyConverters null
07:29:20.906 [main] DEBUG io.micronaut.context.condition.Condition -- Bean [io.micronaut.buffer.netty.$DefaultByteBufAllocatorConfiguration$Definition] will not be loaded due to failing conditions:
07:29:20.906 [main] DEBUG io.micronaut.context.condition.Condition -- * Required property [netty.default.allocator] with value [null] not present
07:29:20.906 [main] DEBUG io.micronaut.context.condition.Condition -- Bean [io.micronaut.logging.$PropertiesLoggingLevelsConfigurer$Definition] will not be loaded due to failing conditions:
07:29:20.906 [main] DEBUG io.micronaut.context.condition.Condition -- * Required property [logger] with value [null] not present
07:29:20.906 [main] DEBUG io.micronaut.context.DefaultBeanContext -- Finding candidate beans for type: SessionFactoryPerDataSourceFactory
07:29:20.907 [main] DEBUG io.micronaut.core.reflect.ClassUtils -- Attempting to dynamically load class org.hibernate.reactive.provider.ReactiveServiceRegistryBuilder
07:29:20.909 [main] DEBUG io.micronaut.core.reflect.ClassUtils -- Class org.hibernate.reactive.provider.ReactiveServiceRegistryBuilder is not present
07:29:20.909 [main] DEBUG io.micronaut.core.reflect.ClassUtils -- Attempting to dynamically load class org.hibernate.reactive.provider.ReactiveServiceRegistryBuilder
07:29:20.909 [main] DEBUG io.micronaut.core.reflect.ClassUtils -- Class org.hibernate.reactive.provider.ReactiveServiceRegistryBuilder is not present
07:29:20.910 [main] DEBUG io.micronaut.context.DefaultBeanContext --   class io.micronaut.configuration.hibernate.jpa.conf.SessionFactoryPerDataSourceFactory null Definition: io.micronaut.configuration.hibernate.jpa.conf.SessionFactoryPerDataSourceFactory
07:29:20.910 [main] DEBUG io.micronaut.context.condition.Condition -- Bean [Definition: io.micronaut.configuration.hibernate.jpa.conf.SessionFactoryPerJpaConfigurationFactory] will not be loaded due to failing conditions:
07:29:20.910 [main] DEBUG io.micronaut.context.condition.Condition -- * Existing bean [io.micronaut.configuration.hibernate.jpa.conf.SessionFactoryPerDataSourceFactory] of type [class io.micronaut.configuration.hibernate.jpa.conf.SessionFactoryPerDataSourceFactory] registered in context
07:29:20.910 [main] DEBUG io.micronaut.core.reflect.ClassUtils -- Attempting to dynamically load class org.hibernate.reactive.provider.ReactiveServiceRegistryBuilder
07:29:20.910 [main] DEBUG io.micronaut.core.reflect.ClassUtils -- Class org.hibernate.reactive.provider.ReactiveServiceRegistryBuilder is not present
07:29:20.910 [main] DEBUG io.micronaut.core.reflect.ClassUtils -- Attempting to dynamically load class org.hibernate.reactive.provider.ReactiveServiceRegistryBuilder
07:29:20.910 [main] DEBUG io.micronaut.core.reflect.ClassUtils -- Class org.hibernate.reactive.provider.ReactiveServiceRegistryBuilder is not present
07:29:20.910 [main] DEBUG io.micronaut.context.condition.Condition -- Bean [io.micronaut.reactor.instrument.$ReactorAutomaticContextPropagation$Definition] will not be loaded due to failing conditions:
07:29:20.910 [main] DEBUG io.micronaut.context.condition.Condition -- * Class [io.micrometer.context.ContextRegistry] is not present
07:29:20.910 [main] DEBUG io.micronaut.context.DefaultBeanContext -- Finding candidate beans for type: SessionFactoryBuilder
07:29:20.910 [main] DEBUG io.micronaut.core.reflect.ClassUtils -- Attempting to dynamically load class org.hibernate.reactive.provider.ReactiveServiceRegistryBuilder
07:29:20.910 [main] DEBUG io.micronaut.core.reflect.ClassUtils -- Class org.hibernate.reactive.provider.ReactiveServiceRegistryBuilder is not present
07:29:20.910 [main] DEBUG io.micronaut.core.reflect.ClassUtils -- Attempting to dynamically load class org.hibernate.reactive.provider.ReactiveServiceRegistryBuilder
07:29:20.910 [main] DEBUG io.micronaut.core.reflect.ClassUtils -- Class org.hibernate.reactive.provider.ReactiveServiceRegistryBuilder is not present
07:29:20.910 [main] DEBUG io.micronaut.context.DefaultBeanContext -- Finding candidate beans for type: Metadata
07:29:20.911 [main] DEBUG io.micronaut.context.DefaultBeanContext -- Finding candidate beans for type: SessionFactoryPerDataSourceFactory
07:29:20.911 [main] DEBUG io.micronaut.context.DefaultBeanContext --   class io.micronaut.configuration.hibernate.jpa.conf.SessionFactoryPerDataSourceFactory null Definition: io.micronaut.configuration.hibernate.jpa.conf.SessionFactoryPerDataSourceFactory
07:29:20.911 [main] DEBUG io.micronaut.context.condition.Condition -- Bean [Definition: io.micronaut.configuration.hibernate.jpa.conf.SessionFactoryPerJpaConfigurationFactory] will not be loaded due to failing conditions:
07:29:20.911 [main] DEBUG io.micronaut.context.condition.Condition -- * Existing bean [io.micronaut.configuration.hibernate.jpa.conf.SessionFactoryPerDataSourceFactory] of type [class io.micronaut.configuration.hibernate.jpa.conf.SessionFactoryPerDataSourceFactory] registered in context
07:29:20.911 [main] DEBUG io.micronaut.core.reflect.ClassUtils -- Attempting to dynamically load class org.hibernate.reactive.provider.ReactiveServiceRegistryBuilder
07:29:20.911 [main] DEBUG io.micronaut.core.reflect.ClassUtils -- Class org.hibernate.reactive.provider.ReactiveServiceRegistryBuilder is not present
07:29:20.911 [main] DEBUG io.micronaut.core.reflect.ClassUtils -- Attempting to dynamically load class org.hibernate.reactive.provider.ReactiveServiceRegistryBuilder
07:29:20.911 [main] DEBUG io.micronaut.core.reflect.ClassUtils -- Class org.hibernate.reactive.provider.ReactiveServiceRegistryBuilder is not present
07:29:20.911 [main] DEBUG io.micronaut.context.DefaultBeanContext -- Finding candidate beans for type: MetadataSources
07:29:20.911 [main] DEBUG io.micronaut.core.reflect.ClassUtils -- Attempting to dynamically load class org.hibernate.reactive.provider.ReactiveServiceRegistryBuilder
07:29:20.911 [main] DEBUG io.micronaut.core.reflect.ClassUtils -- Class org.hibernate.reactive.provider.ReactiveServiceRegistryBuilder is not present
07:29:20.911 [main] DEBUG io.micronaut.core.reflect.ClassUtils -- Attempting to dynamically load class org.hibernate.reactive.provider.ReactiveServiceRegistryBuilder
07:29:20.911 [main] DEBUG io.micronaut.core.reflect.ClassUtils -- Class org.hibernate.reactive.provider.ReactiveServiceRegistryBuilder is not present
07:29:20.912 [main] DEBUG io.micronaut.context.DefaultBeanContext -- Finding candidate beans for type: ServiceRegistry
07:29:20.912 [main] DEBUG io.micronaut.context.DefaultBeanContext -- Finding candidate beans for type: SessionFactoryPerDataSourceFactory
07:29:20.912 [main] DEBUG io.micronaut.context.DefaultBeanContext --   class io.micronaut.configuration.hibernate.jpa.conf.SessionFactoryPerDataSourceFactory null Definition: io.micronaut.configuration.hibernate.jpa.conf.SessionFactoryPerDataSourceFactory
07:29:20.912 [main] DEBUG io.micronaut.context.condition.Condition -- Bean [Definition: io.micronaut.configuration.hibernate.jpa.conf.SessionFactoryPerJpaConfigurationFactory] will not be loaded due to failing conditions:
07:29:20.912 [main] DEBUG io.micronaut.context.condition.Condition -- * Existing bean [io.micronaut.configuration.hibernate.jpa.conf.SessionFactoryPerDataSourceFactory] of type [class io.micronaut.configuration.hibernate.jpa.conf.SessionFactoryPerDataSourceFactory] registered in context
07:29:20.912 [main] DEBUG io.micronaut.core.reflect.ClassUtils -- Attempting to dynamically load class org.hibernate.reactive.provider.ReactiveServiceRegistryBuilder
07:29:20.912 [main] DEBUG io.micronaut.core.reflect.ClassUtils -- Class org.hibernate.reactive.provider.ReactiveServiceRegistryBuilder is not present
07:29:20.912 [main] DEBUG io.micronaut.core.reflect.ClassUtils -- Attempting to dynamically load class org.hibernate.reactive.provider.ReactiveServiceRegistryBuilder
07:29:20.912 [main] DEBUG io.micronaut.core.reflect.ClassUtils -- Class org.hibernate.reactive.provider.ReactiveServiceRegistryBuilder is not present
07:29:20.912 [main] DEBUG io.micronaut.context.DefaultBeanContext -- Finding candidate beans for type: DataSource
07:29:20.912 [main] DEBUG io.micronaut.context.DefaultBeanContext -- Finding candidate beans for type: DatasourceConfiguration
07:29:20.912 [main] DEBUG io.micronaut.context.DefaultBeanContext --   class io.micronaut.configuration.jdbc.hikari.DatasourceConfiguration @Named('default') Definition: io.micronaut.configuration.jdbc.hikari.DatasourceConfiguration
07:29:20.912 [main] DEBUG io.micronaut.context.DefaultBeanContext --   interface javax.sql.DataSource @Named('default') Definition: io.micronaut.configuration.jdbc.hikari.DatasourceFactory
07:29:20.913 [main] DEBUG io.micronaut.core.reflect.ClassUtils -- Attempting to dynamically load class org.hibernate.reactive.provider.ReactiveServiceRegistryBuilder
07:29:20.913 [main] DEBUG io.micronaut.core.reflect.ClassUtils -- Class org.hibernate.reactive.provider.ReactiveServiceRegistryBuilder is not present
07:29:20.913 [main] DEBUG io.micronaut.context.DefaultBeanContext --   interface org.hibernate.service.ServiceRegistry @Named('default') Definition: io.micronaut.configuration.hibernate.jpa.conf.SessionFactoryPerDataSourceFactory
07:29:20.913 [main] DEBUG io.micronaut.core.reflect.ClassUtils -- Attempting to dynamically load class org.hibernate.reactive.provider.ReactiveServiceRegistryBuilder
07:29:20.913 [main] DEBUG io.micronaut.core.reflect.ClassUtils -- Class org.hibernate.reactive.provider.ReactiveServiceRegistryBuilder is not present
07:29:20.913 [main] DEBUG io.micronaut.context.DefaultBeanContext -- Finding candidate beans for type: SessionFactoryPerDataSourceFactory
07:29:20.913 [main] DEBUG io.micronaut.context.DefaultBeanContext --   class io.micronaut.configuration.hibernate.jpa.conf.SessionFactoryPerDataSourceFactory null Definition: io.micronaut.configuration.hibernate.jpa.conf.SessionFactoryPerDataSourceFactory
07:29:20.913 [main] DEBUG io.micronaut.context.condition.Condition -- Bean [Definition: io.micronaut.configuration.hibernate.jpa.conf.SessionFactoryPerJpaConfigurationFactory] will not be loaded due to failing conditions:
07:29:20.913 [main] DEBUG io.micronaut.context.condition.Condition -- * Existing bean [io.micronaut.configuration.hibernate.jpa.conf.SessionFactoryPerDataSourceFactory] of type [class io.micronaut.configuration.hibernate.jpa.conf.SessionFactoryPerDataSourceFactory] registered in context
07:29:20.913 [main] DEBUG io.micronaut.context.DefaultBeanContext --   class org.hibernate.boot.MetadataSources @Named('default') Definition: io.micronaut.configuration.hibernate.jpa.conf.SessionFactoryPerDataSourceFactory
07:29:20.913 [main] DEBUG io.micronaut.core.reflect.ClassUtils -- Attempting to dynamically load class org.hibernate.reactive.provider.ReactiveServiceRegistryBuilder
07:29:20.913 [main] DEBUG io.micronaut.core.reflect.ClassUtils -- Class org.hibernate.reactive.provider.ReactiveServiceRegistryBuilder is not present
07:29:20.913 [main] DEBUG io.micronaut.context.DefaultBeanContext --   interface org.hibernate.boot.Metadata @Named('default') Definition: io.micronaut.configuration.hibernate.jpa.conf.SessionFactoryPerDataSourceFactory
07:29:20.913 [main] DEBUG io.micronaut.core.reflect.ClassUtils -- Attempting to dynamically load class org.hibernate.reactive.provider.ReactiveServiceRegistryBuilder
07:29:20.913 [main] DEBUG io.micronaut.core.reflect.ClassUtils -- Class org.hibernate.reactive.provider.ReactiveServiceRegistryBuilder is not present
07:29:20.913 [main] DEBUG io.micronaut.context.DefaultBeanContext -- Finding candidate beans for type: SessionFactoryPerDataSourceFactory
07:29:20.913 [main] DEBUG io.micronaut.context.DefaultBeanContext --   class io.micronaut.configuration.hibernate.jpa.conf.SessionFactoryPerDataSourceFactory null Definition: io.micronaut.configuration.hibernate.jpa.conf.SessionFactoryPerDataSourceFactory
07:29:20.913 [main] DEBUG io.micronaut.context.condition.Condition -- Bean [Definition: io.micronaut.configuration.hibernate.jpa.conf.SessionFactoryPerJpaConfigurationFactory] will not be loaded due to failing conditions:
07:29:20.913 [main] DEBUG io.micronaut.context.condition.Condition -- * Existing bean [io.micronaut.configuration.hibernate.jpa.conf.SessionFactoryPerDataSourceFactory] of type [class io.micronaut.configuration.hibernate.jpa.conf.SessionFactoryPerDataSourceFactory] registered in context
07:29:20.913 [main] DEBUG io.micronaut.context.DefaultBeanContext --   interface org.hibernate.boot.SessionFactoryBuilder @Named('default') Definition: io.micronaut.configuration.hibernate.jpa.conf.SessionFactoryPerDataSourceFactory
07:29:20.914 [main] DEBUG io.micronaut.core.reflect.ClassUtils -- Attempting to dynamically load class org.hibernate.reactive.provider.ReactiveServiceRegistryBuilder
07:29:20.914 [main] DEBUG io.micronaut.core.reflect.ClassUtils -- Class org.hibernate.reactive.provider.ReactiveServiceRegistryBuilder is not present
07:29:20.914 [main] DEBUG io.micronaut.context.DefaultBeanContext -- Finding candidate beans for type: SessionFactoryPerDataSourceFactory
07:29:20.914 [main] DEBUG io.micronaut.context.DefaultBeanContext --   class io.micronaut.configuration.hibernate.jpa.conf.SessionFactoryPerDataSourceFactory null Definition: io.micronaut.configuration.hibernate.jpa.conf.SessionFactoryPerDataSourceFactory
07:29:20.914 [main] DEBUG io.micronaut.context.DefaultBeanContext -- Found concrete candidate [Definition: io.micronaut.configuration.hibernate.jpa.conf.SessionFactoryPerDataSourceFactory] for type: sessionFactoryPerDataSourceFactory 
07:29:20.914 [main] DEBUG io.micronaut.context.DefaultBeanContext -- Finding candidate beans for type: Environment environment
07:29:20.914 [main] DEBUG io.micronaut.context.DefaultBeanContext --   class io.micronaut.context.env.DefaultEnvironment @Primary io.micronaut.context.DefaultRuntimeBeanDefinition@52ba21e4
07:29:20.914 [main] DEBUG io.micronaut.context.DefaultBeanContext -- Found concrete candidate [io.micronaut.context.DefaultRuntimeBeanDefinition@52ba21e4] for type: environment 
07:29:20.914 [main] DEBUG io.micronaut.context.lifecycle -- Created bean [io.micronaut.context.DefaultApplicationContext$RuntimeConfiguredEnvironment@662e5590] from definition [io.micronaut.context.DefaultRuntimeBeanDefinition@52ba21e4] with qualifier [@Primary]
07:29:20.914 [main] DEBUG io.micronaut.context.DefaultBeanContext -- Resolving beans for type: io.micronaut.configuration.hibernate.jpa.conf.sessionfactory.configure.SessionFactoryBuilderConfigurer
07:29:20.914 [main] DEBUG io.micronaut.context.DefaultBeanContext -- Finding candidate beans for type: SessionFactoryBuilderConfigurer E
07:29:20.914 [main] DEBUG io.micronaut.context.DefaultBeanContext -- Finding candidate beans for type: ValidatorFactory
07:29:20.914 [main] DEBUG io.micronaut.context.DefaultBeanContext -- Finding candidate beans for type: ValidatorFactory
07:29:20.914 [main] DEBUG io.micronaut.context.DefaultBeanContext -- No bean candidates found for type: ValidatorFactory
07:29:20.914 [main] DEBUG io.micronaut.context.DefaultBeanContext --   class io.micronaut.validation.validator.DefaultValidatorFactory null Definition: io.micronaut.validation.validator.DefaultValidatorFactory
07:29:20.914 [main] DEBUG io.micronaut.context.DefaultBeanContext --   class io.micronaut.configuration.hibernate.jpa.conf.sessionfactory.configure.internal.ValidatorFactoryConfigurer null Definition: io.micronaut.configuration.hibernate.jpa.conf.sessionfactory.configure.internal.ValidatorFactoryConfigurer
07:29:20.915 [main] DEBUG io.micronaut.core.reflect.ClassUtils -- Attempting to dynamically load class io.micronaut.context.annotation.Prototype
07:29:20.915 [main] DEBUG io.micronaut.core.reflect.ClassUtils -- Successfully loaded class io.micronaut.context.annotation.Prototype
07:29:20.915 [main] DEBUG io.micronaut.context.DefaultBeanContext -- Finding candidate beans for type: ValidatorFactory validatorFactory
07:29:20.917 [main] DEBUG io.micronaut.context.DefaultBeanContext --   class io.micronaut.validation.validator.DefaultValidatorFactory null Definition: io.micronaut.validation.validator.DefaultValidatorFactory
07:29:20.917 [main] DEBUG io.micronaut.context.DefaultBeanContext -- Found concrete candidate [Definition: io.micronaut.validation.validator.DefaultValidatorFactory] for type: validatorFactory 
07:29:20.917 [main] DEBUG io.micronaut.context.DefaultBeanContext -- Finding candidate beans for type: Validator validator
07:29:20.918 [main] DEBUG io.micronaut.context.DefaultBeanContext --   class io.micronaut.validation.validator.DefaultValidator null Definition: io.micronaut.validation.validator.DefaultValidator
07:29:20.918 [main] DEBUG io.micronaut.context.DefaultBeanContext -- Found concrete candidate [Definition: io.micronaut.validation.validator.DefaultValidator] for type: validator 
07:29:20.918 [main] DEBUG io.micronaut.context.DefaultBeanContext -- Finding candidate beans for type: ValidatorConfiguration configuration
07:29:20.919 [main] DEBUG io.micronaut.context.DefaultBeanContext --   class io.micronaut.validation.validator.DefaultValidatorConfiguration null Definition: io.micronaut.validation.validator.DefaultValidatorConfiguration
07:29:20.919 [main] DEBUG io.micronaut.context.DefaultBeanContext -- Found concrete candidate [Definition: io.micronaut.validation.validator.DefaultValidatorConfiguration] for type: configuration 
07:29:20.919 [main] DEBUG io.micronaut.context.DefaultBeanContext -- Finding candidate beans for type: ConstraintValidatorRegistry constraintValidatorRegistry
07:29:20.919 [main] DEBUG io.micronaut.context.DefaultBeanContext --   class io.micronaut.validation.validator.constraints.DefaultConstraintValidators null Definition: io.micronaut.validation.validator.constraints.DefaultConstraintValidators
07:29:20.919 [main] DEBUG io.micronaut.context.DefaultBeanContext -- Found concrete candidate [Definition: io.micronaut.validation.validator.constraints.DefaultConstraintValidators] for type: constraintValidatorRegistry 
07:29:20.919 [main] DEBUG io.micronaut.core.beans.DefaultBeanIntrospector -- Found BeanIntrospection for type: class io.micronaut.validation.validator.constraints.InternalConstraintValidators,
07:29:20.919 [main] DEBUG io.micronaut.context.lifecycle -- Created bean [io.micronaut.validation.validator.constraints.DefaultConstraintValidators@558ed473] from definition [Definition: io.micronaut.validation.validator.constraints.DefaultConstraintValidators] with qualifier [null]
07:29:20.919 [main] DEBUG io.micronaut.context.DefaultBeanContext -- Finding candidate beans for type: ValueExtractorRegistry valueExtractorRegistry
07:29:20.919 [main] DEBUG io.micronaut.context.DefaultBeanContext --   class io.micronaut.validation.validator.extractors.DefaultValueExtractors null Definition: io.micronaut.validation.validator.extractors.DefaultValueExtractors
07:29:20.919 [main] DEBUG io.micronaut.context.DefaultBeanContext -- Found concrete candidate [Definition: io.micronaut.validation.validator.extractors.DefaultValueExtractors] for type: valueExtractorRegistry 
07:29:20.919 [main] DEBUG io.micronaut.core.beans.DefaultBeanIntrospector -- Found BeanIntrospection for type: class io.micronaut.validation.validator.extractors.InternalValueExtractors,
07:29:20.920 [main] DEBUG io.micronaut.context.DefaultBeanContext -- Finding candidate beans for type: ValueExtractor
07:29:20.920 [main] DEBUG io.micronaut.context.DefaultBeanContext -- No bean candidates found for type: ValueExtractor
07:29:20.920 [main] DEBUG io.micronaut.context.lifecycle -- Created bean [io.micronaut.validation.validator.extractors.DefaultValueExtractors@514f2020] from definition [Definition: io.micronaut.validation.validator.extractors.DefaultValueExtractors] with qualifier [null]
07:29:20.920 [main] DEBUG io.micronaut.context.DefaultBeanContext -- Finding candidate beans for type: ClockProvider clockProvider
07:29:20.920 [main] DEBUG io.micronaut.context.DefaultBeanContext --   class io.micronaut.validation.validator.DefaultClockProvider null Definition: io.micronaut.validation.validator.DefaultClockProvider
07:29:20.920 [main] DEBUG io.micronaut.context.DefaultBeanContext -- Found concrete candidate [Definition: io.micronaut.validation.validator.DefaultClockProvider] for type: clockProvider 
07:29:20.920 [main] DEBUG io.micronaut.context.lifecycle -- Created bean [io.micronaut.validation.validator.DefaultClockProvider@2e1c5d1f] from definition [Definition: io.micronaut.validation.validator.DefaultClockProvider] with qualifier [null]
07:29:20.920 [main] DEBUG io.micronaut.context.DefaultBeanContext -- Finding candidate beans for type: TraversableResolver traversableResolver
07:29:20.920 [main] DEBUG io.micronaut.context.DefaultBeanContext --   class io.micronaut.validation.validator.resolver.CompositeTraversableResolver null Definition: io.micronaut.validation.validator.resolver.CompositeTraversableResolver
07:29:20.920 [main] DEBUG io.micronaut.context.DefaultBeanContext --   class io.micronaut.configuration.hibernate.jpa.validation.JPATraversableResolver null Definition: io.micronaut.configuration.hibernate.jpa.validation.JPATraversableResolver
07:29:20.920 [main] DEBUG io.micronaut.context.DefaultBeanContext -- Searching for @Primary for type [traversableResolver] from candidates: [Definition: io.micronaut.validation.validator.resolver.CompositeTraversableResolver, Definition: io.micronaut.configuration.hibernate.jpa.validation.JPATraversableResolver] 
07:29:20.920 [main] DEBUG io.micronaut.context.DefaultBeanContext -- Found concrete candidate [Definition: io.micronaut.validation.validator.resolver.CompositeTraversableResolver] for type: traversableResolver 
07:29:20.920 [main] DEBUG io.micronaut.context.DefaultBeanContext -- Resolving beans for type: jakarta.validation.TraversableResolver
07:29:20.920 [main] DEBUG io.micronaut.context.DefaultBeanContext -- Finding candidate beans for type: TraversableResolver E
07:29:20.920 [main] DEBUG io.micronaut.context.DefaultBeanContext --   class io.micronaut.validation.validator.resolver.CompositeTraversableResolver null Definition: io.micronaut.validation.validator.resolver.CompositeTraversableResolver
07:29:20.920 [main] DEBUG io.micronaut.context.DefaultBeanContext --   class io.micronaut.configuration.hibernate.jpa.validation.JPATraversableResolver null Definition: io.micronaut.configuration.hibernate.jpa.validation.JPATraversableResolver
07:29:20.920 [main] DEBUG io.micronaut.context.lifecycle -- Created bean [io.micronaut.configuration.hibernate.jpa.validation.JPATraversableResolver@2d2afc39] from definition [Definition: io.micronaut.configuration.hibernate.jpa.validation.JPATraversableResolver] with qualifier [null]
07:29:20.920 [main] DEBUG io.micronaut.context.DefaultBeanContext -- Found a registration BeanRegistration: io.micronaut.configuration.hibernate.jpa.validation.JPATraversableResolver@2d2afc39 for candidate: Definition: io.micronaut.configuration.hibernate.jpa.validation.JPATraversableResolver with qualifier: null
07:29:20.920 [main] DEBUG io.micronaut.context.lifecycle -- Created bean [io.micronaut.validation.validator.resolver.CompositeTraversableResolver@e2498a3] from definition [Definition: io.micronaut.validation.validator.resolver.CompositeTraversableResolver] with qualifier [null]
07:29:20.920 [main] DEBUG io.micronaut.context.DefaultBeanContext -- Finding candidate beans for type: MessageInterpolator messageInterpolator
07:29:20.921 [main] DEBUG io.micronaut.context.DefaultBeanContext --   class io.micronaut.validation.validator.messages.DefaultMessageInterpolator null Definition: io.micronaut.validation.validator.messages.DefaultMessageInterpolator
07:29:20.921 [main] DEBUG io.micronaut.context.DefaultBeanContext -- Found concrete candidate [Definition: io.micronaut.validation.validator.messages.DefaultMessageInterpolator] for type: messageInterpolator 
07:29:20.922 [main] DEBUG io.micronaut.context.DefaultBeanContext -- Finding candidate beans for type: MessageSource messageSource
07:29:20.922 [main] DEBUG io.micronaut.context.DefaultBeanContext --   class io.micronaut.runtime.context.CompositeMessageSource null Definition: io.micronaut.runtime.context.CompositeMessageSource
07:29:20.922 [main] DEBUG io.micronaut.context.DefaultBeanContext --   class io.micronaut.validation.validator.messages.DefaultMessages null Definition: io.micronaut.validation.validator.messages.DefaultMessages
07:29:20.922 [main] DEBUG io.micronaut.context.DefaultBeanContext -- Searching for @Primary for type [messageSource] from candidates: [Definition: io.micronaut.runtime.context.CompositeMessageSource, Definition: io.micronaut.validation.validator.messages.DefaultMessages] 
07:29:20.922 [main] DEBUG io.micronaut.context.DefaultBeanContext -- Found concrete candidate [Definition: io.micronaut.runtime.context.CompositeMessageSource] for type: messageSource 
07:29:20.923 [main] DEBUG io.micronaut.context.DefaultBeanContext -- Resolving beans for type: io.micronaut.context.MessageSource
07:29:20.923 [main] DEBUG io.micronaut.context.DefaultBeanContext -- Finding candidate beans for type: MessageSource E
07:29:20.923 [main] DEBUG io.micronaut.context.DefaultBeanContext --   class io.micronaut.runtime.context.CompositeMessageSource null Definition: io.micronaut.runtime.context.CompositeMessageSource
07:29:20.923 [main] DEBUG io.micronaut.context.DefaultBeanContext --   class io.micronaut.validation.validator.messages.DefaultMessages null Definition: io.micronaut.validation.validator.messages.DefaultMessages
07:29:20.923 [main] DEBUG io.micronaut.core.reflect.ClassUtils -- Attempting to dynamically load class io.micronaut.context.annotation.Prototype
07:29:20.923 [main] DEBUG io.micronaut.core.reflect.ClassUtils -- Successfully loaded class io.micronaut.context.annotation.Prototype
07:29:20.923 [main] DEBUG io.micronaut.context.lifecycle -- Created bean [io.micronaut.validation.validator.messages.DefaultMessages@26c2f767] from definition [Definition: io.micronaut.validation.validator.messages.DefaultMessages] with qualifier [null]
07:29:20.923 [main] DEBUG io.micronaut.context.DefaultBeanContext -- Found a registration BeanRegistration: io.micronaut.validation.validator.messages.DefaultMessages@26c2f767 for candidate: Definition: io.micronaut.validation.validator.messages.DefaultMessages with qualifier: null
07:29:20.923 [main] DEBUG io.micronaut.context.DefaultBeanContext -- Found 1 bean registrations for type [E]
07:29:20.923 [main] DEBUG io.micronaut.context.DefaultBeanContext --   Definition: io.micronaut.validation.validator.messages.DefaultMessages null
07:29:20.923 [main] DEBUG io.micronaut.context.lifecycle -- Created bean [io.micronaut.runtime.context.CompositeMessageSource@6a7ab205] from definition [Definition: io.micronaut.runtime.context.CompositeMessageSource] with qualifier [null]
07:29:20.924 [main] DEBUG io.micronaut.context.lifecycle -- Created bean [io.micronaut.validation.validator.messages.DefaultMessageInterpolator@10cb5047] from definition [Definition: io.micronaut.validation.validator.messages.DefaultMessageInterpolator] with qualifier [null]
07:29:20.924 [main] DEBUG io.micronaut.context.lifecycle -- Created bean [io.micronaut.validation.validator.DefaultValidatorConfiguration@3a00237d] from definition [Definition: io.micronaut.validation.validator.DefaultValidatorConfiguration] with qualifier [null]
07:29:20.924 [main] DEBUG io.micronaut.context.lifecycle -- Created bean [io.micronaut.validation.validator.DefaultValidator@bc88295] from definition [Definition: io.micronaut.validation.validator.DefaultValidator] with qualifier [null]
07:29:20.924 [main] DEBUG io.micronaut.context.lifecycle -- Created bean [io.micronaut.validation.validator.DefaultValidatorFactory@341df373] from definition [Definition: io.micronaut.validation.validator.DefaultValidatorFactory] with qualifier [null]
07:29:20.924 [main] DEBUG io.micronaut.context.lifecycle -- Created bean [io.micronaut.configuration.hibernate.jpa.conf.sessionfactory.configure.internal.ValidatorFactoryConfigurer@7e9ed4df] from definition [Definition: io.micronaut.configuration.hibernate.jpa.conf.sessionfactory.configure.internal.ValidatorFactoryConfigurer] with qualifier [null]
07:29:20.924 [main] DEBUG io.micronaut.context.DefaultBeanContext -- Found a registration BeanRegistration: io.micronaut.configuration.hibernate.jpa.conf.sessionfactory.configure.internal.ValidatorFactoryConfigurer@7e9ed4df for candidate: Definition: io.micronaut.configuration.hibernate.jpa.conf.sessionfactory.configure.internal.ValidatorFactoryConfigurer with qualifier: null
07:29:20.924 [main] DEBUG io.micronaut.context.DefaultBeanContext -- Found 1 bean registrations for type [E]
07:29:20.924 [main] DEBUG io.micronaut.context.DefaultBeanContext --   Definition: io.micronaut.configuration.hibernate.jpa.conf.sessionfactory.configure.internal.ValidatorFactoryConfigurer null
07:29:20.924 [main] DEBUG io.micronaut.context.DefaultBeanContext -- Finding candidate beans for type: StandardServiceRegistryBuilderCreator serviceRegistryBuilderSupplier
07:29:20.924 [main] DEBUG io.micronaut.context.DefaultBeanContext -- Finding candidate beans for type: StandardServiceRegistryBuilderCreator
07:29:20.924 [main] DEBUG io.micronaut.context.DefaultBeanContext -- No bean candidates found for type: StandardServiceRegistryBuilderCreator
07:29:20.924 [main] DEBUG io.micronaut.context.DefaultBeanContext --   class io.micronaut.configuration.hibernate.jpa.conf.serviceregistry.builder.supplier.internal.DefaultStandardServiceRegistryBuilderCreatorCreator null Definition: io.micronaut.configuration.hibernate.jpa.conf.serviceregistry.builder.supplier.internal.DefaultStandardServiceRegistryBuilderCreatorCreator
07:29:20.924 [main] DEBUG io.micronaut.context.DefaultBeanContext -- Found concrete candidate [Definition: io.micronaut.configuration.hibernate.jpa.conf.serviceregistry.builder.supplier.internal.DefaultStandardServiceRegistryBuilderCreatorCreator] for type: serviceRegistryBuilderSupplier 
07:29:20.924 [main] DEBUG io.micronaut.core.reflect.ClassUtils -- Attempting to dynamically load class io.micronaut.context.annotation.Prototype
07:29:20.924 [main] DEBUG io.micronaut.core.reflect.ClassUtils -- Successfully loaded class io.micronaut.context.annotation.Prototype
07:29:20.924 [main] DEBUG io.micronaut.context.DefaultBeanContext -- Finding candidate beans for type: Integrator integrator
07:29:20.924 [main] DEBUG io.micronaut.context.DefaultBeanContext --   class io.micronaut.data.hibernate.event.EventIntegrator null Definition: io.micronaut.data.hibernate.event.EventIntegrator
07:29:20.924 [main] DEBUG io.micronaut.context.DefaultBeanContext -- Found concrete candidate [Definition: io.micronaut.data.hibernate.event.EventIntegrator] for type: integrator 
07:29:20.924 [main] DEBUG io.micronaut.context.DefaultBeanContext -- Finding candidate beans for type: RuntimeEntityRegistry entityRegistry
07:29:20.925 [main] DEBUG io.micronaut.context.DefaultBeanContext --   class io.micronaut.data.runtime.support.DefaultRuntimeEntityRegistry null Definition: io.micronaut.data.runtime.support.DefaultRuntimeEntityRegistry
07:29:20.925 [main] DEBUG io.micronaut.context.DefaultBeanContext -- Found concrete candidate [Definition: io.micronaut.data.runtime.support.DefaultRuntimeEntityRegistry] for type: entityRegistry 
07:29:20.925 [main] DEBUG io.micronaut.context.DefaultBeanContext -- Finding candidate beans for type: EntityEventRegistry eventRegistry
07:29:20.925 [main] DEBUG io.micronaut.context.DefaultBeanContext --   class io.micronaut.data.runtime.event.EntityEventRegistry null Definition: io.micronaut.data.runtime.event.EntityEventRegistry
07:29:20.925 [main] DEBUG io.micronaut.context.DefaultBeanContext -- Found concrete candidate [Definition: io.micronaut.data.runtime.event.EntityEventRegistry] for type: eventRegistry 
07:29:20.925 [main] DEBUG io.micronaut.context.DefaultBeanContext -- Finding candidate beans for type: EntityEventListener
07:29:20.925 [main] DEBUG io.micronaut.context.DefaultBeanContext --   class io.micronaut.data.runtime.event.listeners.AnnotatedMethodInvokingEntityEventListener null Definition: io.micronaut.data.runtime.event.listeners.AnnotatedMethodInvokingEntityEventListener
07:29:20.925 [main] DEBUG io.micronaut.context.DefaultBeanContext --   class io.micronaut.data.runtime.event.listeners.AutoTimestampEntityEventListener null Definition: io.micronaut.data.runtime.event.listeners.AutoTimestampEntityEventListener
07:29:20.925 [main] DEBUG io.micronaut.context.DefaultBeanContext --   class io.micronaut.data.runtime.event.listeners.VersionGeneratingEntityEventListener null Definition: io.micronaut.data.runtime.event.listeners.VersionGeneratingEntityEventListener
07:29:20.925 [main] DEBUG io.micronaut.context.DefaultBeanContext --   class io.micronaut.data.runtime.event.EntityEventRegistry null Definition: io.micronaut.data.runtime.event.EntityEventRegistry
07:29:20.925 [main] DEBUG io.micronaut.context.DefaultBeanContext --   class io.micronaut.data.runtime.event.listeners.UUIDGeneratingEntityEventListener null Definition: io.micronaut.data.runtime.event.listeners.UUIDGeneratingEntityEventListener
07:29:20.925 [main] DEBUG io.micronaut.context.DefaultBeanContext -- Finding candidate beans for qualifier: @EntityEventMapping
07:29:20.926 [main] DEBUG io.micronaut.context.condition.Condition -- Bean [io.micronaut.http.server.netty.jackson.$JsonViewServerFilter$Definition] will not be loaded due to failing conditions:
07:29:20.926 [main] DEBUG io.micronaut.context.condition.Condition -- * Required property [jackson.json-view.enabled] with value [null] not present
07:29:20.926 [main] DEBUG io.micronaut.context.condition.Condition -- Bean [io.micronaut.http.server.netty.jackson.$JsonViewMediaTypeCodecFactory$Definition] will not be loaded due to failing conditions:
07:29:20.926 [main] DEBUG io.micronaut.context.condition.Condition -- * Required property [jackson.json-view.enabled] with value [null] not present
07:29:20.926 [main] DEBUG io.micronaut.context.condition.Condition -- Bean [io.micronaut.http.server.util.locale.$HttpFixedLocaleResolver$Definition] will not be loaded due to failing conditions:
07:29:20.926 [main] DEBUG io.micronaut.context.condition.Condition -- * Required property [micronaut.server.locale-resolution.fixed] with value [null] not present
07:29:20.926 [main] DEBUG io.micronaut.context.condition.Condition -- Bean [io.micronaut.http.server.$CoroutineHelper$Definition] will not be loaded due to failing conditions:
07:29:20.926 [main] DEBUG io.micronaut.context.condition.Condition -- * Class [kotlin.coroutines.CoroutineContext] is not present
07:29:20.926 [main] DEBUG io.micronaut.context.condition.Condition -- Bean [io.micronaut.http.server.$OptionsFilter$Definition] will not be loaded due to failing conditions:
07:29:20.926 [main] DEBUG io.micronaut.context.condition.Condition -- * Property [micronaut.server.dispatch-options-requests] with value [false] does not equal required value: true
07:29:20.926 [main] DEBUG io.micronaut.context.condition.Condition -- Bean [io.micronaut.http.server.util.locale.$CookieLocaleResolver$Definition] will not be loaded due to failing conditions:
07:29:20.926 [main] DEBUG io.micronaut.context.condition.Condition -- * Required property [micronaut.server.locale-resolution.cookie-name] with value [null] not present
07:29:20.926 [main] DEBUG io.micronaut.context.condition.Condition -- Bean [io.micronaut.http.ssl.$ServerSslConfiguration$DefaultKeyStoreConfiguration$Definition] will not be loaded due to failing conditions:
07:29:20.926 [main] DEBUG io.micronaut.context.condition.Condition -- * Required property [micronaut.server.ssl.key-store] with value [null] not present
07:29:20.926 [main] DEBUG io.micronaut.context.condition.Condition -- Bean [io.micronaut.http.body.$ConversionTextPlainHandler$Definition] will not be loaded due to failing conditions:
07:29:20.926 [main] DEBUG io.micronaut.context.condition.Condition -- * Required property [micronaut.http.legacy-text-conversion] with value [true] not present
07:29:20.926 [main] DEBUG io.micronaut.context.condition.Condition -- Bean [io.micronaut.http.ssl.$ServerSslConfiguration$DefaultKeyConfiguration$Definition] will not be loaded due to failing conditions:
07:29:20.926 [main] DEBUG io.micronaut.context.condition.Condition -- * Required property [micronaut.server.ssl.key] with value [null] not present
07:29:20.926 [main] DEBUG io.micronaut.context.condition.Condition -- Bean [io.micronaut.http.ssl.$ClientSslConfiguration$DefaultTrustStoreConfiguration$Definition] will not be loaded due to failing conditions:
07:29:20.926 [main] DEBUG io.micronaut.context.condition.Condition -- * Required property [micronaut.http.client.ssl.trust-store] with value [null] not present
07:29:20.926 [main] DEBUG io.micronaut.context.condition.Condition -- Bean [io.micronaut.http.ssl.$ServerSslConfiguration$DefaultTrustStoreConfiguration$Definition] will not be loaded due to failing conditions:
07:29:20.926 [main] DEBUG io.micronaut.context.condition.Condition -- * Required property [micronaut.server.ssl.trust-store] with value [null] not present
07:29:20.926 [main] DEBUG io.micronaut.context.condition.Condition -- Bean [io.micronaut.http.ssl.$ClientSslConfiguration$DefaultKeyConfiguration$Definition] will not be loaded due to failing conditions:
07:29:20.926 [main] DEBUG io.micronaut.context.condition.Condition -- * Required property [micronaut.http.client.ssl.key] with value [null] not present
07:29:20.927 [main] DEBUG io.micronaut.context.condition.Condition -- Bean [io.micronaut.http.ssl.$ClientSslConfiguration$DefaultKeyStoreConfiguration$Definition] will not be loaded due to failing conditions:
07:29:20.927 [main] DEBUG io.micronaut.context.condition.Condition -- * Required property [micronaut.http.client.ssl.key-store] with value [null] not present
07:29:20.927 [main] DEBUG io.micronaut.context.condition.Condition -- Bean [io.micronaut.web.router.version.$ConfigurationDefaultVersionProvider$Definition] will not be loaded due to failing conditions:
07:29:20.927 [main] DEBUG io.micronaut.context.condition.Condition -- * Required property [micronaut.router.versioning.default-version] with value [null] not present
07:29:20.927 [main] DEBUG io.micronaut.context.condition.Condition -- Bean [io.micronaut.web.router.version.resolution.$HeaderVersionResolverConfiguration$Definition] will not be loaded due to failing conditions:
07:29:20.927 [main] DEBUG io.micronaut.context.condition.Condition -- * Required property [micronaut.router.versioning.header.enabled] with value [true] not present
07:29:20.927 [main] DEBUG io.micronaut.context.condition.Condition -- Bean [io.micronaut.web.router.version.$RoutesVersioningConfiguration$Definition] will not be loaded due to failing conditions:
07:29:20.927 [main] DEBUG io.micronaut.context.condition.Condition -- * Required property [micronaut.router.versioning.enabled] with value [true] not present
07:29:20.927 [main] DEBUG io.micronaut.context.condition.Condition -- Bean [io.micronaut.web.router.naming.$ConfigurableUriNamingStrategy$Definition] will not be loaded due to failing conditions:
07:29:20.927 [main] DEBUG io.micronaut.context.condition.Condition -- * Required property [micronaut.server.context-path] with value [null] not present
07:29:20.927 [main] DEBUG io.micronaut.context.condition.Condition -- Bean [io.micronaut.web.router.version.resolution.$ParameterVersionResolverConfiguration$Definition] will not be loaded due to failing conditions:
07:29:20.927 [main] DEBUG io.micronaut.context.condition.Condition -- * Required property [micronaut.router.versioning.parameter.enabled] with value [true] not present
07:29:20.927 [main] DEBUG io.micronaut.context.condition.Condition -- Bean [io.micronaut.http.netty.channel.converters.$EpollChannelOptionFactory$Definition] will not be loaded due to failing conditions:
07:29:20.927 [main] DEBUG io.micronaut.context.condition.Condition -- * Class [io.netty.channel.epoll.Epoll] is not present
07:29:20.927 [main] DEBUG io.micronaut.context.condition.Condition -- Bean [io.micronaut.http.netty.channel.$KQueueEventLoopGroupFactory$Definition] will not be loaded due to failing conditions:
07:29:20.927 [main] DEBUG io.micronaut.context.condition.Condition -- * Class [io.netty.channel.kqueue.KQueue] is not present
07:29:20.927 [main] DEBUG io.micronaut.context.condition.Condition -- Bean [io.micronaut.http.netty.channel.$IoUringEventLoopGroupFactory$Definition] will not be loaded due to failing conditions:
07:29:20.927 [main] DEBUG io.micronaut.context.condition.Condition -- * Class [io.netty.incubator.channel.uring.IOUring] is not present
07:29:20.927 [main] DEBUG io.micronaut.context.condition.Condition -- Bean [io.micronaut.http.netty.channel.$EpollEventLoopGroupFactory$Definition] will not be loaded due to failing conditions:
07:29:20.927 [main] DEBUG io.micronaut.context.condition.Condition -- * Class [io.netty.channel.epoll.Epoll] is not present
07:29:20.927 [main] DEBUG io.micronaut.core.reflect.ClassUtils -- Attempting to dynamically load class io.methvin.watchservice.MacOSXListeningWatchService
07:29:20.927 [main] DEBUG io.micronaut.core.reflect.ClassUtils -- Class io.methvin.watchservice.MacOSXListeningWatchService is not present
07:29:20.927 [main] DEBUG io.micronaut.context.condition.Condition -- Bean [io.micronaut.runtime.server.watch.event.$FileWatchRestartListener$Definition] will not be loaded due to failing conditions:
07:29:20.927 [main] DEBUG io.micronaut.context.condition.Condition -- * Property [micronaut.io.watch.restart] with value [false] does not equal required value: true
07:29:20.928 [main] DEBUG io.micronaut.core.reflect.ClassUtils -- Attempting to dynamically load class io.methvin.watchservice.MacOSXListeningWatchService
07:29:20.928 [main] DEBUG io.micronaut.core.reflect.ClassUtils -- Class io.methvin.watchservice.MacOSXListeningWatchService is not present
07:29:20.928 [main] DEBUG io.micronaut.context.condition.Condition -- Bean [io.micronaut.scheduling.io.watch.$WatchServiceFactory$WatchService0$Definition] will not be loaded due to failing conditions:
07:29:20.928 [main] DEBUG io.micronaut.context.condition.Condition -- * Required property [micronaut.io.watch.paths] with value [null] not present
07:29:20.928 [main] DEBUG io.micronaut.context.condition.Condition -- Bean [io.micronaut.scheduling.io.watch.$DefaultWatchThread$Definition] will not be loaded due to failing conditions:
07:29:20.928 [main] DEBUG io.micronaut.context.condition.Condition -- * Required property [micronaut.io.watch.paths] with value [null] not present
07:29:20.928 [main] DEBUG io.micronaut.context.condition.Condition -- Bean [io.micronaut.scheduling.io.watch.$FileWatchConfiguration$Definition] will not be loaded due to failing conditions:
07:29:20.928 [main] DEBUG io.micronaut.context.condition.Condition -- * Required property [micronaut.io.watch.paths] with value [null] not present
07:29:20.928 [main] DEBUG io.micronaut.context.condition.Condition -- Bean [io.micronaut.logging.impl.$Log4jLoggingSystem$Definition] will not be loaded due to failing conditions:
07:29:20.928 [main] DEBUG io.micronaut.context.condition.Condition -- * Class [org.apache.logging.log4j.core.config.Configurator] is not present
07:29:20.928 [main] DEBUG io.micronaut.context.condition.Condition -- Bean [io.micronaut.health.$HeartbeatTask$Definition] will not be loaded due to failing conditions:
07:29:20.928 [main] DEBUG io.micronaut.context.condition.Condition -- * Required property [micronaut.application.name] with value [null] not present
07:29:20.928 [main] DEBUG io.micronaut.context.condition.Condition -- Bean [io.micronaut.discovery.cloud.digitalocean.$DigitalOceanMetadataResolver$Definition] will not be loaded due to failing conditions:
07:29:20.928 [main] DEBUG io.micronaut.context.condition.Condition -- * None of the required environments [digitalocean] are active: [test]
07:29:20.928 [main] DEBUG io.micronaut.context.condition.Condition -- Bean [io.micronaut.discovery.cloud.digitalocean.$DigitalOceanMetadataConfiguration$Definition] will not be loaded due to failing conditions:
07:29:20.928 [main] DEBUG io.micronaut.context.condition.Condition -- * None of the required environments [digitalocean] are active: [test]
07:29:20.928 [main] DEBUG io.micronaut.context.condition.Condition -- Bean [io.micronaut.data.runtime.support.convert.convert.jpa.$JxAttributeConverterProvider$Definition] will not be loaded due to failing conditions:
07:29:20.928 [main] DEBUG io.micronaut.context.condition.Condition -- * Class [javax.persistence.AttributeConverter] is not present
07:29:20.928 [main] DEBUG io.micronaut.context.condition.Condition -- Bean [io.micronaut.data.runtime.multitenancy.internal.$DefaultTenantResolver$Definition] will not be loaded due to failing conditions:
07:29:20.928 [main] DEBUG io.micronaut.context.condition.Condition -- * Class [io.micronaut.multitenancy.tenantresolver.TenantResolver] is not present
07:29:20.929 [main] DEBUG io.micronaut.context.condition.Condition -- Bean [io.micronaut.transaction.kotlin.$DefaultCoroutineTransactionOperations$Definition] will not be loaded due to failing conditions:
07:29:20.929 [main] DEBUG io.micronaut.context.condition.Condition -- * Class [kotlinx.coroutines.reactor.ReactorContext] is not present
07:29:20.931 [main] DEBUG io.micronaut.context.condition.Condition -- Bean [io.micronaut.data.connection.kotlin.$DefaultCoroutineConnectionOperations$Definition] will not be loaded due to failing conditions:
07:29:20.931 [main] DEBUG io.micronaut.context.condition.Condition -- * Class [kotlinx.coroutines.reactor.ReactorContext] is not present
07:29:20.931 [main] DEBUG io.micronaut.context.condition.Condition -- Bean [io.micronaut.configuration.hibernate.jpa.conf.settings.internal.$JCacheManagerSettingSupplier$Definition] will not be loaded due to failing conditions:
07:29:20.931 [main] DEBUG io.micronaut.context.condition.Condition -- * Class [org.hibernate.cache.jcache.ConfigSettings] is not present
07:29:20.932 [main] DEBUG io.micronaut.context.condition.Condition -- Bean [io.micronaut.test.support.server.$TestEmbeddedServer$Definition] will not be loaded due to failing conditions:
07:29:20.933 [main] DEBUG io.micronaut.context.condition.Condition -- * Required property [micronaut.test.server.url] with value [null] not present
07:29:20.933 [main] DEBUG io.micronaut.context.condition.Condition -- Bean [io.micronaut.test.support.sql.$ConnectionFactoryHandler$Definition] will not be loaded due to failing conditions:
07:29:20.933 [main] DEBUG io.micronaut.context.condition.Condition -- * Class [io.r2dbc.spi.ConnectionFactory] is not present
07:29:20.933 [main] DEBUG io.micronaut.context.condition.Condition -- Bean [io.micronaut.test.support.server.$TestExecutableEmbeddedServer$Definition] will not be loaded due to failing conditions:
07:29:20.933 [main] DEBUG io.micronaut.context.condition.Condition -- * Required property [micronaut.test.server.executable] with value [null] not present
07:29:20.933 [main] DEBUG io.micronaut.context.lifecycle -- Created bean [io.micronaut.data.runtime.event.EntityEventRegistry@453e1bba] from definition [Definition: io.micronaut.data.runtime.event.EntityEventRegistry] with qualifier [null]
07:29:20.933 [main] DEBUG io.micronaut.context.DefaultBeanContext -- Resolving beans for type: io.micronaut.data.model.runtime.PropertyAutoPopulator<java.lang.annotation.Annotation>
07:29:20.933 [main] DEBUG io.micronaut.context.DefaultBeanContext -- Finding candidate beans for type: PropertyAutoPopulator T
07:29:20.933 [main] DEBUG io.micronaut.context.DefaultBeanContext --   class io.micronaut.data.runtime.event.listeners.AutoTimestampEntityEventListener null Definition: io.micronaut.data.runtime.event.listeners.AutoTimestampEntityEventListener
07:29:20.933 [main] DEBUG io.micronaut.context.DefaultBeanContext --   class io.micronaut.data.runtime.event.listeners.VersionGeneratingEntityEventListener null Definition: io.micronaut.data.runtime.event.listeners.VersionGeneratingEntityEventListener
07:29:20.933 [main] DEBUG io.micronaut.context.DefaultBeanContext -- Finding candidate beans for type: DateTimeProvider dateTimeProvider
07:29:20.933 [main] DEBUG io.micronaut.context.DefaultBeanContext --   class io.micronaut.data.runtime.date.CurrentDateTimeProvider null Definition: io.micronaut.data.runtime.date.CurrentDateTimeProvider
07:29:20.933 [main] DEBUG io.micronaut.context.DefaultBeanContext -- Found concrete candidate [Definition: io.micronaut.data.runtime.date.CurrentDateTimeProvider] for type: dateTimeProvider 
07:29:20.933 [main] DEBUG io.micronaut.context.lifecycle -- Created bean [io.micronaut.data.runtime.date.CurrentDateTimeProvider@aade5a2] from definition [Definition: io.micronaut.data.runtime.date.CurrentDateTimeProvider] with qualifier [null]
07:29:20.933 [main] DEBUG io.micronaut.context.DefaultBeanContext -- Finding candidate beans for type: DataConversionService conversionService
07:29:20.933 [main] DEBUG io.micronaut.context.DefaultBeanContext --   class io.micronaut.data.runtime.convert.DataConversionServiceImpl null Definition: io.micronaut.data.runtime.convert.DataConversionServiceFactory
07:29:20.933 [main] DEBUG io.micronaut.context.DefaultBeanContext -- Found concrete candidate [Definition: io.micronaut.data.runtime.convert.DataConversionServiceFactory] for type: conversionService 
07:29:20.933 [main] DEBUG io.micronaut.context.DefaultBeanContext -- Finding candidate beans for type: DataConversionServiceFactory
07:29:20.933 [main] DEBUG io.micronaut.context.DefaultBeanContext --   class io.micronaut.data.runtime.convert.DataConversionServiceFactory null Definition: io.micronaut.data.runtime.convert.DataConversionServiceFactory
07:29:20.933 [main] DEBUG io.micronaut.context.DefaultBeanContext -- Found concrete candidate [Definition: io.micronaut.data.runtime.convert.DataConversionServiceFactory] for type: dataConversionServiceFactory 
07:29:20.933 [main] DEBUG io.micronaut.context.lifecycle -- Created bean [io.micronaut.data.runtime.convert.DataConversionServiceFactory@51f009ef] from definition [Definition: io.micronaut.data.runtime.convert.DataConversionServiceFactory] with qualifier [null]
07:29:20.938 [main] DEBUG io.micronaut.context.DefaultBeanContext -- Resolving beans for type: io.micronaut.data.runtime.convert.DataTypeConverter
07:29:20.938 [main] DEBUG io.micronaut.context.DefaultBeanContext -- Finding candidate beans for type: DataTypeConverter
07:29:20.938 [main] DEBUG io.micronaut.context.DefaultBeanContext -- No bean candidates found for type: DataTypeConverter
07:29:20.938 [main] DEBUG io.micronaut.context.DefaultBeanContext -- Resolving beans for type: io.micronaut.core.convert.TypeConverterRegistrar
07:29:20.938 [main] DEBUG io.micronaut.core.reflect.ClassUtils -- Attempting to dynamically load class io.micronaut.context.annotation.Prototype
07:29:20.938 [main] DEBUG io.micronaut.core.reflect.ClassUtils -- Successfully loaded class io.micronaut.context.annotation.Prototype
07:29:20.938 [main] DEBUG io.micronaut.context.lifecycle -- Created bean [io.micronaut.inject.provider.BeanProviderDefinition$1@46eb2260] from definition [io.micronaut.inject.provider.BeanProviderDefinition@3cd344c0] with qualifier [null]
07:29:20.938 [main] DEBUG io.micronaut.context.lifecycle -- Created bean [io.micronaut.inject.provider.BeanProviderDefinition$1@556944cd] from definition [io.micronaut.inject.provider.BeanProviderDefinition@3cd344c0] with qualifier [null]
07:29:20.938 [main] DEBUG io.micronaut.context.lifecycle -- Created bean [io.micronaut.http.server.netty.converters.NettyConverters@370a935f] from definition [Definition: io.micronaut.http.server.netty.converters.NettyConverters] with qualifier [null]
07:29:20.938 [main] DEBUG io.micronaut.context.DefaultBeanContext -- Found a registration BeanRegistration: io.micronaut.http.server.netty.converters.NettyConverters@370a935f for candidate: Definition: io.micronaut.http.server.netty.converters.NettyConverters with qualifier: null
07:29:20.938 [main] DEBUG io.micronaut.context.DefaultBeanContext -- Found a registration BeanRegistration: io.micronaut.buffer.netty.NettyByteBufferFactory@2059c3ff for candidate: Definition: io.micronaut.buffer.netty.NettyByteBufferFactory with qualifier: null
07:29:20.938 [main] DEBUG io.micronaut.core.reflect.ClassUtils -- Attempting to dynamically load class io.micronaut.context.annotation.Prototype
07:29:20.938 [main] DEBUG io.micronaut.core.reflect.ClassUtils -- Successfully loaded class io.micronaut.context.annotation.Prototype
07:29:20.938 [main] DEBUG io.micronaut.context.lifecycle -- Created bean [io.micronaut.inject.provider.BeanProviderDefinition$1@7e017f47] from definition [io.micronaut.inject.provider.BeanProviderDefinition@3cd344c0] with qualifier [null]
07:29:20.938 [main] DEBUG io.micronaut.context.lifecycle -- Created bean [io.micronaut.jackson.databind.convert.JacksonConverterRegistrar@6166aac5] from definition [Definition: io.micronaut.jackson.databind.convert.JacksonConverterRegistrar] with qualifier [null]
07:29:20.938 [main] DEBUG io.micronaut.context.DefaultBeanContext -- Found a registration BeanRegistration: io.micronaut.jackson.databind.convert.JacksonConverterRegistrar@6166aac5 for candidate: Definition: io.micronaut.jackson.databind.convert.JacksonConverterRegistrar with qualifier: null
07:29:20.938 [main] DEBUG io.micronaut.core.reflect.ClassUtils -- Attempting to dynamically load class io.micronaut.context.annotation.Prototype
07:29:20.938 [main] DEBUG io.micronaut.core.reflect.ClassUtils -- Successfully loaded class io.micronaut.context.annotation.Prototype
07:29:20.939 [main] DEBUG io.micronaut.context.lifecycle -- Created bean [io.micronaut.inject.provider.BeanProviderDefinition$1@7e36d508] from definition [io.micronaut.inject.provider.BeanProviderDefinition@3cd344c0] with qualifier [null]
07:29:20.939 [main] DEBUG io.micronaut.context.lifecycle -- Created bean [io.micronaut.inject.provider.BeanProviderDefinition$1@1d4531fa] from definition [io.micronaut.inject.provider.BeanProviderDefinition@3cd344c0] with qualifier [null]
07:29:20.939 [main] DEBUG io.micronaut.context.lifecycle -- Created bean [io.micronaut.json.convert.JsonConverterRegistrar@68cb8e52] from definition [Definition: io.micronaut.json.convert.JsonConverterRegistrar] with qualifier [null]
07:29:20.939 [main] DEBUG io.micronaut.context.DefaultBeanContext -- Found a registration BeanRegistration: io.micronaut.json.convert.JsonConverterRegistrar@68cb8e52 for candidate: Definition: io.micronaut.json.convert.JsonConverterRegistrar with qualifier: null
07:29:20.939 [main] DEBUG io.micronaut.core.reflect.ClassUtils -- Attempting to dynamically load class io.micronaut.context.annotation.Prototype
07:29:20.939 [main] DEBUG io.micronaut.core.reflect.ClassUtils -- Successfully loaded class io.micronaut.context.annotation.Prototype
07:29:20.939 [main] DEBUG io.micronaut.context.lifecycle -- Created bean [io.micronaut.inject.provider.BeanProviderDefinition$1@3c2f310c] from definition [io.micronaut.inject.provider.BeanProviderDefinition@3cd344c0] with qualifier [null]
07:29:20.939 [main] DEBUG io.micronaut.context.lifecycle -- Created bean [io.micronaut.http.converters.HttpConverterRegistrar@74f92d14] from definition [Definition: io.micronaut.http.converters.HttpConverterRegistrar] with qualifier [null]
07:29:20.939 [main] DEBUG io.micronaut.context.DefaultBeanContext -- Found a registration BeanRegistration: io.micronaut.http.converters.HttpConverterRegistrar@74f92d14 for candidate: Definition: io.micronaut.http.converters.HttpConverterRegistrar with qualifier: null
07:29:20.939 [main] DEBUG io.micronaut.context.DefaultBeanContext -- Found 5 bean registrations for type [typeConverterRegistrar]
07:29:20.939 [main] DEBUG io.micronaut.context.DefaultBeanContext --   Definition: io.micronaut.jackson.databind.convert.JacksonConverterRegistrar null
07:29:20.939 [main] DEBUG io.micronaut.context.DefaultBeanContext --   Definition: io.micronaut.json.convert.JsonConverterRegistrar null
07:29:20.939 [main] DEBUG io.micronaut.context.DefaultBeanContext --   Definition: io.micronaut.http.converters.HttpConverterRegistrar null
07:29:20.939 [main] DEBUG io.micronaut.context.DefaultBeanContext --   Definition: io.micronaut.buffer.netty.NettyByteBufferFactory null
07:29:20.939 [main] DEBUG io.micronaut.context.DefaultBeanContext --   Definition: io.micronaut.http.server.netty.converters.NettyConverters null
07:29:20.939 [main] DEBUG io.micronaut.context.lifecycle -- Created bean [io.micronaut.data.runtime.convert.DataConversionServiceImpl@40071890] from definition [Definition: io.micronaut.data.runtime.convert.DataConversionServiceFactory] with qualifier [null]
07:29:20.940 [main] DEBUG io.micronaut.context.lifecycle -- Created bean [io.micronaut.data.runtime.event.listeners.AutoTimestampEntityEventListener@748aa7dc] from definition [Definition: io.micronaut.data.runtime.event.listeners.AutoTimestampEntityEventListener] with qualifier [null]
07:29:20.940 [main] DEBUG io.micronaut.context.DefaultBeanContext -- Found a registration BeanRegistration: io.micronaut.data.runtime.event.listeners.AutoTimestampEntityEventListener@748aa7dc for candidate: Definition: io.micronaut.data.runtime.event.listeners.AutoTimestampEntityEventListener with qualifier: null
07:29:20.940 [main] DEBUG io.micronaut.context.lifecycle -- Created bean [io.micronaut.data.runtime.event.listeners.VersionGeneratingEntityEventListener@31e84f10] from definition [Definition: io.micronaut.data.runtime.event.listeners.VersionGeneratingEntityEventListener] with qualifier [null]
07:29:20.940 [main] DEBUG io.micronaut.context.DefaultBeanContext -- Found a registration BeanRegistration: io.micronaut.data.runtime.event.listeners.VersionGeneratingEntityEventListener@31e84f10 for candidate: Definition: io.micronaut.data.runtime.event.listeners.VersionGeneratingEntityEventListener with qualifier: null
07:29:20.940 [main] DEBUG io.micronaut.context.DefaultBeanContext -- Finding candidate beans for type: AttributeConverterRegistry attributeConverterRegistry
07:29:20.940 [main] DEBUG io.micronaut.context.DefaultBeanContext --   class io.micronaut.data.runtime.support.convert.DefaultAttributeConverterRegistry null Definition: io.micronaut.data.runtime.support.convert.DefaultAttributeConverterRegistry
07:29:20.940 [main] DEBUG io.micronaut.context.DefaultBeanContext -- Found concrete candidate [Definition: io.micronaut.data.runtime.support.convert.DefaultAttributeConverterRegistry] for type: attributeConverterRegistry 
07:29:20.940 [main] DEBUG io.micronaut.context.DefaultBeanContext -- Resolving beans for type: io.micronaut.data.runtime.support.convert.AttributeConverterProvider
07:29:20.940 [main] DEBUG io.micronaut.context.DefaultBeanContext -- Finding candidate beans for type: AttributeConverterProvider E
07:29:20.940 [main] DEBUG io.micronaut.context.DefaultBeanContext --   class io.micronaut.data.runtime.support.convert.convert.jpa.JakartaAttributeConverterProvider null Definition: io.micronaut.data.runtime.support.convert.convert.jpa.JakartaAttributeConverterProvider
07:29:20.940 [main] DEBUG io.micronaut.context.lifecycle -- Created bean [io.micronaut.data.runtime.support.convert.convert.jpa.JakartaAttributeConverterProvider@c4455b4] from definition [Definition: io.micronaut.data.runtime.support.convert.convert.jpa.JakartaAttributeConverterProvider] with qualifier [null]
07:29:20.940 [main] DEBUG io.micronaut.context.DefaultBeanContext -- Found a registration BeanRegistration: io.micronaut.data.runtime.support.convert.convert.jpa.JakartaAttributeConverterProvider@c4455b4 for candidate: Definition: io.micronaut.data.runtime.support.convert.convert.jpa.JakartaAttributeConverterProvider with qualifier: null
[...]
07:29:21.347 [main] DEBUG org.hibernate.resource.jdbc.internal.LogicalConnectionManagedImpl -- Initiating JDBC connection release from afterTransaction
07:29:21.347 [main] DEBUG org.hibernate.engine.transaction.internal.TransactionImpl -- On TransactionImpl creation, JpaCompliance#isJpaTransactionComplianceEnabled == false
07:29:21.347 [main] DEBUG org.hibernate.engine.transaction.internal.TransactionImpl -- begin
07:29:21.350 [default-nioEventLoopGroup-3-2] DEBUG io.micronaut.http.client.netty.DefaultHttpClient -- Sending HTTP POST to http://localhost:34853/products
07:29:21.354 [default-nioEventLoopGroup-3-3] DEBUG io.micronaut.http.server.netty.NettyRequestLifecycle -- Request POST /products
07:29:21.355 [default-nioEventLoopGroup-3-3] DEBUG io.micronaut.context.DefaultBeanContext -- Finding candidate beans for type: CorsConfiguration corsConfiguration
07:29:21.355 [HikariPool-2 connection adder] DEBUG com.zaxxer.hikari.pool.HikariPool -- HikariPool-2 - After adding stats (total=10, active=1, idle=9, waiting=0)
07:29:21.355 [default-nioEventLoopGroup-3-3] DEBUG io.micronaut.context.DefaultBeanContext --   class io.micronaut.http.server.HttpServerConfiguration$CorsConfiguration null Definition: io.micronaut.http.server.HttpServerConfiguration$CorsConfiguration
07:29:21.355 [default-nioEventLoopGroup-3-3] DEBUG io.micronaut.context.DefaultBeanContext -- Found concrete candidate [Definition: io.micronaut.http.server.HttpServerConfiguration$CorsConfiguration] for type: corsConfiguration 
07:29:21.355 [default-nioEventLoopGroup-3-3] DEBUG io.micronaut.context.lifecycle -- Created bean [io.micronaut.http.server.HttpServerConfiguration$CorsConfiguration@45ba8573] from definition [Definition: io.micronaut.http.server.HttpServerConfiguration$CorsConfiguration] with qualifier [null]
07:29:21.355 [default-nioEventLoopGroup-3-3] DEBUG io.micronaut.context.DefaultBeanContext -- Finding candidate beans for type: HttpHostResolver httpHostResolver
07:29:21.355 [default-nioEventLoopGroup-3-3] DEBUG io.micronaut.context.DefaultBeanContext --   class io.micronaut.http.server.util.DefaultHttpHostResolver null Definition: io.micronaut.http.server.util.DefaultHttpHostResolver
07:29:21.355 [default-nioEventLoopGroup-3-3] DEBUG io.micronaut.context.DefaultBeanContext -- Found concrete candidate [Definition: io.micronaut.http.server.util.DefaultHttpHostResolver] for type: httpHostResolver 
07:29:21.355 [default-nioEventLoopGroup-3-3] DEBUG io.micronaut.context.DefaultBeanContext -- Finding candidate beans for type: HttpServerConfiguration serverConfiguration
07:29:21.355 [default-nioEventLoopGroup-3-3] DEBUG io.micronaut.context.DefaultBeanContext -- Bean [class io.micronaut.http.server.netty.configuration.NettyHttpServerConfiguration] replaces existing bean of type [class io.micronaut.http.server.HttpServerConfiguration]
07:29:21.355 [default-nioEventLoopGroup-3-3] DEBUG io.micronaut.context.DefaultBeanContext --   class io.micronaut.http.server.netty.configuration.NettyHttpServerConfiguration null Definition: io.micronaut.http.server.netty.configuration.NettyHttpServerConfiguration
07:29:21.355 [default-nioEventLoopGroup-3-3] DEBUG io.micronaut.context.DefaultBeanContext -- Found concrete candidate [Definition: io.micronaut.http.server.netty.configuration.NettyHttpServerConfiguration] for type: serverConfiguration 
07:29:21.355 [default-nioEventLoopGroup-3-3] DEBUG io.micronaut.context.DefaultBeanContext -- Finding candidate beans for type: BeanProvider embeddedServer
07:29:21.355 [default-nioEventLoopGroup-3-3] DEBUG io.micronaut.context.DefaultBeanContext --   interface io.micronaut.context.BeanProvider null io.micronaut.inject.provider.BeanProviderDefinition@3cd344c0
07:29:21.355 [default-nioEventLoopGroup-3-3] DEBUG io.micronaut.context.DefaultBeanContext -- Found concrete candidate [io.micronaut.inject.provider.BeanProviderDefinition@3cd344c0] for type: embeddedServer 
07:29:21.355 [default-nioEventLoopGroup-3-3] DEBUG io.micronaut.context.lifecycle -- Created bean [io.micronaut.inject.provider.BeanProviderDefinition$1@b813a0] from definition [io.micronaut.inject.provider.BeanProviderDefinition@3cd344c0] with qualifier [null]
07:29:21.355 [default-nioEventLoopGroup-3-3] DEBUG io.micronaut.context.lifecycle -- Created bean [io.micronaut.http.server.util.DefaultHttpHostResolver@58d2c742] from definition [Definition: io.micronaut.http.server.util.DefaultHttpHostResolver] with qualifier [null]
07:29:21.355 [default-nioEventLoopGroup-3-3] DEBUG io.micronaut.context.lifecycle -- Created bean [io.micronaut.http.server.cors.CorsFilter@31725402] from definition [Definition: io.micronaut.http.server.cors.CorsFilter] with qualifier [null]
07:29:21.360 [default-nioEventLoopGroup-3-3] DEBUG io.micronaut.context.DefaultBeanContext -- Resolving beans for type: @InterceptorBinding(io.micronaut.data.annotation.Repository) io.micronaut.aop.Interceptor 
07:29:21.360 [default-nioEventLoopGroup-3-3] DEBUG io.micronaut.core.reflect.ClassUtils -- Attempting to dynamically load class io.micronaut.context.annotation.Prototype
07:29:21.360 [default-nioEventLoopGroup-3-3] DEBUG io.micronaut.core.reflect.ClassUtils -- Successfully loaded class io.micronaut.context.annotation.Prototype
07:29:21.360 [default-nioEventLoopGroup-3-3] DEBUG io.micronaut.context.lifecycle -- Created bean [io.micronaut.data.runtime.intercept.DataIntroductionAdvice@4b1b9ad7] from definition [Definition: io.micronaut.data.runtime.intercept.DataIntroductionAdvice] with qualifier [null]
07:29:21.360 [default-nioEventLoopGroup-3-3] DEBUG io.micronaut.context.DefaultBeanContext -- Found a registration BeanRegistration: io.micronaut.data.runtime.intercept.DataIntroductionAdvice@4b1b9ad7 for candidate: Definition: io.micronaut.data.runtime.intercept.DataIntroductionAdvice with qualifier: @InterceptorBinding(io.micronaut.data.annotation.Repository)
07:29:21.360 [default-nioEventLoopGroup-3-3] DEBUG io.micronaut.context.DefaultBeanContext -- Found 1 bean registrations for type [@InterceptorBinding(io.micronaut.data.annotation.Repository) T]
07:29:21.360 [default-nioEventLoopGroup-3-3] DEBUG io.micronaut.context.DefaultBeanContext --   Definition: io.micronaut.data.runtime.intercept.DataIntroductionAdvice null
07:29:21.361 [default-nioEventLoopGroup-3-3] DEBUG io.micronaut.context.lifecycle -- Created bean [com.example.shopservice.repository.ProductRepository$Intercepted@44fc188b] from definition [Definition: com.example.shopservice.repository.ProductRepository$Intercepted] with qualifier [null]
07:29:21.361 [default-nioEventLoopGroup-3-3] DEBUG io.micronaut.core.reflect.ClassUtils -- Bean of type [class com.example.shopservice.controller.ProductController] uses reflection to inject field: 'productRepository'
07:29:21.361 [default-nioEventLoopGroup-3-3] DEBUG io.micronaut.context.lifecycle -- Created bean [com.example.shopservice.controller.ProductController@6f88f765] from definition [Definition: com.example.shopservice.controller.ProductController] with qualifier [null]
07:29:21.366 [default-nioEventLoopGroup-3-3] DEBUG org.hibernate.engine.transaction.internal.TransactionImpl -- On TransactionImpl creation, JpaCompliance#isJpaTransactionComplianceEnabled == false
07:29:21.366 [default-nioEventLoopGroup-3-3] DEBUG org.hibernate.engine.transaction.internal.TransactionImpl -- begin
07:29:21.366 [default-nioEventLoopGroup-3-3] DEBUG org.hibernate.engine.spi.ActionQueue -- Executing identity-insert immediately
07:29:21.366 [default-nioEventLoopGroup-3-3] DEBUG io.micronaut.core.beans.DefaultBeanIntrospector -- Found BeanIntrospection for type: class io.micronaut.validation.validator.constraints.InternalConstraintValidators,
07:29:21.366 [default-nioEventLoopGroup-3-3] DEBUG io.micronaut.core.beans.DefaultBeanIntrospector -- Found BeanIntrospection for type: class io.micronaut.validation.validator.extractors.InternalValueExtractors,
07:29:21.366 [default-nioEventLoopGroup-3-3] DEBUG io.micronaut.core.beans.DefaultBeanIntrospector -- Found BeanIntrospection for type: class com.example.shopservice.entity.Product,
07:29:21.367 [default-nioEventLoopGroup-3-3] DEBUG io.micronaut.core.beans.DefaultBeanIntrospector -- Found BeanIntrospection for type: class com.example.shopservice.entity.Product,
07:29:21.367 [default-nioEventLoopGroup-3-3] DEBUG org.hibernate.SQL -- insert into products (name,price,id) values (?,?,default)
07:29:21.368 [default-nioEventLoopGroup-3-3] DEBUG org.hibernate.id.IdentifierGeneratorHelper -- Natively generated identity (com.example.shopservice.entity.Product) : 1
07:29:21.372 [default-nioEventLoopGroup-3-3] DEBUG io.micronaut.core.beans.DefaultBeanIntrospector -- Found BeanIntrospection for type: class com.example.shopservice.entity.Product,
07:29:21.372 [default-nioEventLoopGroup-3-3] DEBUG io.micronaut.transaction.hibernate.HibernateTransactionManager -- Committing Hibernate transaction on Session [SessionImpl(1665072745<open>)]
07:29:21.372 [default-nioEventLoopGroup-3-3] DEBUG org.hibernate.engine.transaction.internal.TransactionImpl -- committing
07:29:21.372 [default-nioEventLoopGroup-3-3] DEBUG org.hibernate.event.internal.AbstractFlushingEventListener -- Processing flush-time cascades
07:29:21.372 [default-nioEventLoopGroup-3-3] DEBUG org.hibernate.event.internal.AbstractFlushingEventListener -- Dirty checking collections
07:29:21.373 [default-nioEventLoopGroup-3-3] DEBUG org.hibernate.event.internal.AbstractFlushingEventListener -- Flushed: 0 insertions, 0 updates, 0 deletions to 1 objects
07:29:21.373 [default-nioEventLoopGroup-3-3] DEBUG org.hibernate.event.internal.AbstractFlushingEventListener -- Flushed: 0 (re)creations, 0 updates, 0 removals to 0 collections
07:29:21.373 [default-nioEventLoopGroup-3-3] DEBUG org.hibernate.internal.util.EntityPrinter -- Listing entities:
07:29:21.373 [default-nioEventLoopGroup-3-3] DEBUG org.hibernate.internal.util.EntityPrinter -- com.example.shopservice.entity.Product{price=19.99, name=Widget, id=1}
07:29:21.373 [default-nioEventLoopGroup-3-3] DEBUG org.hibernate.resource.jdbc.internal.LogicalConnectionManagedImpl -- Initiating JDBC connection release from afterTransaction
07:29:21.373 [default-nioEventLoopGroup-3-3] DEBUG org.hibernate.resource.jdbc.internal.LogicalConnectionManagedImpl -- Initiating JDBC connection release from afterTransaction
07:29:21.378 [default-nioEventLoopGroup-3-3] DEBUG io.micronaut.context.DefaultBeanContext -- Resolving beans for type: <HttpRequestTerminatedEvent> io.micronaut.context.event.ApplicationEventListener 
07:29:21.378 [default-nioEventLoopGroup-3-3] DEBUG io.micronaut.context.lifecycle -- Created bean [io.micronaut.runtime.http.scope.RequestCustomScope@6da11ff2] from definition [Definition: io.micronaut.runtime.http.scope.RequestCustomScope] with qualifier [null]
07:29:21.378 [default-nioEventLoopGroup-3-3] DEBUG io.micronaut.context.DefaultBeanContext -- Found a registration BeanRegistration: io.micronaut.runtime.http.scope.RequestCustomScope@6da11ff2 for candidate: Definition: io.micronaut.runtime.http.scope.RequestCustomScope with qualifier: <HttpRequestTerminatedEvent>
07:29:21.378 [default-nioEventLoopGroup-3-3] DEBUG io.micronaut.context.event.ApplicationEventPublisher -- Publishing event: io.micronaut.http.context.event.HttpRequestTerminatedEvent[source=POST /products]
07:29:21.378 [default-nioEventLoopGroup-3-3] DEBUG io.micronaut.http.server.netty.RoutingInBoundHandler -- Response 200 - POST /products
07:29:21.384 [main] DEBUG io.micronaut.http.client.netty.DefaultHttpClient -- Sending HTTP GET to http://localhost:34853/products/1
07:29:21.384 [default-nioEventLoopGroup-3-3] DEBUG io.micronaut.http.server.netty.NettyRequestLifecycle -- Request GET /products/1
07:29:21.386 [default-nioEventLoopGroup-3-3] DEBUG org.hibernate.jpa.internal.util.FlushModeTypeHelper -- Interpreting Hibernate FlushMode#MANUAL to JPA FlushModeType#COMMIT; may cause problems if relying on FlushMode#MANUAL-specific behavior
07:29:21.386 [default-nioEventLoopGroup-3-3] DEBUG io.micronaut.transaction.hibernate.HibernateTransactionManager -- Not preparing JDBC Connection of Hibernate Session [SessionImpl(250888463<open>)]
07:29:21.386 [default-nioEventLoopGroup-3-3] DEBUG org.hibernate.engine.transaction.internal.TransactionImpl -- On TransactionImpl creation, JpaCompliance#isJpaTransactionComplianceEnabled == false
07:29:21.386 [default-nioEventLoopGroup-3-3] DEBUG org.hibernate.engine.transaction.internal.TransactionImpl -- begin
07:29:21.386 [default-nioEventLoopGroup-3-3] DEBUG org.hibernate.orm.query.hql -- HQL : SELECT product_ FROM com.example.shopservice.entity.Product AS product_ WHERE (product_.id = :p1)
07:29:21.387 [default-nioEventLoopGroup-3-3] DEBUG org.hibernate.orm.query.hql.reservedWordAsIdentifier -- Encountered use of reserved word as identifier : =
07:29:21.387 [default-nioEventLoopGroup-3-3] DEBUG org.hibernate.orm.query.sqm.creation -- Applying inferable type to SqmExpression [SqmNamedParameter(p1)] : null -> SqmBasicValuedSimplePath(com.example.shopservice.entity.Product(product_).id)
07:29:21.388 [default-nioEventLoopGroup-3-3] DEBUG org.hibernate.orm.query.sqm.ast -- SqmStatement Tree :
    -> [select]
      -> [query-spec]
        -> [select]
          -> [selection]
            -> [root] - `com.example.shopservice.entity.Product(product_)`
            <- [root] - `com.example.shopservice.entity.Product(product_)`
          <- [selection]
        <- [select]
        -> [from]
          -> [root] - `com.example.shopservice.entity.Product(product_)`
          <- [root] - `com.example.shopservice.entity.Product(product_)`
        <- [from]
        -> [where]
          -> [grouped]
              -> [EQUAL]
                  -> [basic-path] - `com.example.shopservice.entity.Product(product_).id`
                  :p1
              <- [EQUAL]
          <- [grouped]
        <- [where]
      <- [query-spec]
    <- [select]

07:29:21.388 [default-nioEventLoopGroup-3-3] DEBUG org.hibernate.orm.sql.ast.create -- Created new SQL alias : p1_0
07:29:21.388 [default-nioEventLoopGroup-3-3] DEBUG org.hibernate.orm.sql.ast.create -- Registration of TableGroup [StandardTableGroup(com.example.shopservice.entity.Product(product_))] with identifierForTableGroup [com.example.shopservice.entity.Product] for NavigablePath [com.example.shopservice.entity.Product] 
07:29:21.388 [default-nioEventLoopGroup-3-3] DEBUG org.hibernate.query.sqm.sql.BaseSqmToSqlAstConverter -- Determining mapping-model type for SqmParameter : SqmNamedParameter(p1)
07:29:21.388 [default-nioEventLoopGroup-3-3] DEBUG org.hibernate.query.sqm.sql.BaseSqmToSqlAstConverter -- Determining mapping-model type for SqmPath : SqmBasicValuedSimplePath(com.example.shopservice.entity.Product(product_).id) 
07:29:21.389 [default-nioEventLoopGroup-3-3] DEBUG org.hibernate.orm.results.graph.AST -- DomainResult Graph:
 \-EntityResultImpl [com.example.shopservice.entity.Product(product_)]
 |  +-BasicFetch [com.example.shopservice.entity.Product(product_).name]
 |  \-BasicFetch [com.example.shopservice.entity.Product(product_).price]

07:29:21.389 [default-nioEventLoopGroup-3-3] DEBUG org.hibernate.orm.sql.ast.tree -- SQL AST Tree:
    SelectStatement {
      FromClause {
        StandardTableGroup (p1 : com.example.shopservice.entity.Product(product_)) {
          primaryTableReference : products as p1_0
        }
      }
    }

07:29:21.389 [default-nioEventLoopGroup-3-3] DEBUG org.hibernate.orm.sql.exec -- Skipping reading Query result cache data: cache-enabled = false, cache-mode = NORMAL
07:29:21.389 [default-nioEventLoopGroup-3-3] DEBUG org.hibernate.orm.results -- Initializer list:
	  com.example.shopservice.entity.Product(product_) -> EntityResultInitializer(com.example.shopservice.entity.Product(product_))@344246229 (SingleTableEntityPersister(com.example.shopservice.entity.Product))

07:29:21.389 [default-nioEventLoopGroup-3-3] DEBUG org.hibernate.SQL -- select p1_0.id,p1_0.name,p1_0.price from products p1_0 where (p1_0.id=?) fetch first ? rows only
07:29:21.390 [default-nioEventLoopGroup-3-3] DEBUG org.hibernate.orm.results -- Extracted JDBC value [0] - [1]
07:29:21.390 [default-nioEventLoopGroup-3-3] DEBUG org.hibernate.orm.results.loading.entity -- (EntityResultInitializer) Hydrated EntityKey (com.example.shopservice.entity.Product(product_)): 1
07:29:21.390 [default-nioEventLoopGroup-3-3] DEBUG org.hibernate.orm.results.loading.entity -- (EntityResultInitializer) Created new entity instance [com.example.shopservice.entity.Product(product_)#1] : 1328562615
07:29:21.390 [default-nioEventLoopGroup-3-3] DEBUG org.hibernate.orm.results -- Extracted JDBC value [1] - [Widget]
07:29:21.390 [default-nioEventLoopGroup-3-3] DEBUG org.hibernate.orm.results -- Extracted JDBC value [2] - [19.99]
07:29:21.390 [default-nioEventLoopGroup-3-3] DEBUG org.hibernate.orm.results.loading.entity -- (EntityResultInitializer) Done materializing entityInstance : com.example.shopservice.entity.Product(product_)#1
07:29:21.390 [default-nioEventLoopGroup-3-3] DEBUG org.hibernate.orm.results.loading -- Calling top-level assembler (0 / 1) : org.hibernate.sql.results.graph.entity.internal.EntityAssembler@7d388deb
07:29:21.390 [default-nioEventLoopGroup-3-3] DEBUG io.micronaut.core.beans.DefaultBeanIntrospector -- Found BeanIntrospection for type: class com.example.shopservice.entity.Product,
07:29:21.390 [default-nioEventLoopGroup-3-3] DEBUG io.micronaut.transaction.hibernate.HibernateTransactionManager -- Committing Hibernate transaction on Session [SessionImpl(250888463<open>)]
07:29:21.390 [default-nioEventLoopGroup-3-3] DEBUG org.hibernate.engine.transaction.internal.TransactionImpl -- committing
07:29:21.390 [default-nioEventLoopGroup-3-3] DEBUG org.hibernate.event.internal.AbstractFlushingEventListener -- Processing flush-time cascades
07:29:21.390 [default-nioEventLoopGroup-3-3] DEBUG org.hibernate.event.internal.AbstractFlushingEventListener -- Dirty checking collections
07:29:21.390 [default-nioEventLoopGroup-3-3] DEBUG org.hibernate.event.internal.AbstractFlushingEventListener -- Flushed: 0 insertions, 0 updates, 0 deletions to 1 objects
07:29:21.390 [default-nioEventLoopGroup-3-3] DEBUG org.hibernate.event.internal.AbstractFlushingEventListener -- Flushed: 0 (re)creations, 0 updates, 0 removals to 0 collections
07:29:21.390 [default-nioEventLoopGroup-3-3] DEBUG org.hibernate.internal.util.EntityPrinter -- Listing entities:
07:29:21.390 [default-nioEventLoopGroup-3-3] DEBUG org.hibernate.internal.util.EntityPrinter -- com.example.shopservice.entity.Product{price=19.99, name=Widget, id=1}
07:29:21.390 [default-nioEventLoopGroup-3-3] DEBUG org.hibernate.resource.jdbc.internal.LogicalConnectionManagedImpl -- Initiating JDBC connection release from afterTransaction
07:29:21.391 [default-nioEventLoopGroup-3-3] DEBUG org.hibernate.resource.jdbc.internal.LogicalConnectionManagedImpl -- Initiating JDBC connection release from afterTransaction
07:29:21.392 [default-nioEventLoopGroup-3-3] DEBUG io.micronaut.context.event.ApplicationEventPublisher -- Publishing event: io.micronaut.http.context.event.HttpRequestTerminatedEvent[source=GET /products/1]
07:29:21.392 [default-nioEventLoopGroup-3-3] DEBUG io.micronaut.http.server.netty.RoutingInBoundHandler -- Response 200 - GET /products/1
07:29:21.393 [main] DEBUG io.micronaut.transaction.hibernate.HibernateTransactionManager -- Rolling back Hibernate transaction on Session [SessionImpl(2082211986<open>)]
07:29:21.393 [main] DEBUG org.hibernate.engine.transaction.internal.TransactionImpl -- rolling back
07:29:21.394 [main] DEBUG org.hibernate.resource.jdbc.internal.LogicalConnectionManagedImpl -- Initiating JDBC connection release from afterTransaction
07:29:21.394 [main] DEBUG org.hibernate.resource.jdbc.internal.LogicalConnectionManagedImpl -- Initiating JDBC connection release from afterTransaction
]]></system-out>
  </testcase>
</testsuite>