<?xml version="1.0" encoding="UTF-8"?>
<testsuite xmlns:xsi="http://www.w3.org/2001/XMLSchema-instance" xsi:noNamespaceSchemaLocation="https://maven.apache.org/surefire/maven-surefire-plugin/xsd/surefire-test-report-3.0.xsd" version="3.0" name="com.example.shopservice.controller.OrderAndOrderItemControllerIT" time="0.299" tests="1" errors="1" skipped="0" failures="0">
  <properties>
[...]
</properties>
  <testcase name="createOrderWithItemsAndGetItems" classname="com.example.shopservice.controller.OrderAndOrderItemControllerIT" time="0.096">
    <error message="Internal Server Error" type="io.micronaut.http.client.exceptions.HttpClientResponseException"><![CDATA[io.micronaut.http.client.exceptions.HttpClientResponseException: Internal Server Error
	at io.micronaut.http.client.netty.DefaultHttpClient$FullHttpResponseHandler.makeErrorFromRequestBody(DefaultHttpClient.java:2251)
	at io.micronaut.http.client.netty.DefaultHttpClient$FullHttpResponseHandler.forwardResponseToPromise(DefaultHttpClient.java:2202)
	at io.micronaut.http.client.netty.DefaultHttpClient$FullHttpResponseHandler.channelReadInstrumented(DefaultHttpClient.java:2171)
	at io.micronaut.http.client.netty.DefaultHttpClient$FullHttpResponseHandler.channelReadInstrumented(DefaultHttpClient.java:2139)
	at io.micronaut.http.client.netty.SimpleChannelInboundHandlerInstrumented.channelRead0(SimpleChannelInboundHandlerInstrumented.java:46)
	at io.netty.channel.SimpleChannelInboundHandler.channelRead(SimpleChannelInboundHandler.java:99)
	at io.netty.channel.AbstractChannelHandlerContext.invokeChannelRead(AbstractChannelHandlerContext.java:444)
	at io.netty.channel.AbstractChannelHandlerContext.invokeChannelRead(AbstractChannelHandlerContext.java:420)
	at io.netty.channel.AbstractChannelHandlerContext.fireChannelRead(AbstractChannelHandlerContext.java:412)
	at io.netty.handler.codec.MessageToMessageDecoder.channelRead(MessageToMessageDecoder.java:103)
	at io.netty.channel.AbstractChannelHandlerContext.invokeChannelRead(AbstractChannelHandlerContext.java:444)
	at io.netty.channel.AbstractChannelHandlerContext.invokeChannelRead(AbstractChannelHandlerContext.java:420)
	at io.netty.channel.AbstractChannelHandlerContext.fireChannelRead(AbstractChannelHandlerContext.java:412)
	at io.netty.handler.codec.MessageToMessageDecoder.channelRead(MessageToMessageDecoder.java:103)
	at io.netty.channel.AbstractChannelHandlerContext.invokeChannelRead(AbstractChannelHandlerContext.java:444)
	at io.netty.channel.AbstractChannelHandlerContext.invokeChannelRead(AbstractChannelHandlerContext.java:420)
	at io.netty.channel.AbstractChannelHandlerContext.fireChannelRead(AbstractChannelHandlerContext.java:412)
	at io.netty.channel.CombinedChannelDuplexHandler$DelegatingChannelHandlerContext.fireChannelRead(CombinedChannelDuplexHandler.java:436)
	at io.netty.handler.codec.ByteToMessageDecoder.fireChannelRead(ByteToMessageDecoder.java:346)
	at io.netty.handler.codec.ByteToMessageDecoder.channelRead(ByteToMessageDecoder.java:318)
	at io.netty.channel.CombinedChannelDuplexHandler.channelRead(CombinedChannelDuplexHandler.java:251)
	at io.netty.channel.AbstractChannelHandlerContext.invokeChannelRead(AbstractChannelHandlerContext.java:442)
	at io.netty.channel.AbstractChannelHandlerContext.invokeChannelRead(AbstractChannelHandlerContext.java:420)
	at io.netty.channel.AbstractChannelHandlerContext.fireChannelRead(AbstractChannelHandlerContext.java:412)
	at io.netty.channel.ChannelInboundHandlerAdapter.channelRead(ChannelInboundHandlerAdapter.java:93)
	at io.micronaut.http.client.netty.ResettableReadTimeoutHandler$NextInterceptor.channelRead(ResettableReadTimeoutHandler.java:92)
	at io.netty.channel.AbstractChannelHandlerContext.invokeChannelRead(AbstractChannelHandlerContext.java:444)
	at io.netty.channel.AbstractChannelHandlerContext.invokeChannelRead(AbstractChannelHandlerContext.java:420)
	at io.netty.channel.AbstractChannelHandlerContext.fireChannelRead(AbstractChannelHandlerContext.java:412)
	at io.netty.handler.timeout.IdleStateHandler.channelRead(IdleStateHandler.java:286)
	at io.micronaut.http.client.netty.ResettableReadTimeoutHandler.channelRead(ResettableReadTimeoutHandler.java:64)
	at io.netty.channel.AbstractChannelHandlerContext.invokeChannelRead(AbstractChannelHandlerContext.java:442)
	at io.netty.channel.AbstractChannelHandlerContext.invokeChannelRead(AbstractChannelHandlerContext.java:420)
	at io.netty.channel.AbstractChannelHandlerContext.fireChannelRead(AbstractChannelHandlerContext.java:412)
	at io.netty.channel.DefaultChannelPipeline$HeadContext.channelRead(DefaultChannelPipeline.java:1410)
	at io.netty.channel.AbstractChannelHandlerContext.invokeChannelRead(AbstractChannelHandlerContext.java:440)
	at io.netty.channel.AbstractChannelHandlerContext.invokeChannelRead(AbstractChannelHandlerContext.java:420)
	at io.netty.channel.DefaultChannelPipeline.fireChannelRead(DefaultChannelPipeline.java:919)
	at io.netty.channel.nio.AbstractNioByteChannel$NioByteUnsafe.read(AbstractNioByteChannel.java:166)
	at io.netty.channel.nio.NioEventLoop.processSelectedKey(NioEventLoop.java:788)
	at io.netty.channel.nio.NioEventLoop.processSelectedKeysOptimized(NioEventLoop.java:724)
	at io.netty.channel.nio.NioEventLoop.processSelectedKeys(NioEventLoop.java:650)
	at io.netty.channel.nio.NioEventLoop.run(NioEventLoop.java:562)
	at io.netty.util.concurrent.SingleThreadEventExecutor$4.run(SingleThreadEventExecutor.java:997)
	at io.netty.util.internal.ThreadExecutorMap$2.run(ThreadExecutorMap.java:74)
	at io.netty.util.concurrent.FastThreadLocalRunnable.run(FastThreadLocalRunnable.java:30)
	at java.base/java.lang.Thread.run(Thread.java:840)
	Suppressed: java.lang.Exception: #block terminated with an error
		at reactor.core.publisher.BlockingSingleSubscriber.blockingGet(BlockingSingleSubscriber.java:103)
		at reactor.core.publisher.Flux.blockFirst(Flux.java:2704)
		at io.micronaut.http.client.netty.DefaultHttpClient$1.exchange(DefaultHttpClient.java:570)
		at io.micronaut.http.client.BlockingHttpClient.exchange(BlockingHttpClient.java:77)
		at io.micronaut.http.client.BlockingHttpClient.exchange(BlockingHttpClient.java:106)
		at com.example.shopservice.controller.OrderAndOrderItemControllerIT.createOrderWithItemsAndGetItems(OrderAndOrderItemControllerIT.java:81)
		at java.base/java.lang.reflect.Method.invoke(Method.java:569)
		at io.micronaut.test.extensions.junit5.MicronautJunit5Extension$2.proceed(MicronautJunit5Extension.java:142)
		at io.micronaut.test.extensions.AbstractMicronautExtension.interceptEach(AbstractMicronautExtension.java:157)
		at io.micronaut.test.extensions.AbstractMicronautExtension$3.proceed(AbstractMicronautExtension.java:169)
		at io.micronaut.test.context.TestMethodInterceptor.interceptTest(TestMethodInterceptor.java:46)
		at io.micronaut.transaction.test.DefaultTestTransactionExecutionListener.lambda$interceptTest$0(DefaultTestTransactionExecutionListener.java:93)
		at io.micronaut.transaction.support.AbstractPropagatedStatusTransactionOperations.lambda$execute$2(AbstractPropagatedStatusTransactionOperations.java:68)
		at io.micronaut.transaction.TransactionCallback.apply(TransactionCallback.java:37)
		at io.micronaut.transaction.support.AbstractTransactionOperations.executeTransactional(AbstractTransactionOperations.java:333)
		at io.micronaut.transaction.support.AbstractTransactionOperations.executeWithNewTransaction(AbstractTransactionOperations.java:318)
		at io.micronaut.transaction.support.AbstractTransactionOperations.executeNew(AbstractTransactionOperations.java:235)
		at io.micronaut.transaction.support.AbstractTransactionOperations.doExecute(AbstractTransactionOperations.java:137)
		at io.micronaut.transaction.support.AbstractTransactionOperations.lambda$doExecute$0(AbstractTransactionOperations.java:122)
		at io.micronaut.data.connection.support.AbstractConnectionOperations.executeWithNewConnection(AbstractConnectionOperations.java:143)
		at io.micronaut.data.connection.support.AbstractConnectionOperations.execute(AbstractConnectionOperations.java:90)
		at io.micronaut.transaction.support.AbstractTransactionOperations.doExecute(AbstractTransactionOperations.java:120)
		at io.micronaut.transaction.support.AbstractPropagatedStatusTransactionOperations.execute(AbstractPropagatedStatusTransactionOperations.java:65)
		at io.micronaut.transaction.test.DefaultTestTransactionExecutionListener.interceptTest(DefaultTestTransactionExecutionListener.java:91)
		at io.micronaut.test.extensions.AbstractMicronautExtension.interceptEach(AbstractMicronautExtension.java:161)
		at io.micronaut.test.extensions.AbstractMicronautExtension.interceptTest(AbstractMicronautExtension.java:114)
		at io.micronaut.test.extensions.junit5.MicronautJunit5Extension.interceptTestMethod(MicronautJunit5Extension.java:129)
		at java.base/java.util.ArrayList.forEach(ArrayList.java:1511)
		at java.base/java.util.ArrayList.forEach(ArrayList.java:1511)
]]></error>
    <system-err><![CDATA[Jul 12, 2025 7:26:26 AM org.hibernate.cache.internal.RegionFactoryInitiator initiateService
INFO: HHH000026: Second-level cache disabled
]]></system-err>
  </testcase>
</testsuite>