<?xml version="1.0" encoding="UTF-8"?>
<testsuite xmlns:xsi="http://www.w3.org/2001/XMLSchema-instance" xsi:noNamespaceSchemaLocation="https://maven.apache.org/surefire/maven-surefire-plugin/xsd/surefire-test-report-3.0.xsd" version="3.0" name="com.example.shopservice.controller.ReviewControllerIT" time="3.697" tests="1" errors="0" skipped="0" failures="0">
  <properties>
[...]
</properties>
  <testcase name="testCreateAndGetReview" classname="com.example.shopservice.controller.ReviewControllerIT" time="0.868">
    <system-out><![CDATA[07:29:17.669 [main] DEBUG io.micronaut.context.DefaultApplicationContext$RuntimeConfiguredEnvironment -- Environment deduction is using the default of: true
07:29:17.675 [main] INFO io.micronaut.context.DefaultApplicationContext$RuntimeConfiguredEnvironment -- Established active environments: [test]
07:29:17.675 [main] DEBUG io.micronaut.context.DefaultApplicationContext$RuntimeConfiguredEnvironment -- Starting environment io.micronaut.context.DefaultApplicationContext$RuntimeConfiguredEnvironment@782859e for active names [test]
07:29:17.678 [main] DEBUG io.micronaut.context.DefaultApplicationContext$RuntimeConfiguredEnvironment -- Reading property sources from loader: io.micronaut.context.env.PropertiesPropertySourceLoader@821330f
07:29:17.681 [main] DEBUG io.micronaut.context.env.PropertiesPropertySourceLoader -- Found PropertySource for file name: application.properties
07:29:17.683 [main] DEBUG io.micronaut.context.env.PropertiesPropertySourceLoader -- No PropertySource found for file name: application-test.properties
07:29:17.683 [main] DEBUG io.micronaut.context.DefaultApplicationContext$RuntimeConfiguredEnvironment -- Reading property sources from loader: io.micronaut.context.env.yaml.YamlPropertySourceLoader@6a4f1a55
07:29:17.684 [main] DEBUG io.micronaut.context.DefaultApplicationContext$RuntimeConfiguredEnvironment -- Reading property sources from loader: io.micronaut.jackson.core.env.CloudFoundryVcapApplicationPropertySourceLoader@7dfd3c81
07:29:17.684 [main] DEBUG io.micronaut.jackson.core.env.CloudFoundryVcapApplicationPropertySourceLoader -- No PropertySource found for file name: application.VCAP_APPLICATION
07:29:17.684 [main] DEBUG io.micronaut.jackson.core.env.CloudFoundryVcapApplicationPropertySourceLoader -- No PropertySource found for file name: application-test.VCAP_APPLICATION
07:29:17.684 [main] DEBUG io.micronaut.context.DefaultApplicationContext$RuntimeConfiguredEnvironment -- Reading property sources from loader: io.micronaut.jackson.core.env.JsonPropertySourceLoader@2584b82d
07:29:17.684 [main] DEBUG io.micronaut.jackson.core.env.JsonPropertySourceLoader -- No PropertySource found for file name: application.json
07:29:17.685 [main] DEBUG io.micronaut.jackson.core.env.JsonPropertySourceLoader -- No PropertySource found for file name: application-test.json
07:29:17.685 [main] DEBUG io.micronaut.context.DefaultApplicationContext$RuntimeConfiguredEnvironment -- Reading property sources from loader: io.micronaut.jackson.core.env.EnvJsonPropertySourceLoader@7bbc8656
07:29:17.685 [main] DEBUG io.micronaut.jackson.core.env.EnvJsonPropertySourceLoader -- No PropertySource found for file name: application.json
07:29:17.685 [main] DEBUG io.micronaut.jackson.core.env.EnvJsonPropertySourceLoader -- No PropertySource found for file name: application-test.json
07:29:17.685 [main] DEBUG io.micronaut.context.DefaultApplicationContext$RuntimeConfiguredEnvironment -- Reading property sources from loader: io.micronaut.jackson.core.env.CloudFoundryVcapServicesPropertySourceLoader@6933b6c6
07:29:17.685 [main] DEBUG io.micronaut.jackson.core.env.CloudFoundryVcapServicesPropertySourceLoader -- No PropertySource found for file name: application.VCAP_SERVICES
07:29:17.685 [main] DEBUG io.micronaut.jackson.core.env.CloudFoundryVcapServicesPropertySourceLoader -- No PropertySource found for file name: application-test.VCAP_SERVICES
07:29:17.687 [main] DEBUG io.micronaut.context.DefaultApplicationContext$RuntimeConfiguredEnvironment -- Processing property source: application
07:29:17.688 [main] DEBUG io.micronaut.context.DefaultApplicationContext$RuntimeConfiguredEnvironment -- Processing property source: env
07:29:17.695 [main] DEBUG io.micronaut.context.DefaultApplicationContext$RuntimeConfiguredEnvironment -- Processing property source: system
07:29:17.698 [main] DEBUG io.micronaut.context.DefaultApplicationContext$RuntimeConfiguredEnvironment -- Processing property source: test-properties
07:29:17.706 [main] DEBUG io.micronaut.context.DefaultBeanContext -- Finding candidate beans for type: DefaultEnvironment
07:29:17.706 [main] DEBUG io.micronaut.context.DefaultBeanContext -- No bean candidates found for type: DefaultEnvironment
07:29:17.709 [main] DEBUG io.micronaut.context.DefaultBeanContext -- Starting BeanContext
07:29:17.717 [main] DEBUG io.micronaut.context.DefaultBeanContext -- Finding candidate beans for type: HttpClientRegistry
07:29:17.723 [main] DEBUG io.micronaut.context.DefaultBeanContext --   class io.micronaut.http.client.netty.DefaultNettyHttpClientRegistry null Definition: io.micronaut.http.client.netty.DefaultNettyHttpClientRegistry
07:29:17.726 [main] DEBUG io.micronaut.context.DefaultBeanContext -- Finding candidate beans for type: BeanCreatedEventListener
07:29:17.728 [main] DEBUG io.micronaut.context.condition.Condition -- Bean [io.micronaut.web.router.version.$VersionAwareRouterListener$Definition] will not be loaded due to failing conditions:
07:29:17.728 [main] DEBUG io.micronaut.context.condition.Condition -- * Required property [micronaut.router.versioning.enabled] with value [true] not present
07:29:17.730 [main] DEBUG io.micronaut.context.condition.Condition -- Bean [io.micronaut.configuration.hibernate.jpa.metrics.$HibernateMetricsBinder$Definition] will not be loaded due to failing conditions:
07:29:17.730 [main] DEBUG io.micronaut.context.condition.Condition -- * Class [org.hibernate.stat.HibernateMetrics] is not present
07:29:17.730 [main] DEBUG io.micronaut.context.DefaultBeanContext --   class io.micronaut.context.propagation.instrument.execution.ExecutorServiceInstrumenter null Definition: io.micronaut.context.propagation.instrument.execution.ExecutorServiceInstrumenter
07:29:17.730 [main] DEBUG io.micronaut.context.DefaultBeanContext --   class io.micronaut.data.connection.jdbc.advice.ContextualAwareDataSource null Definition: io.micronaut.data.connection.jdbc.advice.ContextualAwareDataSource
07:29:17.730 [main] DEBUG io.micronaut.context.DefaultBeanContext --   class io.micronaut.data.hibernate.naming.PhysicalNamingStrategyConfiguration null Definition: io.micronaut.data.hibernate.naming.PhysicalNamingStrategyConfiguration
07:29:17.731 [main] DEBUG io.micronaut.context.DefaultBeanContext -- Finding candidate beans for type: BeanInitializedEventListener
07:29:17.731 [main] DEBUG io.micronaut.context.DefaultBeanContext -- No bean candidates found for type: BeanInitializedEventListener
07:29:17.731 [main] DEBUG io.micronaut.context.DefaultBeanContext -- Resolving beans for type: io.micronaut.core.convert.TypeConverter
07:29:17.731 [main] DEBUG io.micronaut.context.DefaultBeanContext -- Finding candidate beans for type: TypeConverter
07:29:17.732 [main] DEBUG io.micronaut.context.DefaultBeanContext --   class io.micronaut.http.cookie.SameSiteConverter null Definition: io.micronaut.http.cookie.SameSiteConverter
07:29:17.732 [main] DEBUG io.micronaut.context.DefaultBeanContext --   class io.micronaut.http.server.cors.CorsOriginConverter null Definition: io.micronaut.http.server.cors.CorsOriginConverter
07:29:17.738 [main] DEBUG io.micronaut.context.lifecycle -- Created bean [io.micronaut.http.cookie.SameSiteConverter@6692b6c6] from definition [Definition: io.micronaut.http.cookie.SameSiteConverter] with qualifier [null]
07:29:17.739 [main] DEBUG io.micronaut.context.DefaultBeanContext -- Found a registration BeanRegistration: io.micronaut.http.cookie.SameSiteConverter@6692b6c6 for candidate: Definition: io.micronaut.http.cookie.SameSiteConverter with qualifier: null
07:29:17.740 [main] DEBUG io.micronaut.context.lifecycle -- Created bean [io.micronaut.http.server.cors.CorsOriginConverter@4bd31064] from definition [Definition: io.micronaut.http.server.cors.CorsOriginConverter] with qualifier [null]
07:29:17.740 [main] DEBUG io.micronaut.context.DefaultBeanContext -- Found a registration BeanRegistration: io.micronaut.http.server.cors.CorsOriginConverter@4bd31064 for candidate: Definition: io.micronaut.http.server.cors.CorsOriginConverter with qualifier: null
07:29:17.740 [main] DEBUG io.micronaut.context.DefaultBeanContext -- Resolving beans for type: io.micronaut.core.convert.TypeConverterRegistrar
07:29:17.740 [main] DEBUG io.micronaut.context.DefaultBeanContext -- Finding candidate beans for type: TypeConverterRegistrar
07:29:17.741 [main] DEBUG io.micronaut.context.condition.Condition -- Bean [io.micronaut.http.netty.channel.converters.$KQueueChannelOptionFactory$Definition] will not be loaded due to failing conditions:
07:29:17.741 [main] DEBUG io.micronaut.context.condition.Condition -- * Class [io.netty.channel.kqueue.KQueue] is not present
07:29:17.742 [main] DEBUG io.micronaut.context.condition.Condition -- Bean [io.micronaut.reactor.convert.$ReactorToRxJava2ConverterRegistrar$Definition] will not be loaded due to failing conditions:
07:29:17.742 [main] DEBUG io.micronaut.context.condition.Condition -- * Class [io.reactivex.Maybe] is not present
07:29:17.742 [main] DEBUG io.micronaut.context.condition.Condition -- Bean [io.micronaut.reactor.convert.$ReactorToRxJava3ConverterRegistrar$Definition] will not be loaded due to failing conditions:
07:29:17.742 [main] DEBUG io.micronaut.context.condition.Condition -- * Class [io.reactivex.rxjava3.core.Maybe] is not present
07:29:17.742 [main] DEBUG io.micronaut.context.DefaultBeanContext --   class io.micronaut.http.server.netty.converters.NettyConverters null Definition: io.micronaut.http.server.netty.converters.NettyConverters
07:29:17.742 [main] DEBUG io.micronaut.context.DefaultBeanContext --   class io.micronaut.buffer.netty.NettyByteBufferFactory null Definition: io.micronaut.buffer.netty.NettyByteBufferFactory
07:29:17.743 [main] DEBUG io.micronaut.context.DefaultBeanContext --   class io.micronaut.jackson.databind.convert.JacksonConverterRegistrar null Definition: io.micronaut.jackson.databind.convert.JacksonConverterRegistrar
07:29:17.743 [main] DEBUG io.micronaut.context.DefaultBeanContext --   class io.micronaut.json.convert.JsonConverterRegistrar null Definition: io.micronaut.json.convert.JsonConverterRegistrar
07:29:17.743 [main] DEBUG io.micronaut.context.DefaultBeanContext --   class io.micronaut.http.converters.HttpConverterRegistrar null Definition: io.micronaut.http.converters.HttpConverterRegistrar
07:29:17.743 [main] DEBUG io.micronaut.core.reflect.ClassUtils -- Attempting to dynamically load class io.micronaut.context.annotation.Prototype
07:29:17.743 [main] DEBUG io.micronaut.core.reflect.ClassUtils -- Successfully loaded class io.micronaut.context.annotation.Prototype
07:29:17.744 [main] DEBUG io.micronaut.context.DefaultBeanContext -- Finding candidate beans for type: BeanProvider decoderRegistryProvider
07:29:17.745 [main] DEBUG io.micronaut.context.DefaultBeanContext --   interface io.micronaut.context.BeanProvider null io.micronaut.inject.provider.BeanProviderDefinition@3cd344c0
07:29:17.745 [main] DEBUG io.micronaut.context.DefaultBeanContext -- Found concrete candidate [io.micronaut.inject.provider.BeanProviderDefinition@3cd344c0] for type: decoderRegistryProvider 
07:29:17.745 [main] DEBUG io.micronaut.context.lifecycle -- Created bean [io.micronaut.inject.provider.BeanProviderDefinition$1@6a57ae10] from definition [io.micronaut.inject.provider.BeanProviderDefinition@3cd344c0] with qualifier [null]
07:29:17.746 [main] DEBUG io.micronaut.context.DefaultBeanContext -- Finding candidate beans for type: BeanProvider channelOptionFactory
07:29:17.746 [main] DEBUG io.micronaut.context.DefaultBeanContext --   interface io.micronaut.context.BeanProvider null io.micronaut.inject.provider.BeanProviderDefinition@3cd344c0
07:29:17.746 [main] DEBUG io.micronaut.context.DefaultBeanContext -- Found concrete candidate [io.micronaut.inject.provider.BeanProviderDefinition@3cd344c0] for type: channelOptionFactory 
07:29:17.746 [main] DEBUG io.micronaut.context.lifecycle -- Created bean [io.micronaut.inject.provider.BeanProviderDefinition$1@4e07b95f] from definition [io.micronaut.inject.provider.BeanProviderDefinition@3cd344c0] with qualifier [null]
07:29:17.746 [main] DEBUG io.micronaut.context.lifecycle -- Created bean [io.micronaut.http.server.netty.converters.NettyConverters@28b46423] from definition [Definition: io.micronaut.http.server.netty.converters.NettyConverters] with qualifier [null]
07:29:17.746 [main] DEBUG io.micronaut.context.DefaultBeanContext -- Found a registration BeanRegistration: io.micronaut.http.server.netty.converters.NettyConverters@28b46423 for candidate: Definition: io.micronaut.http.server.netty.converters.NettyConverters with qualifier: null
07:29:17.747 [main] DEBUG io.micronaut.context.lifecycle -- Created bean [io.micronaut.buffer.netty.NettyByteBufferFactory@6b6776cb] from definition [Definition: io.micronaut.buffer.netty.NettyByteBufferFactory] with qualifier [null]
07:29:17.747 [main] DEBUG io.micronaut.context.DefaultBeanContext -- Found a registration BeanRegistration: io.micronaut.buffer.netty.NettyByteBufferFactory@6b6776cb for candidate: Definition: io.micronaut.buffer.netty.NettyByteBufferFactory with qualifier: null
07:29:17.747 [main] DEBUG io.micronaut.core.reflect.ClassUtils -- Attempting to dynamically load class io.micronaut.context.annotation.Prototype
07:29:17.747 [main] DEBUG io.micronaut.core.reflect.ClassUtils -- Successfully loaded class io.micronaut.context.annotation.Prototype
07:29:17.748 [main] DEBUG io.micronaut.context.DefaultBeanContext -- Finding candidate beans for type: BeanProvider objectMapper
07:29:17.748 [main] DEBUG io.micronaut.context.DefaultBeanContext --   interface io.micronaut.context.BeanProvider null io.micronaut.inject.provider.BeanProviderDefinition@3cd344c0
07:29:17.748 [main] DEBUG io.micronaut.context.DefaultBeanContext -- Found concrete candidate [io.micronaut.inject.provider.BeanProviderDefinition@3cd344c0] for type: objectMapper 
07:29:17.748 [main] DEBUG io.micronaut.context.lifecycle -- Created bean [io.micronaut.inject.provider.BeanProviderDefinition$1@53b7f657] from definition [io.micronaut.inject.provider.BeanProviderDefinition@3cd344c0] with qualifier [null]
07:29:17.748 [main] DEBUG io.micronaut.context.lifecycle -- Created bean [io.micronaut.jackson.databind.convert.JacksonConverterRegistrar@797b0699] from definition [Definition: io.micronaut.jackson.databind.convert.JacksonConverterRegistrar] with qualifier [null]
07:29:17.748 [main] DEBUG io.micronaut.context.DefaultBeanContext -- Found a registration BeanRegistration: io.micronaut.jackson.databind.convert.JacksonConverterRegistrar@797b0699 for candidate: Definition: io.micronaut.jackson.databind.convert.JacksonConverterRegistrar with qualifier: null
07:29:17.748 [main] DEBUG io.micronaut.core.reflect.ClassUtils -- Attempting to dynamically load class io.micronaut.context.annotation.Prototype
07:29:17.748 [main] DEBUG io.micronaut.core.reflect.ClassUtils -- Successfully loaded class io.micronaut.context.annotation.Prototype
07:29:17.749 [main] DEBUG io.micronaut.context.DefaultBeanContext -- Finding candidate beans for type: BeanProvider objectCodec
07:29:17.749 [main] DEBUG io.micronaut.context.DefaultBeanContext --   interface io.micronaut.context.BeanProvider null io.micronaut.inject.provider.BeanProviderDefinition@3cd344c0
07:29:17.749 [main] DEBUG io.micronaut.context.DefaultBeanContext -- Found concrete candidate [io.micronaut.inject.provider.BeanProviderDefinition@3cd344c0] for type: objectCodec 
07:29:17.749 [main] DEBUG io.micronaut.context.lifecycle -- Created bean [io.micronaut.inject.provider.BeanProviderDefinition$1@f14a7d4] from definition [io.micronaut.inject.provider.BeanProviderDefinition@3cd344c0] with qualifier [null]
07:29:17.749 [main] DEBUG io.micronaut.context.DefaultBeanContext -- Finding candidate beans for type: BeanProvider beanPropertyBinder
07:29:17.750 [main] DEBUG io.micronaut.context.DefaultBeanContext --   interface io.micronaut.context.BeanProvider null io.micronaut.inject.provider.BeanProviderDefinition@3cd344c0
07:29:17.750 [main] DEBUG io.micronaut.context.DefaultBeanContext -- Found concrete candidate [io.micronaut.inject.provider.BeanProviderDefinition@3cd344c0] for type: beanPropertyBinder 
07:29:17.750 [main] DEBUG io.micronaut.context.lifecycle -- Created bean [io.micronaut.inject.provider.BeanProviderDefinition$1@29a5f4e7] from definition [io.micronaut.inject.provider.BeanProviderDefinition@3cd344c0] with qualifier [null]
07:29:17.750 [main] DEBUG io.micronaut.context.lifecycle -- Created bean [io.micronaut.json.convert.JsonConverterRegistrar@79c97cb] from definition [Definition: io.micronaut.json.convert.JsonConverterRegistrar] with qualifier [null]
07:29:17.750 [main] DEBUG io.micronaut.context.DefaultBeanContext -- Found a registration BeanRegistration: io.micronaut.json.convert.JsonConverterRegistrar@79c97cb for candidate: Definition: io.micronaut.json.convert.JsonConverterRegistrar with qualifier: null
07:29:17.750 [main] DEBUG io.micronaut.core.reflect.ClassUtils -- Attempting to dynamically load class io.micronaut.context.annotation.Prototype
07:29:17.750 [main] DEBUG io.micronaut.core.reflect.ClassUtils -- Successfully loaded class io.micronaut.context.annotation.Prototype
07:29:17.751 [main] DEBUG io.micronaut.context.DefaultBeanContext -- Finding candidate beans for type: BeanProvider resourceResolver
07:29:17.751 [main] DEBUG io.micronaut.context.DefaultBeanContext --   interface io.micronaut.context.BeanProvider null io.micronaut.inject.provider.BeanProviderDefinition@3cd344c0
07:29:17.751 [main] DEBUG io.micronaut.context.DefaultBeanContext -- Found concrete candidate [io.micronaut.inject.provider.BeanProviderDefinition@3cd344c0] for type: resourceResolver 
07:29:17.751 [main] DEBUG io.micronaut.context.lifecycle -- Created bean [io.micronaut.inject.provider.BeanProviderDefinition$1@42a15bdc] from definition [io.micronaut.inject.provider.BeanProviderDefinition@3cd344c0] with qualifier [null]
07:29:17.751 [main] DEBUG io.micronaut.context.lifecycle -- Created bean [io.micronaut.http.converters.HttpConverterRegistrar@44a59da3] from definition [Definition: io.micronaut.http.converters.HttpConverterRegistrar] with qualifier [null]
07:29:17.751 [main] DEBUG io.micronaut.context.DefaultBeanContext -- Found a registration BeanRegistration: io.micronaut.http.converters.HttpConverterRegistrar@44a59da3 for candidate: Definition: io.micronaut.http.converters.HttpConverterRegistrar with qualifier: null
07:29:17.751 [main] DEBUG io.micronaut.context.DefaultBeanContext -- Found 5 bean registrations for type [typeConverterRegistrar]
07:29:17.752 [main] DEBUG io.micronaut.context.DefaultBeanContext --   Definition: io.micronaut.jackson.databind.convert.JacksonConverterRegistrar null
07:29:17.752 [main] DEBUG io.micronaut.context.DefaultBeanContext --   Definition: io.micronaut.json.convert.JsonConverterRegistrar null
07:29:17.752 [main] DEBUG io.micronaut.context.DefaultBeanContext --   Definition: io.micronaut.http.converters.HttpConverterRegistrar null
07:29:17.752 [main] DEBUG io.micronaut.context.DefaultBeanContext --   Definition: io.micronaut.buffer.netty.NettyByteBufferFactory null
07:29:17.752 [main] DEBUG io.micronaut.context.DefaultBeanContext --   Definition: io.micronaut.http.server.netty.converters.NettyConverters null
07:29:17.760 [main] DEBUG io.micronaut.context.condition.Condition -- Bean [io.micronaut.buffer.netty.$DefaultByteBufAllocatorConfiguration$Definition] will not be loaded due to failing conditions:
07:29:17.760 [main] DEBUG io.micronaut.context.condition.Condition -- * Required property [netty.default.allocator] with value [null] not present
07:29:17.761 [main] DEBUG io.micronaut.context.condition.Condition -- Bean [io.micronaut.logging.$PropertiesLoggingLevelsConfigurer$Definition] will not be loaded due to failing conditions:
07:29:17.761 [main] DEBUG io.micronaut.context.condition.Condition -- * Required property [logger] with value [null] not present
07:29:17.762 [main] DEBUG io.micronaut.context.DefaultBeanContext -- Finding candidate beans for type: SessionFactoryPerDataSourceFactory
07:29:17.763 [main] DEBUG io.micronaut.core.reflect.ClassUtils -- Attempting to dynamically load class org.hibernate.reactive.provider.ReactiveServiceRegistryBuilder
07:29:17.763 [main] DEBUG io.micronaut.core.reflect.ClassUtils -- Class org.hibernate.reactive.provider.ReactiveServiceRegistryBuilder is not present
07:29:17.763 [main] DEBUG io.micronaut.core.reflect.ClassUtils -- Attempting to dynamically load class org.hibernate.reactive.provider.ReactiveServiceRegistryBuilder
07:29:17.764 [main] DEBUG io.micronaut.core.reflect.ClassUtils -- Class org.hibernate.reactive.provider.ReactiveServiceRegistryBuilder is not present
07:29:17.764 [main] DEBUG io.micronaut.context.DefaultBeanContext --   class io.micronaut.configuration.hibernate.jpa.conf.SessionFactoryPerDataSourceFactory null Definition: io.micronaut.configuration.hibernate.jpa.conf.SessionFactoryPerDataSourceFactory
07:29:17.764 [main] DEBUG io.micronaut.context.condition.Condition -- Bean [Definition: io.micronaut.configuration.hibernate.jpa.conf.SessionFactoryPerJpaConfigurationFactory] will not be loaded due to failing conditions:
07:29:17.764 [main] DEBUG io.micronaut.context.condition.Condition -- * Existing bean [io.micronaut.configuration.hibernate.jpa.conf.SessionFactoryPerDataSourceFactory] of type [class io.micronaut.configuration.hibernate.jpa.conf.SessionFactoryPerDataSourceFactory] registered in context
07:29:17.764 [main] DEBUG io.micronaut.core.reflect.ClassUtils -- Attempting to dynamically load class org.hibernate.reactive.provider.ReactiveServiceRegistryBuilder
07:29:17.765 [main] DEBUG io.micronaut.core.reflect.ClassUtils -- Class org.hibernate.reactive.provider.ReactiveServiceRegistryBuilder is not present
07:29:17.765 [main] DEBUG io.micronaut.core.reflect.ClassUtils -- Attempting to dynamically load class org.hibernate.reactive.provider.ReactiveServiceRegistryBuilder
07:29:17.765 [main] DEBUG io.micronaut.core.reflect.ClassUtils -- Class org.hibernate.reactive.provider.ReactiveServiceRegistryBuilder is not present
07:29:17.766 [main] DEBUG io.micronaut.context.condition.Condition -- Bean [io.micronaut.reactor.instrument.$ReactorAutomaticContextPropagation$Definition] will not be loaded due to failing conditions:
07:29:17.766 [main] DEBUG io.micronaut.context.condition.Condition -- * Class [io.micrometer.context.ContextRegistry] is not present
07:29:17.767 [main] DEBUG io.micronaut.context.DefaultBeanContext -- Finding candidate beans for type: SessionFactoryBuilder
07:29:17.768 [main] DEBUG io.micronaut.core.reflect.ClassUtils -- Attempting to dynamically load class org.hibernate.reactive.provider.ReactiveServiceRegistryBuilder
07:29:17.771 [main] DEBUG io.micronaut.core.reflect.ClassUtils -- Class org.hibernate.reactive.provider.ReactiveServiceRegistryBuilder is not present
07:29:17.772 [main] DEBUG io.micronaut.core.reflect.ClassUtils -- Attempting to dynamically load class org.hibernate.reactive.provider.ReactiveServiceRegistryBuilder
07:29:17.772 [main] DEBUG io.micronaut.core.reflect.ClassUtils -- Class org.hibernate.reactive.provider.ReactiveServiceRegistryBuilder is not present
07:29:17.772 [main] DEBUG io.micronaut.context.DefaultBeanContext -- Finding candidate beans for type: Metadata
07:29:17.773 [main] DEBUG io.micronaut.context.DefaultBeanContext -- Finding candidate beans for type: SessionFactoryPerDataSourceFactory
07:29:17.773 [main] DEBUG io.micronaut.context.DefaultBeanContext --   class io.micronaut.configuration.hibernate.jpa.conf.SessionFactoryPerDataSourceFactory null Definition: io.micronaut.configuration.hibernate.jpa.conf.SessionFactoryPerDataSourceFactory
07:29:17.773 [main] DEBUG io.micronaut.context.condition.Condition -- Bean [Definition: io.micronaut.configuration.hibernate.jpa.conf.SessionFactoryPerJpaConfigurationFactory] will not be loaded due to failing conditions:
07:29:17.773 [main] DEBUG io.micronaut.context.condition.Condition -- * Existing bean [io.micronaut.configuration.hibernate.jpa.conf.SessionFactoryPerDataSourceFactory] of type [class io.micronaut.configuration.hibernate.jpa.conf.SessionFactoryPerDataSourceFactory] registered in context
07:29:17.774 [main] DEBUG io.micronaut.core.reflect.ClassUtils -- Attempting to dynamically load class org.hibernate.reactive.provider.ReactiveServiceRegistryBuilder
07:29:17.776 [main] DEBUG io.micronaut.core.reflect.ClassUtils -- Class org.hibernate.reactive.provider.ReactiveServiceRegistryBuilder is not present
07:29:17.777 [main] DEBUG io.micronaut.core.reflect.ClassUtils -- Attempting to dynamically load class org.hibernate.reactive.provider.ReactiveServiceRegistryBuilder
07:29:17.777 [main] DEBUG io.micronaut.core.reflect.ClassUtils -- Class org.hibernate.reactive.provider.ReactiveServiceRegistryBuilder is not present
07:29:17.778 [main] DEBUG io.micronaut.context.DefaultBeanContext -- Finding candidate beans for type: MetadataSources
07:29:17.778 [main] DEBUG io.micronaut.core.reflect.ClassUtils -- Attempting to dynamically load class org.hibernate.reactive.provider.ReactiveServiceRegistryBuilder
07:29:17.778 [main] DEBUG io.micronaut.core.reflect.ClassUtils -- Class org.hibernate.reactive.provider.ReactiveServiceRegistryBuilder is not present
07:29:17.778 [main] DEBUG io.micronaut.core.reflect.ClassUtils -- Attempting to dynamically load class org.hibernate.reactive.provider.ReactiveServiceRegistryBuilder
07:29:17.779 [main] DEBUG io.micronaut.core.reflect.ClassUtils -- Class org.hibernate.reactive.provider.ReactiveServiceRegistryBuilder is not present
07:29:17.779 [main] DEBUG io.micronaut.context.DefaultBeanContext -- Finding candidate beans for type: ServiceRegistry
07:29:17.779 [main] DEBUG io.micronaut.context.DefaultBeanContext -- Finding candidate beans for type: SessionFactoryPerDataSourceFactory
07:29:17.780 [main] DEBUG io.micronaut.context.DefaultBeanContext --   class io.micronaut.configuration.hibernate.jpa.conf.SessionFactoryPerDataSourceFactory null Definition: io.micronaut.configuration.hibernate.jpa.conf.SessionFactoryPerDataSourceFactory
07:29:17.780 [main] DEBUG io.micronaut.context.condition.Condition -- Bean [Definition: io.micronaut.configuration.hibernate.jpa.conf.SessionFactoryPerJpaConfigurationFactory] will not be loaded due to failing conditions:
07:29:17.781 [main] DEBUG io.micronaut.context.condition.Condition -- * Existing bean [io.micronaut.configuration.hibernate.jpa.conf.SessionFactoryPerDataSourceFactory] of type [class io.micronaut.configuration.hibernate.jpa.conf.SessionFactoryPerDataSourceFactory] registered in context
07:29:17.781 [main] DEBUG io.micronaut.core.reflect.ClassUtils -- Attempting to dynamically load class org.hibernate.reactive.provider.ReactiveServiceRegistryBuilder
07:29:17.781 [main] DEBUG io.micronaut.core.reflect.ClassUtils -- Class org.hibernate.reactive.provider.ReactiveServiceRegistryBuilder is not present
07:29:17.782 [main] DEBUG io.micronaut.core.reflect.ClassUtils -- Attempting to dynamically load class org.hibernate.reactive.provider.ReactiveServiceRegistryBuilder
07:29:17.782 [main] DEBUG io.micronaut.core.reflect.ClassUtils -- Class org.hibernate.reactive.provider.ReactiveServiceRegistryBuilder is not present
07:29:17.782 [main] DEBUG io.micronaut.context.DefaultBeanContext -- Finding candidate beans for type: DataSource
07:29:17.782 [main] DEBUG io.micronaut.context.DefaultBeanContext -- Finding candidate beans for type: DatasourceConfiguration
07:29:17.811 [main] DEBUG io.micronaut.context.DefaultBeanContext --   class io.micronaut.configuration.jdbc.hikari.DatasourceConfiguration @Named('default') Definition: io.micronaut.configuration.jdbc.hikari.DatasourceConfiguration
07:29:17.812 [main] DEBUG io.micronaut.context.DefaultBeanContext --   interface javax.sql.DataSource @Named('default') Definition: io.micronaut.configuration.jdbc.hikari.DatasourceFactory
07:29:17.813 [main] DEBUG io.micronaut.core.reflect.ClassUtils -- Attempting to dynamically load class org.hibernate.reactive.provider.ReactiveServiceRegistryBuilder
07:29:17.813 [main] DEBUG io.micronaut.core.reflect.ClassUtils -- Class org.hibernate.reactive.provider.ReactiveServiceRegistryBuilder is not present
07:29:17.813 [main] DEBUG io.micronaut.context.DefaultBeanContext --   interface org.hibernate.service.ServiceRegistry @Named('default') Definition: io.micronaut.configuration.hibernate.jpa.conf.SessionFactoryPerDataSourceFactory
07:29:17.813 [main] DEBUG io.micronaut.core.reflect.ClassUtils -- Attempting to dynamically load class org.hibernate.reactive.provider.ReactiveServiceRegistryBuilder
07:29:17.813 [main] DEBUG io.micronaut.core.reflect.ClassUtils -- Class org.hibernate.reactive.provider.ReactiveServiceRegistryBuilder is not present
07:29:17.814 [main] DEBUG io.micronaut.context.DefaultBeanContext -- Finding candidate beans for type: SessionFactoryPerDataSourceFactory
07:29:17.814 [main] DEBUG io.micronaut.context.DefaultBeanContext --   class io.micronaut.configuration.hibernate.jpa.conf.SessionFactoryPerDataSourceFactory null Definition: io.micronaut.configuration.hibernate.jpa.conf.SessionFactoryPerDataSourceFactory
07:29:17.815 [main] DEBUG io.micronaut.context.condition.Condition -- Bean [Definition: io.micronaut.configuration.hibernate.jpa.conf.SessionFactoryPerJpaConfigurationFactory] will not be loaded due to failing conditions:
07:29:17.815 [main] DEBUG io.micronaut.context.condition.Condition -- * Existing bean [io.micronaut.configuration.hibernate.jpa.conf.SessionFactoryPerDataSourceFactory] of type [class io.micronaut.configuration.hibernate.jpa.conf.SessionFactoryPerDataSourceFactory] registered in context
07:29:17.817 [main] DEBUG io.micronaut.context.DefaultBeanContext --   class org.hibernate.boot.MetadataSources @Named('default') Definition: io.micronaut.configuration.hibernate.jpa.conf.SessionFactoryPerDataSourceFactory
07:29:17.817 [main] DEBUG io.micronaut.core.reflect.ClassUtils -- Attempting to dynamically load class org.hibernate.reactive.provider.ReactiveServiceRegistryBuilder
07:29:17.818 [main] DEBUG io.micronaut.core.reflect.ClassUtils -- Class org.hibernate.reactive.provider.ReactiveServiceRegistryBuilder is not present
07:29:17.818 [main] DEBUG io.micronaut.context.DefaultBeanContext --   interface org.hibernate.boot.Metadata @Named('default') Definition: io.micronaut.configuration.hibernate.jpa.conf.SessionFactoryPerDataSourceFactory
07:29:17.818 [main] DEBUG io.micronaut.core.reflect.ClassUtils -- Attempting to dynamically load class org.hibernate.reactive.provider.ReactiveServiceRegistryBuilder
07:29:17.818 [main] DEBUG io.micronaut.core.reflect.ClassUtils -- Class org.hibernate.reactive.provider.ReactiveServiceRegistryBuilder is not present
07:29:17.819 [main] DEBUG io.micronaut.context.DefaultBeanContext -- Finding candidate beans for type: SessionFactoryPerDataSourceFactory
07:29:17.819 [main] DEBUG io.micronaut.context.DefaultBeanContext --   class io.micronaut.configuration.hibernate.jpa.conf.SessionFactoryPerDataSourceFactory null Definition: io.micronaut.configuration.hibernate.jpa.conf.SessionFactoryPerDataSourceFactory
07:29:17.819 [main] DEBUG io.micronaut.context.condition.Condition -- Bean [Definition: io.micronaut.configuration.hibernate.jpa.conf.SessionFactoryPerJpaConfigurationFactory] will not be loaded due to failing conditions:
07:29:17.819 [main] DEBUG io.micronaut.context.condition.Condition -- * Existing bean [io.micronaut.configuration.hibernate.jpa.conf.SessionFactoryPerDataSourceFactory] of type [class io.micronaut.configuration.hibernate.jpa.conf.SessionFactoryPerDataSourceFactory] registered in context
07:29:17.820 [main] DEBUG io.micronaut.context.DefaultBeanContext --   interface org.hibernate.boot.SessionFactoryBuilder @Named('default') Definition: io.micronaut.configuration.hibernate.jpa.conf.SessionFactoryPerDataSourceFactory
07:29:17.820 [main] DEBUG io.micronaut.core.reflect.ClassUtils -- Attempting to dynamically load class org.hibernate.reactive.provider.ReactiveServiceRegistryBuilder
07:29:17.820 [main] DEBUG io.micronaut.core.reflect.ClassUtils -- Class org.hibernate.reactive.provider.ReactiveServiceRegistryBuilder is not present
07:29:17.821 [main] DEBUG io.micronaut.context.DefaultBeanContext -- Finding candidate beans for type: SessionFactoryPerDataSourceFactory
07:29:17.821 [main] DEBUG io.micronaut.context.DefaultBeanContext --   class io.micronaut.configuration.hibernate.jpa.conf.SessionFactoryPerDataSourceFactory null Definition: io.micronaut.configuration.hibernate.jpa.conf.SessionFactoryPerDataSourceFactory
07:29:17.822 [main] DEBUG io.micronaut.context.DefaultBeanContext -- Found concrete candidate [Definition: io.micronaut.configuration.hibernate.jpa.conf.SessionFactoryPerDataSourceFactory] for type: sessionFactoryPerDataSourceFactory 
07:29:17.822 [main] DEBUG io.micronaut.context.DefaultBeanContext -- Finding candidate beans for type: Environment environment
07:29:17.823 [main] DEBUG io.micronaut.context.DefaultBeanContext --   class io.micronaut.context.env.DefaultEnvironment @Primary io.micronaut.context.DefaultRuntimeBeanDefinition@732d0d24
07:29:17.823 [main] DEBUG io.micronaut.context.DefaultBeanContext -- Found concrete candidate [io.micronaut.context.DefaultRuntimeBeanDefinition@732d0d24] for type: environment 
07:29:17.823 [main] DEBUG io.micronaut.context.lifecycle -- Created bean [io.micronaut.context.DefaultApplicationContext$RuntimeConfiguredEnvironment@782859e] from definition [io.micronaut.context.DefaultRuntimeBeanDefinition@732d0d24] with qualifier [@Primary]
07:29:17.823 [main] DEBUG io.micronaut.context.DefaultBeanContext -- Resolving beans for type: io.micronaut.configuration.hibernate.jpa.conf.sessionfactory.configure.SessionFactoryBuilderConfigurer
07:29:17.823 [main] DEBUG io.micronaut.context.DefaultBeanContext -- Finding candidate beans for type: SessionFactoryBuilderConfigurer E
07:29:17.824 [main] DEBUG io.micronaut.context.DefaultBeanContext -- Finding candidate beans for type: ValidatorFactory
07:29:17.824 [main] DEBUG io.micronaut.context.DefaultBeanContext -- Finding candidate beans for type: ValidatorFactory
07:29:17.825 [main] DEBUG io.micronaut.context.DefaultBeanContext -- No bean candidates found for type: ValidatorFactory
07:29:17.825 [main] DEBUG io.micronaut.context.DefaultBeanContext --   class io.micronaut.validation.validator.DefaultValidatorFactory null Definition: io.micronaut.validation.validator.DefaultValidatorFactory
07:29:17.825 [main] DEBUG io.micronaut.context.DefaultBeanContext --   class io.micronaut.configuration.hibernate.jpa.conf.sessionfactory.configure.internal.ValidatorFactoryConfigurer null Definition: io.micronaut.configuration.hibernate.jpa.conf.sessionfactory.configure.internal.ValidatorFactoryConfigurer
07:29:17.825 [main] DEBUG io.micronaut.core.reflect.ClassUtils -- Attempting to dynamically load class io.micronaut.context.annotation.Prototype
07:29:17.825 [main] DEBUG io.micronaut.core.reflect.ClassUtils -- Successfully loaded class io.micronaut.context.annotation.Prototype
07:29:17.825 [main] DEBUG io.micronaut.context.DefaultBeanContext -- Finding candidate beans for type: ValidatorFactory validatorFactory
07:29:17.825 [main] DEBUG io.micronaut.context.DefaultBeanContext --   class io.micronaut.validation.validator.DefaultValidatorFactory null Definition: io.micronaut.validation.validator.DefaultValidatorFactory
07:29:17.825 [main] DEBUG io.micronaut.context.DefaultBeanContext -- Found concrete candidate [Definition: io.micronaut.validation.validator.DefaultValidatorFactory] for type: validatorFactory 
07:29:17.826 [main] DEBUG io.micronaut.context.DefaultBeanContext -- Finding candidate beans for type: Validator validator
07:29:17.826 [main] DEBUG io.micronaut.context.DefaultBeanContext --   class io.micronaut.validation.validator.DefaultValidator null Definition: io.micronaut.validation.validator.DefaultValidator
07:29:17.827 [main] DEBUG io.micronaut.context.DefaultBeanContext -- Found concrete candidate [Definition: io.micronaut.validation.validator.DefaultValidator] for type: validator 
07:29:17.830 [main] DEBUG io.micronaut.context.DefaultBeanContext -- Finding candidate beans for type: ValidatorConfiguration configuration
07:29:17.831 [main] DEBUG io.micronaut.context.DefaultBeanContext --   class io.micronaut.validation.validator.DefaultValidatorConfiguration null Definition: io.micronaut.validation.validator.DefaultValidatorConfiguration
07:29:17.831 [main] DEBUG io.micronaut.context.DefaultBeanContext -- Found concrete candidate [Definition: io.micronaut.validation.validator.DefaultValidatorConfiguration] for type: configuration 
07:29:17.832 [main] DEBUG io.micronaut.context.DefaultBeanContext -- Finding candidate beans for type: ConstraintValidatorRegistry constraintValidatorRegistry
07:29:17.832 [main] DEBUG io.micronaut.context.DefaultBeanContext --   class io.micronaut.validation.validator.constraints.DefaultConstraintValidators null Definition: io.micronaut.validation.validator.constraints.DefaultConstraintValidators
07:29:17.832 [main] DEBUG io.micronaut.context.DefaultBeanContext -- Found concrete candidate [Definition: io.micronaut.validation.validator.constraints.DefaultConstraintValidators] for type: constraintValidatorRegistry 
07:29:17.916 [main] DEBUG io.micronaut.core.beans.DefaultBeanIntrospector -- Found BeanIntrospection for type: class io.micronaut.validation.validator.constraints.InternalConstraintValidators,
07:29:17.937 [main] DEBUG io.micronaut.context.lifecycle -- Created bean [io.micronaut.validation.validator.constraints.DefaultConstraintValidators@4b23c30a] from definition [Definition: io.micronaut.validation.validator.constraints.DefaultConstraintValidators] with qualifier [null]
07:29:17.937 [main] DEBUG io.micronaut.context.DefaultBeanContext -- Finding candidate beans for type: ValueExtractorRegistry valueExtractorRegistry
07:29:17.938 [main] DEBUG io.micronaut.context.DefaultBeanContext --   class io.micronaut.validation.validator.extractors.DefaultValueExtractors null Definition: io.micronaut.validation.validator.extractors.DefaultValueExtractors
07:29:17.938 [main] DEBUG io.micronaut.context.DefaultBeanContext -- Found concrete candidate [Definition: io.micronaut.validation.validator.extractors.DefaultValueExtractors] for type: valueExtractorRegistry 
07:29:17.939 [main] DEBUG io.micronaut.core.beans.DefaultBeanIntrospector -- Found BeanIntrospection for type: class io.micronaut.validation.validator.extractors.InternalValueExtractors,
07:29:17.942 [main] DEBUG io.micronaut.context.DefaultBeanContext -- Finding candidate beans for type: ValueExtractor
07:29:17.942 [main] DEBUG io.micronaut.context.DefaultBeanContext -- No bean candidates found for type: ValueExtractor
07:29:17.943 [main] DEBUG io.micronaut.context.lifecycle -- Created bean [io.micronaut.validation.validator.extractors.DefaultValueExtractors@2c07545f] from definition [Definition: io.micronaut.validation.validator.extractors.DefaultValueExtractors] with qualifier [null]
07:29:17.943 [main] DEBUG io.micronaut.context.DefaultBeanContext -- Finding candidate beans for type: ClockProvider clockProvider
07:29:17.943 [main] DEBUG io.micronaut.context.DefaultBeanContext --   class io.micronaut.validation.validator.DefaultClockProvider null Definition: io.micronaut.validation.validator.DefaultClockProvider
07:29:17.943 [main] DEBUG io.micronaut.context.DefaultBeanContext -- Found concrete candidate [Definition: io.micronaut.validation.validator.DefaultClockProvider] for type: clockProvider 
07:29:17.944 [main] DEBUG io.micronaut.context.lifecycle -- Created bean [io.micronaut.validation.validator.DefaultClockProvider@34c01041] from definition [Definition: io.micronaut.validation.validator.DefaultClockProvider] with qualifier [null]
07:29:17.944 [main] DEBUG io.micronaut.context.DefaultBeanContext -- Finding candidate beans for type: TraversableResolver traversableResolver
07:29:17.944 [main] DEBUG io.micronaut.context.DefaultBeanContext --   class io.micronaut.validation.validator.resolver.CompositeTraversableResolver null Definition: io.micronaut.validation.validator.resolver.CompositeTraversableResolver
07:29:17.945 [main] DEBUG io.micronaut.context.DefaultBeanContext --   class io.micronaut.configuration.hibernate.jpa.validation.JPATraversableResolver null Definition: io.micronaut.configuration.hibernate.jpa.validation.JPATraversableResolver
07:29:17.945 [main] DEBUG io.micronaut.context.DefaultBeanContext -- Searching for @Primary for type [traversableResolver] from candidates: [Definition: io.micronaut.validation.validator.resolver.CompositeTraversableResolver, Definition: io.micronaut.configuration.hibernate.jpa.validation.JPATraversableResolver] 
07:29:17.945 [main] DEBUG io.micronaut.context.DefaultBeanContext -- Found concrete candidate [Definition: io.micronaut.validation.validator.resolver.CompositeTraversableResolver] for type: traversableResolver 
07:29:17.945 [main] DEBUG io.micronaut.context.DefaultBeanContext -- Resolving beans for type: jakarta.validation.TraversableResolver
07:29:17.945 [main] DEBUG io.micronaut.context.DefaultBeanContext -- Finding candidate beans for type: TraversableResolver E
07:29:17.946 [main] DEBUG io.micronaut.context.DefaultBeanContext --   class io.micronaut.validation.validator.resolver.CompositeTraversableResolver null Definition: io.micronaut.validation.validator.resolver.CompositeTraversableResolver
07:29:17.946 [main] DEBUG io.micronaut.context.DefaultBeanContext --   class io.micronaut.configuration.hibernate.jpa.validation.JPATraversableResolver null Definition: io.micronaut.configuration.hibernate.jpa.validation.JPATraversableResolver
07:29:17.946 [main] DEBUG io.micronaut.context.lifecycle -- Created bean [io.micronaut.configuration.hibernate.jpa.validation.JPATraversableResolver@76a2ddf3] from definition [Definition: io.micronaut.configuration.hibernate.jpa.validation.JPATraversableResolver] with qualifier [null]
07:29:17.946 [main] DEBUG io.micronaut.context.DefaultBeanContext -- Found a registration BeanRegistration: io.micronaut.configuration.hibernate.jpa.validation.JPATraversableResolver@76a2ddf3 for candidate: Definition: io.micronaut.configuration.hibernate.jpa.validation.JPATraversableResolver with qualifier: null
07:29:17.946 [main] DEBUG io.micronaut.context.lifecycle -- Created bean [io.micronaut.validation.validator.resolver.CompositeTraversableResolver@524f3b3a] from definition [Definition: io.micronaut.validation.validator.resolver.CompositeTraversableResolver] with qualifier [null]
07:29:17.946 [main] DEBUG io.micronaut.context.DefaultBeanContext -- Finding candidate beans for type: MessageInterpolator messageInterpolator
07:29:17.947 [main] DEBUG io.micronaut.context.DefaultBeanContext --   class io.micronaut.validation.validator.messages.DefaultMessageInterpolator null Definition: io.micronaut.validation.validator.messages.DefaultMessageInterpolator
07:29:17.947 [main] DEBUG io.micronaut.context.DefaultBeanContext -- Found concrete candidate [Definition: io.micronaut.validation.validator.messages.DefaultMessageInterpolator] for type: messageInterpolator 
07:29:17.947 [main] DEBUG io.micronaut.context.DefaultBeanContext -- Finding candidate beans for type: MessageSource messageSource
07:29:17.948 [main] DEBUG io.micronaut.context.DefaultBeanContext --   class io.micronaut.runtime.context.CompositeMessageSource null Definition: io.micronaut.runtime.context.CompositeMessageSource
07:29:17.948 [main] DEBUG io.micronaut.context.DefaultBeanContext --   class io.micronaut.validation.validator.messages.DefaultMessages null Definition: io.micronaut.validation.validator.messages.DefaultMessages
07:29:17.948 [main] DEBUG io.micronaut.context.DefaultBeanContext -- Searching for @Primary for type [messageSource] from candidates: [Definition: io.micronaut.runtime.context.CompositeMessageSource, Definition: io.micronaut.validation.validator.messages.DefaultMessages] 
07:29:17.948 [main] DEBUG io.micronaut.context.DefaultBeanContext -- Found concrete candidate [Definition: io.micronaut.runtime.context.CompositeMessageSource] for type: messageSource 
07:29:17.949 [main] DEBUG io.micronaut.context.DefaultBeanContext -- Resolving beans for type: io.micronaut.context.MessageSource
07:29:17.949 [main] DEBUG io.micronaut.context.DefaultBeanContext -- Finding candidate beans for type: MessageSource E
07:29:17.949 [main] DEBUG io.micronaut.context.DefaultBeanContext --   class io.micronaut.runtime.context.CompositeMessageSource null Definition: io.micronaut.runtime.context.CompositeMessageSource
07:29:17.949 [main] DEBUG io.micronaut.context.DefaultBeanContext --   class io.micronaut.validation.validator.messages.DefaultMessages null Definition: io.micronaut.validation.validator.messages.DefaultMessages
07:29:17.949 [main] DEBUG io.micronaut.core.reflect.ClassUtils -- Attempting to dynamically load class io.micronaut.context.annotation.Prototype
07:29:17.949 [main] DEBUG io.micronaut.core.reflect.ClassUtils -- Successfully loaded class io.micronaut.context.annotation.Prototype
07:29:17.950 [main] DEBUG io.micronaut.context.lifecycle -- Created bean [io.micronaut.validation.validator.messages.DefaultMessages@64a40280] from definition [Definition: io.micronaut.validation.validator.messages.DefaultMessages] with qualifier [null]
07:29:17.950 [main] DEBUG io.micronaut.context.DefaultBeanContext -- Found a registration BeanRegistration: io.micronaut.validation.validator.messages.DefaultMessages@64a40280 for candidate: Definition: io.micronaut.validation.validator.messages.DefaultMessages with qualifier: null
07:29:17.950 [main] DEBUG io.micronaut.context.DefaultBeanContext -- Found 1 bean registrations for type [E]
07:29:17.950 [main] DEBUG io.micronaut.context.DefaultBeanContext --   Definition: io.micronaut.validation.validator.messages.DefaultMessages null
07:29:17.950 [main] DEBUG io.micronaut.context.lifecycle -- Created bean [io.micronaut.runtime.context.CompositeMessageSource@4b40f651] from definition [Definition: io.micronaut.runtime.context.CompositeMessageSource] with qualifier [null]
07:29:17.950 [main] DEBUG io.micronaut.context.lifecycle -- Created bean [io.micronaut.validation.validator.messages.DefaultMessageInterpolator@42b02722] from definition [Definition: io.micronaut.validation.validator.messages.DefaultMessageInterpolator] with qualifier [null]
07:29:17.951 [main] DEBUG io.micronaut.context.lifecycle -- Created bean [io.micronaut.validation.validator.DefaultValidatorConfiguration@466276d8] from definition [Definition: io.micronaut.validation.validator.DefaultValidatorConfiguration] with qualifier [null]
07:29:17.951 [main] DEBUG io.micronaut.context.lifecycle -- Created bean [io.micronaut.validation.validator.DefaultValidator@5ce8d869] from definition [Definition: io.micronaut.validation.validator.DefaultValidator] with qualifier [null]
07:29:17.951 [main] DEBUG io.micronaut.context.lifecycle -- Created bean [io.micronaut.validation.validator.DefaultValidatorFactory@27eedb64] from definition [Definition: io.micronaut.validation.validator.DefaultValidatorFactory] with qualifier [null]
07:29:17.951 [main] DEBUG io.micronaut.context.lifecycle -- Created bean [io.micronaut.configuration.hibernate.jpa.conf.sessionfactory.configure.internal.ValidatorFactoryConfigurer@64c63c79] from definition [Definition: io.micronaut.configuration.hibernate.jpa.conf.sessionfactory.configure.internal.ValidatorFactoryConfigurer] with qualifier [null]
07:29:17.951 [main] DEBUG io.micronaut.context.DefaultBeanContext -- Found a registration BeanRegistration: io.micronaut.configuration.hibernate.jpa.conf.sessionfactory.configure.internal.ValidatorFactoryConfigurer@64c63c79 for candidate: Definition: io.micronaut.configuration.hibernate.jpa.conf.sessionfactory.configure.internal.ValidatorFactoryConfigurer with qualifier: null
07:29:17.952 [main] DEBUG io.micronaut.context.DefaultBeanContext -- Found 1 bean registrations for type [E]
07:29:17.952 [main] DEBUG io.micronaut.context.DefaultBeanContext --   Definition: io.micronaut.configuration.hibernate.jpa.conf.sessionfactory.configure.internal.ValidatorFactoryConfigurer null
07:29:17.952 [main] DEBUG io.micronaut.context.DefaultBeanContext -- Finding candidate beans for type: StandardServiceRegistryBuilderCreator serviceRegistryBuilderSupplier
07:29:17.952 [main] DEBUG io.micronaut.context.DefaultBeanContext -- Finding candidate beans for type: StandardServiceRegistryBuilderCreator
07:29:17.952 [main] DEBUG io.micronaut.context.DefaultBeanContext -- No bean candidates found for type: StandardServiceRegistryBuilderCreator
07:29:17.952 [main] DEBUG io.micronaut.context.DefaultBeanContext --   class io.micronaut.configuration.hibernate.jpa.conf.serviceregistry.builder.supplier.internal.DefaultStandardServiceRegistryBuilderCreatorCreator null Definition: io.micronaut.configuration.hibernate.jpa.conf.serviceregistry.builder.supplier.internal.DefaultStandardServiceRegistryBuilderCreatorCreator
07:29:17.952 [main] DEBUG io.micronaut.context.DefaultBeanContext -- Found concrete candidate [Definition: io.micronaut.configuration.hibernate.jpa.conf.serviceregistry.builder.supplier.internal.DefaultStandardServiceRegistryBuilderCreatorCreator] for type: serviceRegistryBuilderSupplier 
07:29:17.953 [main] DEBUG io.micronaut.core.reflect.ClassUtils -- Attempting to dynamically load class io.micronaut.context.annotation.Prototype
07:29:17.953 [main] DEBUG io.micronaut.core.reflect.ClassUtils -- Successfully loaded class io.micronaut.context.annotation.Prototype
07:29:17.953 [main] DEBUG io.micronaut.context.DefaultBeanContext -- Finding candidate beans for type: Integrator integrator
07:29:17.953 [main] DEBUG io.micronaut.context.DefaultBeanContext --   class io.micronaut.data.hibernate.event.EventIntegrator null Definition: io.micronaut.data.hibernate.event.EventIntegrator
07:29:17.953 [main] DEBUG io.micronaut.context.DefaultBeanContext -- Found concrete candidate [Definition: io.micronaut.data.hibernate.event.EventIntegrator] for type: integrator 
07:29:17.954 [main] DEBUG io.micronaut.context.DefaultBeanContext -- Finding candidate beans for type: RuntimeEntityRegistry entityRegistry
07:29:17.955 [main] DEBUG io.micronaut.context.DefaultBeanContext --   class io.micronaut.data.runtime.support.DefaultRuntimeEntityRegistry null Definition: io.micronaut.data.runtime.support.DefaultRuntimeEntityRegistry
07:29:17.955 [main] DEBUG io.micronaut.context.DefaultBeanContext -- Found concrete candidate [Definition: io.micronaut.data.runtime.support.DefaultRuntimeEntityRegistry] for type: entityRegistry 
07:29:17.956 [main] DEBUG io.micronaut.context.DefaultBeanContext -- Finding candidate beans for type: EntityEventRegistry eventRegistry
07:29:17.957 [main] DEBUG io.micronaut.context.DefaultBeanContext --   class io.micronaut.data.runtime.event.EntityEventRegistry null Definition: io.micronaut.data.runtime.event.EntityEventRegistry
07:29:17.957 [main] DEBUG io.micronaut.context.DefaultBeanContext -- Found concrete candidate [Definition: io.micronaut.data.runtime.event.EntityEventRegistry] for type: eventRegistry 
07:29:17.958 [main] DEBUG io.micronaut.context.DefaultBeanContext -- Finding candidate beans for type: EntityEventListener
07:29:17.959 [main] DEBUG io.micronaut.context.DefaultBeanContext --   class io.micronaut.data.runtime.event.listeners.AnnotatedMethodInvokingEntityEventListener null Definition: io.micronaut.data.runtime.event.listeners.AnnotatedMethodInvokingEntityEventListener
07:29:17.959 [main] DEBUG io.micronaut.context.DefaultBeanContext --   class io.micronaut.data.runtime.event.listeners.AutoTimestampEntityEventListener null Definition: io.micronaut.data.runtime.event.listeners.AutoTimestampEntityEventListener
07:29:17.959 [main] DEBUG io.micronaut.context.DefaultBeanContext --   class io.micronaut.data.runtime.event.listeners.VersionGeneratingEntityEventListener null Definition: io.micronaut.data.runtime.event.listeners.VersionGeneratingEntityEventListener
07:29:17.959 [main] DEBUG io.micronaut.context.DefaultBeanContext --   class io.micronaut.data.runtime.event.EntityEventRegistry null Definition: io.micronaut.data.runtime.event.EntityEventRegistry
07:29:17.959 [main] DEBUG io.micronaut.context.DefaultBeanContext --   class io.micronaut.data.runtime.event.listeners.UUIDGeneratingEntityEventListener null Definition: io.micronaut.data.runtime.event.listeners.UUIDGeneratingEntityEventListener
07:29:17.961 [main] DEBUG io.micronaut.context.DefaultBeanContext -- Finding candidate beans for qualifier: @EntityEventMapping
07:29:17.961 [main] DEBUG io.micronaut.context.condition.Condition -- Bean [io.micronaut.http.server.netty.jackson.$JsonViewServerFilter$Definition] will not be loaded due to failing conditions:
07:29:17.961 [main] DEBUG io.micronaut.context.condition.Condition -- * Required property [jackson.json-view.enabled] with value [null] not present
07:29:17.962 [main] DEBUG io.micronaut.context.condition.Condition -- Bean [io.micronaut.http.server.netty.jackson.$JsonViewMediaTypeCodecFactory$Definition] will not be loaded due to failing conditions:
07:29:17.962 [main] DEBUG io.micronaut.context.condition.Condition -- * Required property [jackson.json-view.enabled] with value [null] not present
07:29:17.962 [main] DEBUG io.micronaut.context.condition.Condition -- Bean [io.micronaut.http.server.util.locale.$HttpFixedLocaleResolver$Definition] will not be loaded due to failing conditions:
07:29:17.962 [main] DEBUG io.micronaut.context.condition.Condition -- * Required property [micronaut.server.locale-resolution.fixed] with value [null] not present
07:29:17.962 [main] DEBUG io.micronaut.context.condition.Condition -- Bean [io.micronaut.http.server.$CoroutineHelper$Definition] will not be loaded due to failing conditions:
07:29:17.962 [main] DEBUG io.micronaut.context.condition.Condition -- * Class [kotlin.coroutines.CoroutineContext] is not present
07:29:17.965 [main] DEBUG io.micronaut.context.condition.Condition -- Bean [io.micronaut.http.server.$OptionsFilter$Definition] will not be loaded due to failing conditions:
07:29:17.965 [main] DEBUG io.micronaut.context.condition.Condition -- * Property [micronaut.server.dispatch-options-requests] with value [false] does not equal required value: true
07:29:17.965 [main] DEBUG io.micronaut.context.condition.Condition -- Bean [io.micronaut.http.server.util.locale.$CookieLocaleResolver$Definition] will not be loaded due to failing conditions:
07:29:17.965 [main] DEBUG io.micronaut.context.condition.Condition -- * Required property [micronaut.server.locale-resolution.cookie-name] with value [null] not present
07:29:17.966 [main] DEBUG io.micronaut.context.condition.Condition -- Bean [io.micronaut.http.ssl.$ServerSslConfiguration$DefaultKeyStoreConfiguration$Definition] will not be loaded due to failing conditions:
07:29:17.966 [main] DEBUG io.micronaut.context.condition.Condition -- * Required property [micronaut.server.ssl.key-store] with value [null] not present
07:29:17.966 [main] DEBUG io.micronaut.context.condition.Condition -- Bean [io.micronaut.http.body.$ConversionTextPlainHandler$Definition] will not be loaded due to failing conditions:
07:29:17.966 [main] DEBUG io.micronaut.context.condition.Condition -- * Required property [micronaut.http.legacy-text-conversion] with value [true] not present
07:29:17.966 [main] DEBUG io.micronaut.context.condition.Condition -- Bean [io.micronaut.http.ssl.$ServerSslConfiguration$DefaultKeyConfiguration$Definition] will not be loaded due to failing conditions:
07:29:17.966 [main] DEBUG io.micronaut.context.condition.Condition -- * Required property [micronaut.server.ssl.key] with value [null] not present
07:29:17.966 [main] DEBUG io.micronaut.context.condition.Condition -- Bean [io.micronaut.http.ssl.$ClientSslConfiguration$DefaultTrustStoreConfiguration$Definition] will not be loaded due to failing conditions:
07:29:17.966 [main] DEBUG io.micronaut.context.condition.Condition -- * Required property [micronaut.http.client.ssl.trust-store] with value [null] not present
07:29:17.967 [main] DEBUG io.micronaut.context.condition.Condition -- Bean [io.micronaut.http.ssl.$ServerSslConfiguration$DefaultTrustStoreConfiguration$Definition] will not be loaded due to failing conditions:
07:29:17.967 [main] DEBUG io.micronaut.context.condition.Condition -- * Required property [micronaut.server.ssl.trust-store] with value [null] not present
07:29:17.967 [main] DEBUG io.micronaut.context.condition.Condition -- Bean [io.micronaut.http.ssl.$ClientSslConfiguration$DefaultKeyConfiguration$Definition] will not be loaded due to failing conditions:
07:29:17.967 [main] DEBUG io.micronaut.context.condition.Condition -- * Required property [micronaut.http.client.ssl.key] with value [null] not present
07:29:17.967 [main] DEBUG io.micronaut.context.condition.Condition -- Bean [io.micronaut.http.ssl.$ClientSslConfiguration$DefaultKeyStoreConfiguration$Definition] will not be loaded due to failing conditions:
07:29:17.967 [main] DEBUG io.micronaut.context.condition.Condition -- * Required property [micronaut.http.client.ssl.key-store] with value [null] not present
07:29:17.967 [main] DEBUG io.micronaut.context.condition.Condition -- Bean [io.micronaut.web.router.version.$ConfigurationDefaultVersionProvider$Definition] will not be loaded due to failing conditions:
07:29:17.967 [main] DEBUG io.micronaut.context.condition.Condition -- * Required property [micronaut.router.versioning.default-version] with value [null] not present
07:29:17.968 [main] DEBUG io.micronaut.context.condition.Condition -- Bean [io.micronaut.web.router.version.resolution.$HeaderVersionResolverConfiguration$Definition] will not be loaded due to failing conditions:
07:29:17.968 [main] DEBUG io.micronaut.context.condition.Condition -- * Required property [micronaut.router.versioning.header.enabled] with value [true] not present
07:29:17.968 [main] DEBUG io.micronaut.context.condition.Condition -- Bean [io.micronaut.web.router.version.$RoutesVersioningConfiguration$Definition] will not be loaded due to failing conditions:
07:29:17.968 [main] DEBUG io.micronaut.context.condition.Condition -- * Required property [micronaut.router.versioning.enabled] with value [true] not present
07:29:17.968 [main] DEBUG io.micronaut.context.condition.Condition -- Bean [io.micronaut.web.router.naming.$ConfigurableUriNamingStrategy$Definition] will not be loaded due to failing conditions:
07:29:17.968 [main] DEBUG io.micronaut.context.condition.Condition -- * Required property [micronaut.server.context-path] with value [null] not present
07:29:17.968 [main] DEBUG io.micronaut.context.condition.Condition -- Bean [io.micronaut.web.router.version.resolution.$ParameterVersionResolverConfiguration$Definition] will not be loaded due to failing conditions:
07:29:17.968 [main] DEBUG io.micronaut.context.condition.Condition -- * Required property [micronaut.router.versioning.parameter.enabled] with value [true] not present
07:29:17.968 [main] DEBUG io.micronaut.context.condition.Condition -- Bean [io.micronaut.http.netty.channel.converters.$EpollChannelOptionFactory$Definition] will not be loaded due to failing conditions:
07:29:17.968 [main] DEBUG io.micronaut.context.condition.Condition -- * Class [io.netty.channel.epoll.Epoll] is not present
07:29:17.969 [main] DEBUG io.micronaut.context.condition.Condition -- Bean [io.micronaut.http.netty.channel.$KQueueEventLoopGroupFactory$Definition] will not be loaded due to failing conditions:
07:29:17.969 [main] DEBUG io.micronaut.context.condition.Condition -- * Class [io.netty.channel.kqueue.KQueue] is not present
07:29:17.969 [main] DEBUG io.micronaut.context.condition.Condition -- Bean [io.micronaut.http.netty.channel.$IoUringEventLoopGroupFactory$Definition] will not be loaded due to failing conditions:
07:29:17.969 [main] DEBUG io.micronaut.context.condition.Condition -- * Class [io.netty.incubator.channel.uring.IOUring] is not present
07:29:17.969 [main] DEBUG io.micronaut.context.condition.Condition -- Bean [io.micronaut.http.netty.channel.$EpollEventLoopGroupFactory$Definition] will not be loaded due to failing conditions:
07:29:17.969 [main] DEBUG io.micronaut.context.condition.Condition -- * Class [io.netty.channel.epoll.Epoll] is not present
07:29:17.970 [main] DEBUG io.micronaut.core.reflect.ClassUtils -- Attempting to dynamically load class io.methvin.watchservice.MacOSXListeningWatchService
07:29:17.970 [main] DEBUG io.micronaut.core.reflect.ClassUtils -- Class io.methvin.watchservice.MacOSXListeningWatchService is not present
07:29:17.970 [main] DEBUG io.micronaut.context.condition.Condition -- Bean [io.micronaut.runtime.server.watch.event.$FileWatchRestartListener$Definition] will not be loaded due to failing conditions:
07:29:17.970 [main] DEBUG io.micronaut.context.condition.Condition -- * Property [micronaut.io.watch.restart] with value [false] does not equal required value: true
07:29:17.971 [main] DEBUG io.micronaut.core.reflect.ClassUtils -- Attempting to dynamically load class io.methvin.watchservice.MacOSXListeningWatchService
07:29:17.971 [main] DEBUG io.micronaut.core.reflect.ClassUtils -- Class io.methvin.watchservice.MacOSXListeningWatchService is not present
07:29:17.971 [main] DEBUG io.micronaut.context.condition.Condition -- Bean [io.micronaut.scheduling.io.watch.$WatchServiceFactory$WatchService0$Definition] will not be loaded due to failing conditions:
07:29:17.971 [main] DEBUG io.micronaut.context.condition.Condition -- * Required property [micronaut.io.watch.paths] with value [null] not present
07:29:17.971 [main] DEBUG io.micronaut.context.condition.Condition -- Bean [io.micronaut.scheduling.io.watch.$DefaultWatchThread$Definition] will not be loaded due to failing conditions:
07:29:17.971 [main] DEBUG io.micronaut.context.condition.Condition -- * Required property [micronaut.io.watch.paths] with value [null] not present
07:29:17.971 [main] DEBUG io.micronaut.context.condition.Condition -- Bean [io.micronaut.scheduling.io.watch.$FileWatchConfiguration$Definition] will not be loaded due to failing conditions:
07:29:17.971 [main] DEBUG io.micronaut.context.condition.Condition -- * Required property [micronaut.io.watch.paths] with value [null] not present
07:29:17.972 [main] DEBUG io.micronaut.context.condition.Condition -- Bean [io.micronaut.logging.impl.$Log4jLoggingSystem$Definition] will not be loaded due to failing conditions:
07:29:17.972 [main] DEBUG io.micronaut.context.condition.Condition -- * Class [org.apache.logging.log4j.core.config.Configurator] is not present
07:29:17.972 [main] DEBUG io.micronaut.context.condition.Condition -- Bean [io.micronaut.health.$HeartbeatTask$Definition] will not be loaded due to failing conditions:
07:29:17.972 [main] DEBUG io.micronaut.context.condition.Condition -- * Required property [micronaut.application.name] with value [null] not present
07:29:17.973 [main] DEBUG io.micronaut.context.condition.Condition -- Bean [io.micronaut.discovery.cloud.digitalocean.$DigitalOceanMetadataResolver$Definition] will not be loaded due to failing conditions:
07:29:17.973 [main] DEBUG io.micronaut.context.condition.Condition -- * None of the required environments [digitalocean] are active: [test]
07:29:17.973 [main] DEBUG io.micronaut.context.condition.Condition -- Bean [io.micronaut.discovery.cloud.digitalocean.$DigitalOceanMetadataConfiguration$Definition] will not be loaded due to failing conditions:
07:29:17.973 [main] DEBUG io.micronaut.context.condition.Condition -- * None of the required environments [digitalocean] are active: [test]
07:29:17.973 [main] DEBUG io.micronaut.context.condition.Condition -- Bean [io.micronaut.data.runtime.support.convert.convert.jpa.$JxAttributeConverterProvider$Definition] will not be loaded due to failing conditions:
07:29:17.973 [main] DEBUG io.micronaut.context.condition.Condition -- * Class [javax.persistence.AttributeConverter] is not present
07:29:17.974 [main] DEBUG io.micronaut.context.condition.Condition -- Bean [io.micronaut.data.runtime.multitenancy.internal.$DefaultTenantResolver$Definition] will not be loaded due to failing conditions:
07:29:17.974 [main] DEBUG io.micronaut.context.condition.Condition -- * Class [io.micronaut.multitenancy.tenantresolver.TenantResolver] is not present
07:29:17.974 [main] DEBUG io.micronaut.context.condition.Condition -- Bean [io.micronaut.transaction.kotlin.$DefaultCoroutineTransactionOperations$Definition] will not be loaded due to failing conditions:
07:29:17.974 [main] DEBUG io.micronaut.context.condition.Condition -- * Class [kotlinx.coroutines.reactor.ReactorContext] is not present
07:29:17.975 [main] DEBUG io.micronaut.context.condition.Condition -- Bean [io.micronaut.data.connection.kotlin.$DefaultCoroutineConnectionOperations$Definition] will not be loaded due to failing conditions:
07:29:17.975 [main] DEBUG io.micronaut.context.condition.Condition -- * Class [kotlinx.coroutines.reactor.ReactorContext] is not present
07:29:17.976 [main] DEBUG io.micronaut.context.condition.Condition -- Bean [io.micronaut.configuration.hibernate.jpa.conf.settings.internal.$JCacheManagerSettingSupplier$Definition] will not be loaded due to failing conditions:
07:29:17.976 [main] DEBUG io.micronaut.context.condition.Condition -- * Class [org.hibernate.cache.jcache.ConfigSettings] is not present
07:29:17.976 [main] DEBUG io.micronaut.context.condition.Condition -- Bean [io.micronaut.test.support.server.$TestEmbeddedServer$Definition] will not be loaded due to failing conditions:
07:29:17.976 [main] DEBUG io.micronaut.context.condition.Condition -- * Required property [micronaut.test.server.url] with value [null] not present
07:29:17.976 [main] DEBUG io.micronaut.context.condition.Condition -- Bean [io.micronaut.test.support.sql.$ConnectionFactoryHandler$Definition] will not be loaded due to failing conditions:
07:29:17.976 [main] DEBUG io.micronaut.context.condition.Condition -- * Class [io.r2dbc.spi.ConnectionFactory] is not present
07:29:17.976 [main] DEBUG io.micronaut.context.condition.Condition -- Bean [io.micronaut.test.support.server.$TestExecutableEmbeddedServer$Definition] will not be loaded due to failing conditions:
07:29:17.976 [main] DEBUG io.micronaut.context.condition.Condition -- * Required property [micronaut.test.server.executable] with value [null] not present
07:29:17.976 [main] DEBUG io.micronaut.context.lifecycle -- Created bean [io.micronaut.data.runtime.event.EntityEventRegistry@3a0baae5] from definition [Definition: io.micronaut.data.runtime.event.EntityEventRegistry] with qualifier [null]
07:29:17.977 [main] DEBUG io.micronaut.context.DefaultBeanContext -- Resolving beans for type: io.micronaut.data.model.runtime.PropertyAutoPopulator<java.lang.annotation.Annotation>
07:29:17.977 [main] DEBUG io.micronaut.context.DefaultBeanContext -- Finding candidate beans for type: PropertyAutoPopulator T
07:29:17.977 [main] DEBUG io.micronaut.context.DefaultBeanContext --   class io.micronaut.data.runtime.event.listeners.AutoTimestampEntityEventListener null Definition: io.micronaut.data.runtime.event.listeners.AutoTimestampEntityEventListener
07:29:17.977 [main] DEBUG io.micronaut.context.DefaultBeanContext --   class io.micronaut.data.runtime.event.listeners.VersionGeneratingEntityEventListener null Definition: io.micronaut.data.runtime.event.listeners.VersionGeneratingEntityEventListener
07:29:17.977 [main] DEBUG io.micronaut.context.DefaultBeanContext -- Finding candidate beans for type: DateTimeProvider dateTimeProvider
07:29:17.978 [main] DEBUG io.micronaut.context.DefaultBeanContext --   class io.micronaut.data.runtime.date.CurrentDateTimeProvider null Definition: io.micronaut.data.runtime.date.CurrentDateTimeProvider
07:29:17.978 [main] DEBUG io.micronaut.context.DefaultBeanContext -- Found concrete candidate [Definition: io.micronaut.data.runtime.date.CurrentDateTimeProvider] for type: dateTimeProvider 
07:29:17.978 [main] DEBUG io.micronaut.context.lifecycle -- Created bean [io.micronaut.data.runtime.date.CurrentDateTimeProvider@4c51cf28] from definition [Definition: io.micronaut.data.runtime.date.CurrentDateTimeProvider] with qualifier [null]
07:29:17.978 [main] DEBUG io.micronaut.context.DefaultBeanContext -- Finding candidate beans for type: DataConversionService conversionService
07:29:17.979 [main] DEBUG io.micronaut.context.DefaultBeanContext --   class io.micronaut.data.runtime.convert.DataConversionServiceImpl null Definition: io.micronaut.data.runtime.convert.DataConversionServiceFactory
07:29:17.979 [main] DEBUG io.micronaut.context.DefaultBeanContext -- Found concrete candidate [Definition: io.micronaut.data.runtime.convert.DataConversionServiceFactory] for type: conversionService 
07:29:17.979 [main] DEBUG io.micronaut.context.DefaultBeanContext -- Finding candidate beans for type: DataConversionServiceFactory
07:29:17.980 [main] DEBUG io.micronaut.context.DefaultBeanContext --   class io.micronaut.data.runtime.convert.DataConversionServiceFactory null Definition: io.micronaut.data.runtime.convert.DataConversionServiceFactory
07:29:17.980 [main] DEBUG io.micronaut.context.DefaultBeanContext -- Found concrete candidate [Definition: io.micronaut.data.runtime.convert.DataConversionServiceFactory] for type: dataConversionServiceFactory 
07:29:17.981 [main] DEBUG io.micronaut.context.lifecycle -- Created bean [io.micronaut.data.runtime.convert.DataConversionServiceFactory@3568f9d2] from definition [Definition: io.micronaut.data.runtime.convert.DataConversionServiceFactory] with qualifier [null]
07:29:17.996 [main] DEBUG io.micronaut.context.DefaultBeanContext -- Resolving beans for type: io.micronaut.data.runtime.convert.DataTypeConverter
07:29:17.997 [main] DEBUG io.micronaut.context.DefaultBeanContext -- Finding candidate beans for type: DataTypeConverter
07:29:17.997 [main] DEBUG io.micronaut.context.DefaultBeanContext -- No bean candidates found for type: DataTypeConverter
07:29:17.997 [main] DEBUG io.micronaut.context.DefaultBeanContext -- Resolving beans for type: io.micronaut.core.convert.TypeConverterRegistrar
07:29:17.997 [main] DEBUG io.micronaut.core.reflect.ClassUtils -- Attempting to dynamically load class io.micronaut.context.annotation.Prototype
07:29:17.998 [main] DEBUG io.micronaut.core.reflect.ClassUtils -- Successfully loaded class io.micronaut.context.annotation.Prototype
07:29:17.998 [main] DEBUG io.micronaut.context.lifecycle -- Created bean [io.micronaut.inject.provider.BeanProviderDefinition$1@74eb909f] from definition [io.micronaut.inject.provider.BeanProviderDefinition@3cd344c0] with qualifier [null]
07:29:17.998 [main] DEBUG io.micronaut.context.lifecycle -- Created bean [io.micronaut.inject.provider.BeanProviderDefinition$1@28ec166e] from definition [io.micronaut.inject.provider.BeanProviderDefinition@3cd344c0] with qualifier [null]
07:29:17.998 [main] DEBUG io.micronaut.context.lifecycle -- Created bean [io.micronaut.http.server.netty.converters.NettyConverters@2eee3069] from definition [Definition: io.micronaut.http.server.netty.converters.NettyConverters] with qualifier [null]
07:29:17.998 [main] DEBUG io.micronaut.context.DefaultBeanContext -- Found a registration BeanRegistration: io.micronaut.http.server.netty.converters.NettyConverters@2eee3069 for candidate: Definition: io.micronaut.http.server.netty.converters.NettyConverters with qualifier: null
07:29:17.998 [main] DEBUG io.micronaut.context.DefaultBeanContext -- Found a registration BeanRegistration: io.micronaut.buffer.netty.NettyByteBufferFactory@6b6776cb for candidate: Definition: io.micronaut.buffer.netty.NettyByteBufferFactory with qualifier: null
07:29:17.998 [main] DEBUG io.micronaut.core.reflect.ClassUtils -- Attempting to dynamically load class io.micronaut.context.annotation.Prototype
07:29:17.998 [main] DEBUG io.micronaut.core.reflect.ClassUtils -- Successfully loaded class io.micronaut.context.annotation.Prototype
07:29:17.998 [main] DEBUG io.micronaut.context.lifecycle -- Created bean [io.micronaut.inject.provider.BeanProviderDefinition$1@2da59753] from definition [io.micronaut.inject.provider.BeanProviderDefinition@3cd344c0] with qualifier [null]
07:29:17.998 [main] DEBUG io.micronaut.context.lifecycle -- Created bean [io.micronaut.jackson.databind.convert.JacksonConverterRegistrar@5629510] from definition [Definition: io.micronaut.jackson.databind.convert.JacksonConverterRegistrar] with qualifier [null]
07:29:17.998 [main] DEBUG io.micronaut.context.DefaultBeanContext -- Found a registration BeanRegistration: io.micronaut.jackson.databind.convert.JacksonConverterRegistrar@5629510 for candidate: Definition: io.micronaut.jackson.databind.convert.JacksonConverterRegistrar with qualifier: null
07:29:17.999 [main] DEBUG io.micronaut.core.reflect.ClassUtils -- Attempting to dynamically load class io.micronaut.context.annotation.Prototype
07:29:17.999 [main] DEBUG io.micronaut.core.reflect.ClassUtils -- Successfully loaded class io.micronaut.context.annotation.Prototype
07:29:17.999 [main] DEBUG io.micronaut.context.lifecycle -- Created bean [io.micronaut.inject.provider.BeanProviderDefinition$1@4df5bcb4] from definition [io.micronaut.inject.provider.BeanProviderDefinition@3cd344c0] with qualifier [null]
07:29:17.999 [main] DEBUG io.micronaut.context.lifecycle -- Created bean [io.micronaut.inject.provider.BeanProviderDefinition$1@12c7a01b] from definition [io.micronaut.inject.provider.BeanProviderDefinition@3cd344c0] with qualifier [null]
07:29:17.999 [main] DEBUG io.micronaut.context.lifecycle -- Created bean [io.micronaut.json.convert.JsonConverterRegistrar@13d9b21f] from definition [Definition: io.micronaut.json.convert.JsonConverterRegistrar] with qualifier [null]
07:29:17.999 [main] DEBUG io.micronaut.context.DefaultBeanContext -- Found a registration BeanRegistration: io.micronaut.json.convert.JsonConverterRegistrar@13d9b21f for candidate: Definition: io.micronaut.json.convert.JsonConverterRegistrar with qualifier: null
07:29:17.999 [main] DEBUG io.micronaut.core.reflect.ClassUtils -- Attempting to dynamically load class io.micronaut.context.annotation.Prototype
07:29:17.999 [main] DEBUG io.micronaut.core.reflect.ClassUtils -- Successfully loaded class io.micronaut.context.annotation.Prototype
07:29:17.999 [main] DEBUG io.micronaut.context.lifecycle -- Created bean [io.micronaut.inject.provider.BeanProviderDefinition$1@2826f61] from definition [io.micronaut.inject.provider.BeanProviderDefinition@3cd344c0] with qualifier [null]
07:29:17.999 [main] DEBUG io.micronaut.context.lifecycle -- Created bean [io.micronaut.http.converters.HttpConverterRegistrar@62727399] from definition [Definition: io.micronaut.http.converters.HttpConverterRegistrar] with qualifier [null]
07:29:17.999 [main] DEBUG io.micronaut.context.DefaultBeanContext -- Found a registration BeanRegistration: io.micronaut.http.converters.HttpConverterRegistrar@62727399 for candidate: Definition: io.micronaut.http.converters.HttpConverterRegistrar with qualifier: null
07:29:17.999 [main] DEBUG io.micronaut.context.DefaultBeanContext -- Found 5 bean registrations for type [typeConverterRegistrar]
07:29:17.999 [main] DEBUG io.micronaut.context.DefaultBeanContext --   Definition: io.micronaut.jackson.databind.convert.JacksonConverterRegistrar null
07:29:17.999 [main] DEBUG io.micronaut.context.DefaultBeanContext --   Definition: io.micronaut.json.convert.JsonConverterRegistrar null
07:29:18.000 [main] DEBUG io.micronaut.context.DefaultBeanContext --   Definition: io.micronaut.http.converters.HttpConverterRegistrar null
07:29:18.000 [main] DEBUG io.micronaut.context.DefaultBeanContext --   Definition: io.micronaut.buffer.netty.NettyByteBufferFactory null
07:29:18.000 [main] DEBUG io.micronaut.context.DefaultBeanContext --   Definition: io.micronaut.http.server.netty.converters.NettyConverters null
07:29:18.001 [main] DEBUG io.micronaut.context.lifecycle -- Created bean [io.micronaut.data.runtime.convert.DataConversionServiceImpl@737a135b] from definition [Definition: io.micronaut.data.runtime.convert.DataConversionServiceFactory] with qualifier [null]
07:29:18.002 [main] DEBUG io.micronaut.context.lifecycle -- Created bean [io.micronaut.data.runtime.event.listeners.AutoTimestampEntityEventListener@687ef2e0] from definition [Definition: io.micronaut.data.runtime.event.listeners.AutoTimestampEntityEventListener] with qualifier [null]
07:29:18.002 [main] DEBUG io.micronaut.context.DefaultBeanContext -- Found a registration BeanRegistration: io.micronaut.data.runtime.event.listeners.AutoTimestampEntityEventListener@687ef2e0 for candidate: Definition: io.micronaut.data.runtime.event.listeners.AutoTimestampEntityEventListener with qualifier: null
07:29:18.002 [main] DEBUG io.micronaut.context.lifecycle -- Created bean [io.micronaut.data.runtime.event.listeners.VersionGeneratingEntityEventListener@3da05287] from definition [Definition: io.micronaut.data.runtime.event.listeners.VersionGeneratingEntityEventListener] with qualifier [null]
07:29:18.002 [main] DEBUG io.micronaut.context.DefaultBeanContext -- Found a registration BeanRegistration: io.micronaut.data.runtime.event.listeners.VersionGeneratingEntityEventListener@3da05287 for candidate: Definition: io.micronaut.data.runtime.event.listeners.VersionGeneratingEntityEventListener with qualifier: null
07:29:18.002 [main] DEBUG io.micronaut.context.DefaultBeanContext -- Finding candidate beans for type: AttributeConverterRegistry attributeConverterRegistry
07:29:18.003 [main] DEBUG io.micronaut.context.DefaultBeanContext --   class io.micronaut.data.runtime.support.convert.DefaultAttributeConverterRegistry null Definition: io.micronaut.data.runtime.support.convert.DefaultAttributeConverterRegistry
07:29:18.003 [main] DEBUG io.micronaut.context.DefaultBeanContext -- Found concrete candidate [Definition: io.micronaut.data.runtime.support.convert.DefaultAttributeConverterRegistry] for type: attributeConverterRegistry 
07:29:18.003 [main] DEBUG io.micronaut.context.DefaultBeanContext -- Resolving beans for type: io.micronaut.data.runtime.support.convert.AttributeConverterProvider
07:29:18.003 [main] DEBUG io.micronaut.context.DefaultBeanContext -- Finding candidate beans for type: AttributeConverterProvider E
07:29:18.004 [main] DEBUG io.micronaut.context.DefaultBeanContext --   class io.micronaut.data.runtime.support.convert.convert.jpa.JakartaAttributeConverterProvider null Definition: io.micronaut.data.runtime.support.convert.convert.jpa.JakartaAttributeConverterProvider
07:29:18.004 [main] DEBUG io.micronaut.context.lifecycle -- Created bean [io.micronaut.data.runtime.support.convert.convert.jpa.JakartaAttributeConverterProvider@635572a7] from definition [Definition: io.micronaut.data.runtime.support.convert.convert.jpa.JakartaAttributeConverterProvider] with qualifier [null]
07:29:18.004 [main] DEBUG io.micronaut.context.DefaultBeanContext -- Found a registration BeanRegistration: io.micronaut.data.runtime.support.convert.convert.jpa.JakartaAttributeConverterProvider@635572a7 for candidate: Definition: io.micronaut.data.runtime.support.convert.convert.jpa.JakartaAttributeConverterProvider with qualifier: null
[...]
07:29:20.737 [default-nioEventLoopGroup-1-3] DEBUG org.hibernate.resource.jdbc.internal.LogicalConnectionManagedImpl -- Initiating JDBC connection release from afterTransaction
07:29:20.752 [default-nioEventLoopGroup-1-3] DEBUG io.micronaut.context.DefaultBeanContext -- Resolving beans for type: <HttpRequestTerminatedEvent> io.micronaut.context.event.ApplicationEventListener 
07:29:20.753 [default-nioEventLoopGroup-1-3] DEBUG io.micronaut.context.lifecycle -- Created bean [io.micronaut.runtime.http.scope.RequestCustomScope@4f9a2aa8] from definition [Definition: io.micronaut.runtime.http.scope.RequestCustomScope] with qualifier [null]
07:29:20.753 [default-nioEventLoopGroup-1-3] DEBUG io.micronaut.context.DefaultBeanContext -- Found a registration BeanRegistration: io.micronaut.runtime.http.scope.RequestCustomScope@4f9a2aa8 for candidate: Definition: io.micronaut.runtime.http.scope.RequestCustomScope with qualifier: <HttpRequestTerminatedEvent>
07:29:20.753 [default-nioEventLoopGroup-1-3] DEBUG io.micronaut.context.event.ApplicationEventPublisher -- Publishing event: io.micronaut.http.context.event.HttpRequestTerminatedEvent[source=POST /reviews]
07:29:20.753 [default-nioEventLoopGroup-1-3] DEBUG io.micronaut.http.server.netty.RoutingInBoundHandler -- Response 200 - POST /reviews
07:29:20.767 [main] DEBUG io.micronaut.http.client.netty.DefaultHttpClient -- Sending HTTP GET to http://localhost:38291/reviews
07:29:20.769 [default-nioEventLoopGroup-1-3] DEBUG io.micronaut.http.server.netty.NettyRequestLifecycle -- Request GET /reviews
07:29:20.773 [default-nioEventLoopGroup-1-3] DEBUG org.hibernate.jpa.internal.util.FlushModeTypeHelper -- Interpreting Hibernate FlushMode#MANUAL to JPA FlushModeType#COMMIT; may cause problems if relying on FlushMode#MANUAL-specific behavior
07:29:20.773 [default-nioEventLoopGroup-1-3] DEBUG io.micronaut.transaction.hibernate.HibernateTransactionManager -- Not preparing JDBC Connection of Hibernate Session [SessionImpl(1101504985<open>)]
07:29:20.773 [default-nioEventLoopGroup-1-3] DEBUG org.hibernate.engine.transaction.internal.TransactionImpl -- On TransactionImpl creation, JpaCompliance#isJpaTransactionComplianceEnabled == false
07:29:20.773 [default-nioEventLoopGroup-1-3] DEBUG org.hibernate.engine.transaction.internal.TransactionImpl -- begin
07:29:20.773 [default-nioEventLoopGroup-1-3] DEBUG org.hibernate.orm.query.hql -- HQL : SELECT review_ FROM com.example.shopservice.entity.Review AS review_
07:29:20.774 [default-nioEventLoopGroup-1-3] DEBUG org.hibernate.orm.query.sqm.ast -- SqmStatement Tree :
    -> [select]
      -> [query-spec]
        -> [select]
          -> [selection]
            -> [root] - `com.example.shopservice.entity.Review(review_)`
            <- [root] - `com.example.shopservice.entity.Review(review_)`
          <- [selection]
        <- [select]
        -> [from]
          -> [root] - `com.example.shopservice.entity.Review(review_)`
          <- [root] - `com.example.shopservice.entity.Review(review_)`
        <- [from]
      <- [query-spec]
    <- [select]

07:29:20.774 [default-nioEventLoopGroup-1-3] DEBUG org.hibernate.orm.sql.ast.create -- Created new SQL alias : r1_0
07:29:20.774 [default-nioEventLoopGroup-1-3] DEBUG org.hibernate.orm.sql.ast.create -- Registration of TableGroup [StandardTableGroup(com.example.shopservice.entity.Review(review_))] with identifierForTableGroup [com.example.shopservice.entity.Review] for NavigablePath [com.example.shopservice.entity.Review] 
07:29:20.774 [default-nioEventLoopGroup-1-3] DEBUG org.hibernate.orm.sql.ast.create -- Registration of TableGroup [org.hibernate.sql.ast.tree.from.LazyTableGroup@7fb8882a] with identifierForTableGroup [com.example.shopservice.entity.Review.product] for NavigablePath [com.example.shopservice.entity.Review.product] 
07:29:20.775 [default-nioEventLoopGroup-1-3] DEBUG org.hibernate.orm.sql.ast.create -- Registration of TableGroup [org.hibernate.sql.ast.tree.from.LazyTableGroup@7abcf69c] with identifierForTableGroup [com.example.shopservice.entity.Review.user] for NavigablePath [com.example.shopservice.entity.Review.user] 
07:29:20.775 [default-nioEventLoopGroup-1-3] DEBUG org.hibernate.orm.results.graph.AST -- DomainResult Graph:
 \-EntityResultImpl [com.example.shopservice.entity.Review(review_)]
 |  +-BasicFetch [com.example.shopservice.entity.Review(review_).comment]
 |  +-EntityFetchSelectImpl [com.example.shopservice.entity.Review(review_).product]
 |  +-BasicFetch [com.example.shopservice.entity.Review(review_).rating]
 |  \-EntityFetchSelectImpl [com.example.shopservice.entity.Review(review_).user]

07:29:20.775 [default-nioEventLoopGroup-1-3] DEBUG org.hibernate.orm.sql.ast.tree -- SQL AST Tree:
    SelectStatement {
      FromClause {
        StandardTableGroup (r1 : com.example.shopservice.entity.Review(review_)) {
          primaryTableReference : reviews as r1_0
          TableGroupJoins {
            left  join LazyTableGroup (p1 : com.example.shopservice.entity.Review(review_).product) {
            }
            left  join LazyTableGroup (u1 : com.example.shopservice.entity.Review(review_).user) {
            }
          }
        }
      }
    }

07:29:20.775 [default-nioEventLoopGroup-1-3] DEBUG org.hibernate.orm.sql.exec -- Skipping reading Query result cache data: cache-enabled = false, cache-mode = NORMAL
07:29:20.778 [default-nioEventLoopGroup-1-3] DEBUG org.hibernate.orm.results -- Initializer list:
	  com.example.shopservice.entity.Review(review_).user -> EntitySelectFetchInitializer(com.example.shopservice.entity.Review(review_).user)@1209879720 (ToOneAttributeMapping(NavigableRole[com.example.shopservice.entity.Review.user])@620115193)
	  com.example.shopservice.entity.Review(review_).product -> EntitySelectFetchInitializer(com.example.shopservice.entity.Review(review_).product)@2064502410 (ToOneAttributeMapping(NavigableRole[com.example.shopservice.entity.Review.product])@1062830403)
	  com.example.shopservice.entity.Review(review_) -> EntityResultInitializer(com.example.shopservice.entity.Review(review_))@486797836 (SingleTableEntityPersister(com.example.shopservice.entity.Review))

07:29:20.778 [default-nioEventLoopGroup-1-3] DEBUG org.hibernate.SQL -- select r1_0.id,r1_0.comment,r1_0.product_id,r1_0.rating,r1_0.user_id from reviews r1_0 fetch first ? rows only
07:29:20.779 [default-nioEventLoopGroup-1-3] DEBUG org.hibernate.orm.results -- Extracted JDBC value [0] - [1]
07:29:20.779 [default-nioEventLoopGroup-1-3] DEBUG org.hibernate.orm.results.loading.entity -- (EntityResultInitializer) Hydrated EntityKey (com.example.shopservice.entity.Review(review_)): 1
07:29:20.779 [default-nioEventLoopGroup-1-3] DEBUG org.hibernate.orm.results.loading.entity -- (EntityResultInitializer) Created new entity instance [com.example.shopservice.entity.Review(review_)#1] : 1854628826
07:29:20.779 [default-nioEventLoopGroup-1-3] DEBUG org.hibernate.orm.results -- Extracted JDBC value [2] - [1]
07:29:20.779 [default-nioEventLoopGroup-1-3] DEBUG org.hibernate.orm.results -- Extracted JDBC value [4] - [1]
07:29:20.779 [default-nioEventLoopGroup-1-3] DEBUG org.hibernate.orm.results.loading.entity -- (EntitySelectFetchInitializer) Invoking session#internalLoad for entity (com.example.shopservice.entity.Review(review_).product#1) : 1
07:29:20.781 [default-nioEventLoopGroup-1-3] DEBUG org.hibernate.orm.sql.exec -- Skipping reading Query result cache data: cache-enabled = false, cache-mode = IGNORE
07:29:20.782 [default-nioEventLoopGroup-1-3] DEBUG org.hibernate.orm.results -- Initializer list:
	  com.example.shopservice.entity.Product -> EntityResultInitializer(com.example.shopservice.entity.Product)@1369232305 (SingleTableEntityPersister(com.example.shopservice.entity.Product))

07:29:20.782 [default-nioEventLoopGroup-1-3] DEBUG org.hibernate.SQL -- select p1_0.id,p1_0.name,p1_0.price from products p1_0 where p1_0.id=?
07:29:20.782 [default-nioEventLoopGroup-1-3] DEBUG org.hibernate.orm.results.loading.entity -- (EntityResultInitializer) Hydrated EntityKey (com.example.shopservice.entity.Product): 1
07:29:20.782 [default-nioEventLoopGroup-1-3] DEBUG org.hibernate.orm.results.loading.entity -- (EntityResultInitializer) Created new entity instance [com.example.shopservice.entity.Product#1] : 854053833
07:29:20.782 [default-nioEventLoopGroup-1-3] DEBUG org.hibernate.orm.results -- Extracted JDBC value [1] - [SuperToy]
07:29:20.782 [default-nioEventLoopGroup-1-3] DEBUG org.hibernate.orm.results -- Extracted JDBC value [2] - [99.99]
07:29:20.782 [default-nioEventLoopGroup-1-3] DEBUG org.hibernate.orm.results.loading.entity -- (EntityResultInitializer) Done materializing entityInstance : com.example.shopservice.entity.Product#1
07:29:20.782 [default-nioEventLoopGroup-1-3] DEBUG org.hibernate.orm.results.loading -- Calling top-level assembler (0 / 1) : org.hibernate.sql.results.graph.entity.internal.EntityAssembler@5d19f7f
07:29:20.783 [default-nioEventLoopGroup-1-3] DEBUG io.micronaut.core.beans.DefaultBeanIntrospector -- Found BeanIntrospection for type: class com.example.shopservice.entity.Product,
07:29:20.783 [default-nioEventLoopGroup-1-3] DEBUG org.hibernate.orm.results.loading.entity -- (EntitySelectFetchInitializer) Entity [com.example.shopservice.entity.Review(review_).product#1] : 1 has being loaded by session.internalLoad.
07:29:20.783 [default-nioEventLoopGroup-1-3] DEBUG org.hibernate.orm.results.loading.entity -- (EntitySelectFetchInitializer) Invoking session#internalLoad for entity (com.example.shopservice.entity.Review(review_).user#1) : 1
07:29:20.783 [default-nioEventLoopGroup-1-3] DEBUG org.hibernate.orm.sql.exec -- Skipping reading Query result cache data: cache-enabled = false, cache-mode = IGNORE
07:29:20.783 [default-nioEventLoopGroup-1-3] DEBUG org.hibernate.orm.results -- Initializer list:
	  com.example.shopservice.entity.User -> EntityResultInitializer(com.example.shopservice.entity.User)@162254843 (SingleTableEntityPersister(com.example.shopservice.entity.User))

07:29:20.783 [default-nioEventLoopGroup-1-3] DEBUG org.hibernate.SQL -- select u1_0.id,u1_0.email,u1_0.username from users u1_0 where u1_0.id=?
07:29:20.783 [default-nioEventLoopGroup-1-3] DEBUG org.hibernate.orm.results.loading.entity -- (EntityResultInitializer) Hydrated EntityKey (com.example.shopservice.entity.User): 1
07:29:20.783 [default-nioEventLoopGroup-1-3] DEBUG org.hibernate.orm.results.loading.entity -- (EntityResultInitializer) Created new entity instance [com.example.shopservice.entity.User#1] : 1370518782
07:29:20.783 [default-nioEventLoopGroup-1-3] DEBUG org.hibernate.orm.results -- Extracted JDBC value [1] - [bob@example.com]
07:29:20.783 [default-nioEventLoopGroup-1-3] DEBUG org.hibernate.orm.results -- Extracted JDBC value [2] - [bob]
07:29:20.784 [default-nioEventLoopGroup-1-3] DEBUG org.hibernate.orm.results.loading.entity -- (EntityResultInitializer) Done materializing entityInstance : com.example.shopservice.entity.User#1
07:29:20.784 [default-nioEventLoopGroup-1-3] DEBUG org.hibernate.orm.results.loading -- Calling top-level assembler (0 / 1) : org.hibernate.sql.results.graph.entity.internal.EntityAssembler@633ad24
07:29:20.784 [default-nioEventLoopGroup-1-3] DEBUG io.micronaut.core.beans.DefaultBeanIntrospector -- Found BeanIntrospection for type: class com.example.shopservice.entity.User,
07:29:20.784 [default-nioEventLoopGroup-1-3] DEBUG org.hibernate.orm.results.loading.entity -- (EntitySelectFetchInitializer) Entity [com.example.shopservice.entity.Review(review_).user#1] : 1 has being loaded by session.internalLoad.
07:29:20.784 [default-nioEventLoopGroup-1-3] DEBUG org.hibernate.orm.results -- Extracted JDBC value [1] - [Awesome!]
07:29:20.784 [default-nioEventLoopGroup-1-3] DEBUG org.hibernate.orm.results -- Extracted JDBC value [3] - [5]
07:29:20.784 [default-nioEventLoopGroup-1-3] DEBUG org.hibernate.orm.results.loading.entity -- (EntityResultInitializer) Done materializing entityInstance : com.example.shopservice.entity.Review(review_)#1
07:29:20.784 [default-nioEventLoopGroup-1-3] DEBUG org.hibernate.orm.results.loading -- Calling top-level assembler (0 / 1) : org.hibernate.sql.results.graph.entity.internal.EntityAssembler@64661052
07:29:20.784 [default-nioEventLoopGroup-1-3] DEBUG io.micronaut.core.beans.DefaultBeanIntrospector -- Found BeanIntrospection for type: class com.example.shopservice.entity.Review,
07:29:20.784 [default-nioEventLoopGroup-1-3] DEBUG io.micronaut.transaction.hibernate.HibernateTransactionManager -- Committing Hibernate transaction on Session [SessionImpl(1101504985<open>)]
07:29:20.784 [default-nioEventLoopGroup-1-3] DEBUG org.hibernate.engine.transaction.internal.TransactionImpl -- committing
07:29:20.784 [default-nioEventLoopGroup-1-3] DEBUG org.hibernate.event.internal.AbstractFlushingEventListener -- Processing flush-time cascades
07:29:20.784 [default-nioEventLoopGroup-1-3] DEBUG org.hibernate.event.internal.AbstractFlushingEventListener -- Dirty checking collections
07:29:20.784 [default-nioEventLoopGroup-1-3] DEBUG org.hibernate.event.internal.AbstractFlushingEventListener -- Flushed: 0 insertions, 0 updates, 0 deletions to 3 objects
07:29:20.784 [default-nioEventLoopGroup-1-3] DEBUG org.hibernate.event.internal.AbstractFlushingEventListener -- Flushed: 0 (re)creations, 0 updates, 0 removals to 0 collections
07:29:20.784 [default-nioEventLoopGroup-1-3] DEBUG org.hibernate.internal.util.EntityPrinter -- Listing entities:
07:29:20.784 [default-nioEventLoopGroup-1-3] DEBUG org.hibernate.internal.util.EntityPrinter -- com.example.shopservice.entity.Review{product=com.example.shopservice.entity.Product#1, rating=5, comment=Awesome!, id=1, user=com.example.shopservice.entity.User#1}
07:29:20.784 [default-nioEventLoopGroup-1-3] DEBUG org.hibernate.internal.util.EntityPrinter -- com.example.shopservice.entity.User{id=1, email=bob@example.com, username=bob}
07:29:20.784 [default-nioEventLoopGroup-1-3] DEBUG org.hibernate.internal.util.EntityPrinter -- com.example.shopservice.entity.Product{price=99.99, name=SuperToy, id=1}
07:29:20.784 [default-nioEventLoopGroup-1-3] DEBUG org.hibernate.resource.jdbc.internal.LogicalConnectionManagedImpl -- Initiating JDBC connection release from afterTransaction
07:29:20.784 [default-nioEventLoopGroup-1-3] DEBUG org.hibernate.resource.jdbc.internal.LogicalConnectionManagedImpl -- Initiating JDBC connection release from afterTransaction
07:29:20.785 [default-nioEventLoopGroup-1-3] DEBUG org.hibernate.jpa.internal.util.FlushModeTypeHelper -- Interpreting Hibernate FlushMode#MANUAL to JPA FlushModeType#COMMIT; may cause problems if relying on FlushMode#MANUAL-specific behavior
07:29:20.785 [default-nioEventLoopGroup-1-3] DEBUG io.micronaut.transaction.hibernate.HibernateTransactionManager -- Not preparing JDBC Connection of Hibernate Session [SessionImpl(631442088<open>)]
07:29:20.785 [default-nioEventLoopGroup-1-3] DEBUG org.hibernate.engine.transaction.internal.TransactionImpl -- On TransactionImpl creation, JpaCompliance#isJpaTransactionComplianceEnabled == false
07:29:20.785 [default-nioEventLoopGroup-1-3] DEBUG org.hibernate.engine.transaction.internal.TransactionImpl -- begin
07:29:20.785 [default-nioEventLoopGroup-1-3] DEBUG org.hibernate.orm.query.hql -- HQL : SELECT COUNT(review_) FROM com.example.shopservice.entity.Review AS review_
07:29:20.793 [default-nioEventLoopGroup-1-3] DEBUG org.hibernate.orm.query.hql.reservedWordAsIdentifier -- Encountered use of reserved word as identifier : (
07:29:20.801 [default-nioEventLoopGroup-1-3] DEBUG org.hibernate.orm.query.sqm.ast -- SqmStatement Tree :
    -> [select]
      -> [query-spec]
        -> [select]
          -> [selection]
          <- [selection]
        <- [select]
        -> [from]
          -> [root] - `com.example.shopservice.entity.Review(review_)`
          <- [root] - `com.example.shopservice.entity.Review(review_)`
        <- [from]
      <- [query-spec]
    <- [select]

07:29:20.802 [default-nioEventLoopGroup-1-3] DEBUG org.hibernate.orm.sql.ast.create -- Created new SQL alias : r1_0
07:29:20.802 [default-nioEventLoopGroup-1-3] DEBUG org.hibernate.orm.sql.ast.create -- Registration of TableGroup [StandardTableGroup(com.example.shopservice.entity.Review(review_))] with identifierForTableGroup [com.example.shopservice.entity.Review] for NavigablePath [com.example.shopservice.entity.Review] 
07:29:20.803 [default-nioEventLoopGroup-1-3] DEBUG org.hibernate.orm.results.graph.AST -- DomainResult Graph:
 \-BasicResult

07:29:20.803 [default-nioEventLoopGroup-1-3] DEBUG org.hibernate.orm.sql.ast.tree -- SQL AST Tree:
    SelectStatement {
      FromClause {
        StandardTableGroup (r1 : com.example.shopservice.entity.Review(review_)) {
          primaryTableReference : reviews as r1_0
        }
      }
    }

07:29:20.804 [default-nioEventLoopGroup-1-3] DEBUG org.hibernate.orm.sql.exec -- Skipping reading Query result cache data: cache-enabled = false, cache-mode = NORMAL
07:29:20.804 [default-nioEventLoopGroup-1-3] DEBUG org.hibernate.orm.results -- Initializer list is empty
07:29:20.804 [default-nioEventLoopGroup-1-3] DEBUG org.hibernate.SQL -- select count(r1_0.id) from reviews r1_0 fetch first ? rows only
07:29:20.805 [default-nioEventLoopGroup-1-3] DEBUG org.hibernate.orm.results.loading -- Calling top-level assembler (0 / 1) : org.hibernate.sql.results.graph.basic.BasicResultAssembler@79704e7d
07:29:20.805 [default-nioEventLoopGroup-1-3] DEBUG org.hibernate.orm.results -- Extracted JDBC value [0] - [1]
07:29:20.805 [default-nioEventLoopGroup-1-3] DEBUG io.micronaut.transaction.hibernate.HibernateTransactionManager -- Committing Hibernate transaction on Session [SessionImpl(631442088<open>)]
07:29:20.805 [default-nioEventLoopGroup-1-3] DEBUG org.hibernate.engine.transaction.internal.TransactionImpl -- committing
07:29:20.805 [default-nioEventLoopGroup-1-3] DEBUG org.hibernate.resource.jdbc.internal.LogicalConnectionManagedImpl -- Initiating JDBC connection release from afterTransaction
07:29:20.805 [default-nioEventLoopGroup-1-3] DEBUG org.hibernate.resource.jdbc.internal.LogicalConnectionManagedImpl -- Initiating JDBC connection release from afterTransaction
07:29:20.808 [default-nioEventLoopGroup-1-3] DEBUG io.micronaut.core.beans.DefaultBeanIntrospector -- Found BeanIntrospection for type: class io.micronaut.data.model.DefaultPageable,
07:29:20.808 [default-nioEventLoopGroup-1-3] DEBUG io.micronaut.jackson.modules.BeanIntrospectionModule -- Updating 3 properties with BeanIntrospection data for type: class io.micronaut.data.model.DefaultPageable
07:29:20.809 [default-nioEventLoopGroup-1-3] DEBUG io.micronaut.core.beans.DefaultBeanIntrospector -- Found BeanIntrospection for type: class io.micronaut.data.model.DefaultSort,
07:29:20.810 [default-nioEventLoopGroup-1-3] DEBUG io.micronaut.jackson.modules.BeanIntrospectionModule -- Updating 1 properties with BeanIntrospection data for type: class io.micronaut.data.model.DefaultSort
07:29:20.811 [default-nioEventLoopGroup-1-3] DEBUG io.micronaut.context.event.ApplicationEventPublisher -- Publishing event: io.micronaut.http.context.event.HttpRequestTerminatedEvent[source=GET /reviews]
07:29:20.811 [default-nioEventLoopGroup-1-3] DEBUG io.micronaut.http.server.netty.RoutingInBoundHandler -- Response 200 - GET /reviews
07:29:20.812 [main] DEBUG io.micronaut.transaction.hibernate.HibernateTransactionManager -- Rolling back Hibernate transaction on Session [SessionImpl(555334025<open>)]
07:29:20.812 [main] DEBUG org.hibernate.engine.transaction.internal.TransactionImpl -- rolling back
07:29:20.813 [main] DEBUG org.hibernate.resource.jdbc.internal.LogicalConnectionManagedImpl -- Initiating JDBC connection release from afterTransaction
07:29:20.813 [main] DEBUG org.hibernate.resource.jdbc.internal.LogicalConnectionManagedImpl -- Initiating JDBC connection release from afterTransaction
]]></system-out>
  </testcase>
</testsuite>